{"C:\\Users\\admin\\Desktop\\SwazSolutions\\backend\\routes\\ai-bio.js": {"path":"C:\\Users\\admin\\Desktop\\SwazSolutions\\backend\\routes\\ai-bio.js","statementMap":{"0":{"start":{"line":6,"column":16},"end":{"line":6,"column":34}},"1":{"start":{"line":7,"column":15},"end":{"line":7,"column":31}},"2":{"start":{"line":8,"column":30},"end":{"line":8,"column":59}},"3":{"start":{"line":9,"column":18},"end":{"line":9,"column":47}},"4":{"start":{"line":10,"column":31},"end":{"line":10,"column":63}},"5":{"start":{"line":14,"column":21},"end":{"line":41,"column":2}},"6":{"start":{"line":29,"column":4},"end":{"line":29,"column":46}},"7":{"start":{"line":32,"column":4},"end":{"line":32,"column":82}},"8":{"start":{"line":33,"column":4},"end":{"line":39,"column":7}},"9":{"start":{"line":44,"column":26},"end":{"line":65,"column":1}},"10":{"start":{"line":81,"column":0},"end":{"line":237,"column":3}},"11":{"start":{"line":82,"column":2},"end":{"line":236,"column":3}},"12":{"start":{"line":83,"column":15},"end":{"line":83,"column":44}},"13":{"start":{"line":84,"column":50},"end":{"line":84,"column":58}},"14":{"start":{"line":87,"column":4},"end":{"line":92,"column":5}},"15":{"start":{"line":88,"column":6},"end":{"line":91,"column":9}},"16":{"start":{"line":95,"column":20},"end":{"line":95,"column":91}},"17":{"start":{"line":97,"column":4},"end":{"line":99,"column":5}},"18":{"start":{"line":98,"column":6},"end":{"line":98,"column":66}},"19":{"start":{"line":102,"column":23},"end":{"line":102,"column":118}},"20":{"start":{"line":103,"column":29},"end":{"line":103,"column":87}},"21":{"start":{"line":104,"column":28},"end":{"line":104,"column":43}},"22":{"start":{"line":107,"column":25},"end":{"line":107,"column":27}},"23":{"start":{"line":108,"column":4},"end":{"line":108,"column":63}},"24":{"start":{"line":108,"column":21},"end":{"line":108,"column":62}},"25":{"start":{"line":109,"column":4},"end":{"line":109,"column":81}},"26":{"start":{"line":109,"column":27},"end":{"line":109,"column":80}},"27":{"start":{"line":110,"column":4},"end":{"line":110,"column":78}},"28":{"start":{"line":110,"column":26},"end":{"line":110,"column":77}},"29":{"start":{"line":112,"column":26},"end":{"line":112,"column":49}},"30":{"start":{"line":114,"column":4},"end":{"line":119,"column":5}},"31":{"start":{"line":115,"column":6},"end":{"line":118,"column":9}},"32":{"start":{"line":122,"column":19},"end":{"line":122,"column":80}},"33":{"start":{"line":124,"column":4},"end":{"line":129,"column":5}},"34":{"start":{"line":125,"column":6},"end":{"line":128,"column":9}},"35":{"start":{"line":132,"column":18},"end":{"line":132,"column":48}},"36":{"start":{"line":133,"column":18},"end":{"line":140,"column":6}},"37":{"start":{"line":143,"column":23},"end":{"line":143,"column":46}},"38":{"start":{"line":144,"column":23},"end":{"line":158,"column":257}},"39":{"start":{"line":161,"column":4},"end":{"line":161,"column":71}},"40":{"start":{"line":163,"column":19},"end":{"line":167,"column":6}},"41":{"start":{"line":169,"column":25},"end":{"line":169,"column":47}},"42":{"start":{"line":172,"column":15},"end":{"line":172,"column":93}},"43":{"start":{"line":172,"column":52},"end":{"line":172,"column":62}},"44":{"start":{"line":172,"column":78},"end":{"line":172,"column":92}},"45":{"start":{"line":175,"column":4},"end":{"line":177,"column":5}},"46":{"start":{"line":176,"column":6},"end":{"line":176,"column":54}},"47":{"start":{"line":180,"column":4},"end":{"line":186,"column":5}},"48":{"start":{"line":181,"column":6},"end":{"line":181,"column":73}},"49":{"start":{"line":184,"column":11},"end":{"line":186,"column":5}},"50":{"start":{"line":185,"column":6},"end":{"line":185,"column":30}},"51":{"start":{"line":189,"column":4},"end":{"line":197,"column":7}},"52":{"start":{"line":190,"column":6},"end":{"line":195,"column":7}},"53":{"start":{"line":192,"column":26},"end":{"line":192,"column":47}},"54":{"start":{"line":193,"column":26},"end":{"line":193,"column":52}},"55":{"start":{"line":194,"column":8},"end":{"line":194,"column":95}},"56":{"start":{"line":196,"column":6},"end":{"line":196,"column":17}},"57":{"start":{"line":200,"column":4},"end":{"line":200,"column":48}},"58":{"start":{"line":200,"column":30},"end":{"line":200,"column":46}},"59":{"start":{"line":202,"column":4},"end":{"line":204,"column":5}},"60":{"start":{"line":203,"column":6},"end":{"line":203,"column":73}},"61":{"start":{"line":206,"column":4},"end":{"line":206,"column":84}},"62":{"start":{"line":208,"column":4},"end":{"line":212,"column":7}},"63":{"start":{"line":215,"column":4},"end":{"line":215,"column":53}},"64":{"start":{"line":218,"column":4},"end":{"line":223,"column":5}},"65":{"start":{"line":219,"column":6},"end":{"line":222,"column":9}},"66":{"start":{"line":225,"column":4},"end":{"line":230,"column":5}},"67":{"start":{"line":226,"column":6},"end":{"line":229,"column":9}},"68":{"start":{"line":232,"column":4},"end":{"line":235,"column":7}},"69":{"start":{"line":239,"column":0},"end":{"line":239,"column":24}}},"fnMap":{"0":{"name":"(anonymous_0)","decl":{"start":{"line":27,"column":16},"end":{"line":27,"column":17}},"loc":{"start":{"line":27,"column":25},"end":{"line":30,"column":3}},"line":27},"1":{"name":"(anonymous_1)","decl":{"start":{"line":31,"column":11},"end":{"line":31,"column":12}},"loc":{"start":{"line":31,"column":25},"end":{"line":40,"column":3}},"line":31},"2":{"name":"(anonymous_2)","decl":{"start":{"line":81,"column":65},"end":{"line":81,"column":66}},"loc":{"start":{"line":81,"column":85},"end":{"line":237,"column":1}},"line":81},"3":{"name":"(anonymous_3)","decl":{"start":{"line":172,"column":45},"end":{"line":172,"column":46}},"loc":{"start":{"line":172,"column":52},"end":{"line":172,"column":62}},"line":172},"4":{"name":"(anonymous_4)","decl":{"start":{"line":172,"column":71},"end":{"line":172,"column":72}},"loc":{"start":{"line":172,"column":78},"end":{"line":172,"column":92}},"line":172},"5":{"name":"(anonymous_5)","decl":{"start":{"line":189,"column":20},"end":{"line":189,"column":21}},"loc":{"start":{"line":189,"column":27},"end":{"line":197,"column":5}},"line":189},"6":{"name":"(anonymous_6)","decl":{"start":{"line":200,"column":23},"end":{"line":200,"column":24}},"loc":{"start":{"line":200,"column":30},"end":{"line":200,"column":46}},"line":200}},"branchMap":{"0":{"loc":{"start":{"line":29,"column":11},"end":{"line":29,"column":45}},"type":"binary-expr","locations":[{"start":{"line":29,"column":11},"end":{"line":29,"column":35}},{"start":{"line":29,"column":39},"end":{"line":29,"column":45}}],"line":29},"1":{"loc":{"start":{"line":87,"column":4},"end":{"line":92,"column":5}},"type":"if","locations":[{"start":{"line":87,"column":4},"end":{"line":92,"column":5}},{"start":{},"end":{}}],"line":87},"2":{"loc":{"start":{"line":87,"column":8},"end":{"line":87,"column":41}},"type":"binary-expr","locations":[{"start":{"line":87,"column":8},"end":{"line":87,"column":13}},{"start":{"line":87,"column":17},"end":{"line":87,"column":41}}],"line":87},"3":{"loc":{"start":{"line":97,"column":4},"end":{"line":99,"column":5}},"type":"if","locations":[{"start":{"line":97,"column":4},"end":{"line":99,"column":5}},{"start":{},"end":{}}],"line":97},"4":{"loc":{"start":{"line":102,"column":23},"end":{"line":102,"column":118}},"type":"binary-expr","locations":[{"start":{"line":102,"column":23},"end":{"line":102,"column":27}},{"start":{"line":102,"column":31},"end":{"line":102,"column":51}},{"start":{"line":102,"column":55},"end":{"line":102,"column":118}}],"line":102},"5":{"loc":{"start":{"line":102,"column":58},"end":{"line":102,"column":82}},"type":"binary-expr","locations":[{"start":{"line":102,"column":58},"end":{"line":102,"column":76}},{"start":{"line":102,"column":80},"end":{"line":102,"column":82}}],"line":102},"6":{"loc":{"start":{"line":102,"column":86},"end":{"line":102,"column":109}},"type":"binary-expr","locations":[{"start":{"line":102,"column":86},"end":{"line":102,"column":103}},{"start":{"line":102,"column":107},"end":{"line":102,"column":109}}],"line":102},"7":{"loc":{"start":{"line":103,"column":29},"end":{"line":103,"column":87}},"type":"binary-expr","locations":[{"start":{"line":103,"column":29},"end":{"line":103,"column":39}},{"start":{"line":103,"column":43},"end":{"line":103,"column":61}},{"start":{"line":103,"column":65},"end":{"line":103,"column":81}},{"start":{"line":103,"column":85},"end":{"line":103,"column":87}}],"line":103},"8":{"loc":{"start":{"line":104,"column":28},"end":{"line":104,"column":43}},"type":"binary-expr","locations":[{"start":{"line":104,"column":28},"end":{"line":104,"column":37}},{"start":{"line":104,"column":41},"end":{"line":104,"column":43}}],"line":104},"9":{"loc":{"start":{"line":108,"column":4},"end":{"line":108,"column":63}},"type":"if","locations":[{"start":{"line":108,"column":4},"end":{"line":108,"column":63}},{"start":{},"end":{}}],"line":108},"10":{"loc":{"start":{"line":109,"column":4},"end":{"line":109,"column":81}},"type":"if","locations":[{"start":{"line":109,"column":4},"end":{"line":109,"column":81}},{"start":{},"end":{}}],"line":109},"11":{"loc":{"start":{"line":110,"column":4},"end":{"line":110,"column":78}},"type":"if","locations":[{"start":{"line":110,"column":4},"end":{"line":110,"column":78}},{"start":{},"end":{}}],"line":110},"12":{"loc":{"start":{"line":114,"column":4},"end":{"line":119,"column":5}},"type":"if","locations":[{"start":{"line":114,"column":4},"end":{"line":119,"column":5}},{"start":{},"end":{}}],"line":114},"13":{"loc":{"start":{"line":122,"column":19},"end":{"line":122,"column":80}},"type":"binary-expr","locations":[{"start":{"line":122,"column":19},"end":{"line":122,"column":45}},{"start":{"line":122,"column":49},"end":{"line":122,"column":80}}],"line":122},"14":{"loc":{"start":{"line":124,"column":4},"end":{"line":129,"column":5}},"type":"if","locations":[{"start":{"line":124,"column":4},"end":{"line":129,"column":5}},{"start":{},"end":{}}],"line":124},"15":{"loc":{"start":{"line":175,"column":4},"end":{"line":177,"column":5}},"type":"if","locations":[{"start":{"line":175,"column":4},"end":{"line":177,"column":5}},{"start":{},"end":{}}],"line":175},"16":{"loc":{"start":{"line":180,"column":4},"end":{"line":186,"column":5}},"type":"if","locations":[{"start":{"line":180,"column":4},"end":{"line":186,"column":5}},{"start":{"line":184,"column":11},"end":{"line":186,"column":5}}],"line":180},"17":{"loc":{"start":{"line":184,"column":11},"end":{"line":186,"column":5}},"type":"if","locations":[{"start":{"line":184,"column":11},"end":{"line":186,"column":5}},{"start":{},"end":{}}],"line":184},"18":{"loc":{"start":{"line":190,"column":6},"end":{"line":195,"column":7}},"type":"if","locations":[{"start":{"line":190,"column":6},"end":{"line":195,"column":7}},{"start":{},"end":{}}],"line":190},"19":{"loc":{"start":{"line":194,"column":15},"end":{"line":194,"column":94}},"type":"cond-expr","locations":[{"start":{"line":194,"column":33},"end":{"line":194,"column":74}},{"start":{"line":194,"column":77},"end":{"line":194,"column":94}}],"line":194},"20":{"loc":{"start":{"line":202,"column":4},"end":{"line":204,"column":5}},"type":"if","locations":[{"start":{"line":202,"column":4},"end":{"line":204,"column":5}},{"start":{},"end":{}}],"line":202},"21":{"loc":{"start":{"line":218,"column":4},"end":{"line":223,"column":5}},"type":"if","locations":[{"start":{"line":218,"column":4},"end":{"line":223,"column":5}},{"start":{},"end":{}}],"line":218},"22":{"loc":{"start":{"line":225,"column":4},"end":{"line":230,"column":5}},"type":"if","locations":[{"start":{"line":225,"column":4},"end":{"line":230,"column":5}},{"start":{},"end":{}}],"line":225}},"s":{"0":0,"1":0,"2":0,"3":0,"4":0,"5":0,"6":0,"7":0,"8":0,"9":0,"10":0,"11":0,"12":0,"13":0,"14":0,"15":0,"16":0,"17":0,"18":0,"19":0,"20":0,"21":0,"22":0,"23":0,"24":0,"25":0,"26":0,"27":0,"28":0,"29":0,"30":0,"31":0,"32":0,"33":0,"34":0,"35":0,"36":0,"37":0,"38":0,"39":0,"40":0,"41":0,"42":0,"43":0,"44":0,"45":0,"46":0,"47":0,"48":0,"49":0,"50":0,"51":0,"52":0,"53":0,"54":0,"55":0,"56":0,"57":0,"58":0,"59":0,"60":0,"61":0,"62":0,"63":0,"64":0,"65":0,"66":0,"67":0,"68":0,"69":0},"f":{"0":0,"1":0,"2":0,"3":0,"4":0,"5":0,"6":0},"b":{"0":[0,0],"1":[0,0],"2":[0,0],"3":[0,0],"4":[0,0,0],"5":[0,0],"6":[0,0],"7":[0,0,0,0],"8":[0,0],"9":[0,0],"10":[0,0],"11":[0,0],"12":[0,0],"13":[0,0],"14":[0,0],"15":[0,0],"16":[0,0],"17":[0,0],"18":[0,0],"19":[0,0],"20":[0,0],"21":[0,0],"22":[0,0]}}
,"C:\\Users\\admin\\Desktop\\SwazSolutions\\backend\\routes\\album-covers.js": {"path":"C:\\Users\\admin\\Desktop\\SwazSolutions\\backend\\routes\\album-covers.js","statementMap":{"0":{"start":{"line":8,"column":16},"end":{"line":8,"column":34}},"1":{"start":{"line":9,"column":13},"end":{"line":9,"column":28}},"2":{"start":{"line":10,"column":11},"end":{"line":10,"column":24}},"3":{"start":{"line":11,"column":58},"end":{"line":11,"column":94}},"4":{"start":{"line":12,"column":32},"end":{"line":12,"column":66}},"5":{"start":{"line":15,"column":19},"end":{"line":15,"column":60}},"6":{"start":{"line":23,"column":17},"end":{"line":23,"column":33}},"7":{"start":{"line":28,"column":30},"end":{"line":48,"column":3}},"8":{"start":{"line":29,"column":19},"end":{"line":29,"column":80}},"9":{"start":{"line":31,"column":4},"end":{"line":36,"column":5}},"10":{"start":{"line":32,"column":6},"end":{"line":35,"column":9}},"11":{"start":{"line":39,"column":4},"end":{"line":47,"column":5}},"12":{"start":{"line":40,"column":6},"end":{"line":40,"column":51}},"13":{"start":{"line":41,"column":6},"end":{"line":41,"column":13}},"14":{"start":{"line":43,"column":6},"end":{"line":46,"column":9}},"15":{"start":{"line":54,"column":2},"end":{"line":70,"column":5}},"16":{"start":{"line":55,"column":4},"end":{"line":69,"column":7}},"17":{"start":{"line":58,"column":55},"end":{"line":62,"column":9}},"18":{"start":{"line":63,"column":53},"end":{"line":67,"column":9}},"19":{"start":{"line":86,"column":2},"end":{"line":164,"column":5}},"20":{"start":{"line":87,"column":4},"end":{"line":163,"column":5}},"21":{"start":{"line":97,"column":10},"end":{"line":97,"column":18}},"22":{"start":{"line":100,"column":6},"end":{"line":105,"column":7}},"23":{"start":{"line":101,"column":8},"end":{"line":104,"column":11}},"24":{"start":{"line":108,"column":6},"end":{"line":113,"column":7}},"25":{"start":{"line":109,"column":8},"end":{"line":112,"column":11}},"26":{"start":{"line":115,"column":6},"end":{"line":115,"column":91}},"27":{"start":{"line":118,"column":21},"end":{"line":127,"column":8}},"28":{"start":{"line":130,"column":6},"end":{"line":132,"column":7}},"29":{"start":{"line":131,"column":8},"end":{"line":131,"column":54}},"30":{"start":{"line":135,"column":26},"end":{"line":141,"column":8}},"31":{"start":{"line":136,"column":8},"end":{"line":140,"column":10}},"32":{"start":{"line":143,"column":6},"end":{"line":143,"column":81}},"33":{"start":{"line":145,"column":6},"end":{"line":156,"column":9}},"34":{"start":{"line":148,"column":42},"end":{"line":151,"column":11}},"35":{"start":{"line":158,"column":6},"end":{"line":158,"column":67}},"36":{"start":{"line":159,"column":6},"end":{"line":162,"column":9}},"37":{"start":{"line":175,"column":2},"end":{"line":237,"column":5}},"38":{"start":{"line":176,"column":4},"end":{"line":236,"column":5}},"39":{"start":{"line":177,"column":45},"end":{"line":177,"column":53}},"40":{"start":{"line":179,"column":6},"end":{"line":184,"column":7}},"41":{"start":{"line":180,"column":8},"end":{"line":183,"column":11}},"42":{"start":{"line":186,"column":6},"end":{"line":186,"column":62}},"43":{"start":{"line":189,"column":21},"end":{"line":194,"column":8}},"44":{"start":{"line":197,"column":6},"end":{"line":202,"column":7}},"45":{"start":{"line":198,"column":8},"end":{"line":201,"column":11}},"46":{"start":{"line":205,"column":6},"end":{"line":207,"column":7}},"47":{"start":{"line":206,"column":8},"end":{"line":206,"column":54}},"48":{"start":{"line":210,"column":25},"end":{"line":214,"column":7}},"49":{"start":{"line":216,"column":6},"end":{"line":216,"column":82}},"50":{"start":{"line":218,"column":6},"end":{"line":229,"column":9}},"51":{"start":{"line":231,"column":6},"end":{"line":231,"column":69}},"52":{"start":{"line":232,"column":6},"end":{"line":235,"column":9}},"53":{"start":{"line":243,"column":2},"end":{"line":269,"column":5}},"54":{"start":{"line":244,"column":4},"end":{"line":268,"column":5}},"55":{"start":{"line":245,"column":6},"end":{"line":245,"column":73}},"56":{"start":{"line":247,"column":21},"end":{"line":247,"column":61}},"57":{"start":{"line":249,"column":6},"end":{"line":261,"column":7}},"58":{"start":{"line":250,"column":8},"end":{"line":254,"column":11}},"59":{"start":{"line":256,"column":8},"end":{"line":260,"column":11}},"60":{"start":{"line":263,"column":6},"end":{"line":263,"column":61}},"61":{"start":{"line":264,"column":6},"end":{"line":267,"column":9}},"62":{"start":{"line":275,"column":2},"end":{"line":313,"column":5}},"63":{"start":{"line":276,"column":4},"end":{"line":312,"column":5}},"64":{"start":{"line":277,"column":27},"end":{"line":277,"column":37}},"65":{"start":{"line":280,"column":6},"end":{"line":285,"column":7}},"66":{"start":{"line":281,"column":8},"end":{"line":284,"column":11}},"67":{"start":{"line":287,"column":23},"end":{"line":287,"column":54}},"68":{"start":{"line":290,"column":6},"end":{"line":295,"column":7}},"69":{"start":{"line":291,"column":8},"end":{"line":294,"column":11}},"70":{"start":{"line":298,"column":6},"end":{"line":298,"column":30}},"71":{"start":{"line":300,"column":6},"end":{"line":300,"column":67}},"72":{"start":{"line":302,"column":6},"end":{"line":305,"column":9}},"73":{"start":{"line":307,"column":6},"end":{"line":307,"column":63}},"74":{"start":{"line":308,"column":6},"end":{"line":311,"column":9}},"75":{"start":{"line":319,"column":2},"end":{"line":332,"column":5}},"76":{"start":{"line":320,"column":4},"end":{"line":331,"column":7}},"77":{"start":{"line":334,"column":2},"end":{"line":334,"column":16}},"78":{"start":{"line":337,"column":0},"end":{"line":337,"column":40}}},"fnMap":{"0":{"name":"createAlbumCoverRoutes","decl":{"start":{"line":22,"column":9},"end":{"line":22,"column":31}},"loc":{"start":{"line":22,"column":36},"end":{"line":335,"column":1}},"line":22},"1":{"name":"(anonymous_1)","decl":{"start":{"line":28,"column":30},"end":{"line":28,"column":31}},"loc":{"start":{"line":28,"column":50},"end":{"line":48,"column":3}},"line":28},"2":{"name":"(anonymous_2)","decl":{"start":{"line":54,"column":24},"end":{"line":54,"column":25}},"loc":{"start":{"line":54,"column":38},"end":{"line":70,"column":3}},"line":54},"3":{"name":"(anonymous_3)","decl":{"start":{"line":58,"column":47},"end":{"line":58,"column":48}},"loc":{"start":{"line":58,"column":55},"end":{"line":62,"column":9}},"line":58},"4":{"name":"(anonymous_4)","decl":{"start":{"line":63,"column":45},"end":{"line":63,"column":46}},"loc":{"start":{"line":63,"column":53},"end":{"line":67,"column":9}},"line":63},"5":{"name":"(anonymous_5)","decl":{"start":{"line":86,"column":69},"end":{"line":86,"column":70}},"loc":{"start":{"line":86,"column":89},"end":{"line":164,"column":3}},"line":86},"6":{"name":"(anonymous_6)","decl":{"start":{"line":135,"column":44},"end":{"line":135,"column":45}},"loc":{"start":{"line":135,"column":58},"end":{"line":141,"column":7}},"line":135},"7":{"name":"(anonymous_7)","decl":{"start":{"line":148,"column":34},"end":{"line":148,"column":35}},"loc":{"start":{"line":148,"column":42},"end":{"line":151,"column":11}},"line":148},"8":{"name":"(anonymous_8)","decl":{"start":{"line":175,"column":71},"end":{"line":175,"column":72}},"loc":{"start":{"line":175,"column":91},"end":{"line":237,"column":3}},"line":175},"9":{"name":"(anonymous_9)","decl":{"start":{"line":243,"column":43},"end":{"line":243,"column":44}},"loc":{"start":{"line":243,"column":63},"end":{"line":269,"column":3}},"line":243},"10":{"name":"(anonymous_10)","decl":{"start":{"line":275,"column":30},"end":{"line":275,"column":31}},"loc":{"start":{"line":275,"column":44},"end":{"line":313,"column":3}},"line":275},"11":{"name":"(anonymous_11)","decl":{"start":{"line":319,"column":24},"end":{"line":319,"column":25}},"loc":{"start":{"line":319,"column":38},"end":{"line":332,"column":3}},"line":319}},"branchMap":{"0":{"loc":{"start":{"line":29,"column":19},"end":{"line":29,"column":80}},"type":"binary-expr","locations":[{"start":{"line":29,"column":19},"end":{"line":29,"column":50}},{"start":{"line":29,"column":54},"end":{"line":29,"column":80}}],"line":29},"1":{"loc":{"start":{"line":31,"column":4},"end":{"line":36,"column":5}},"type":"if","locations":[{"start":{"line":31,"column":4},"end":{"line":36,"column":5}},{"start":{},"end":{}}],"line":31},"2":{"loc":{"start":{"line":100,"column":6},"end":{"line":105,"column":7}},"type":"if","locations":[{"start":{"line":100,"column":6},"end":{"line":105,"column":7}},{"start":{},"end":{}}],"line":100},"3":{"loc":{"start":{"line":100,"column":10},"end":{"line":100,"column":28}},"type":"binary-expr","locations":[{"start":{"line":100,"column":10},"end":{"line":100,"column":17}},{"start":{"line":100,"column":21},"end":{"line":100,"column":28}}],"line":100},"4":{"loc":{"start":{"line":108,"column":6},"end":{"line":113,"column":7}},"type":"if","locations":[{"start":{"line":108,"column":6},"end":{"line":113,"column":7}},{"start":{},"end":{}}],"line":108},"5":{"loc":{"start":{"line":108,"column":10},"end":{"line":108,"column":63}},"type":"binary-expr","locations":[{"start":{"line":108,"column":10},"end":{"line":108,"column":16}},{"start":{"line":108,"column":21},"end":{"line":108,"column":38}},{"start":{"line":108,"column":42},"end":{"line":108,"column":62}}],"line":108},"6":{"loc":{"start":{"line":115,"column":69},"end":{"line":115,"column":87}},"type":"binary-expr","locations":[{"start":{"line":115,"column":69},"end":{"line":115,"column":74}},{"start":{"line":115,"column":78},"end":{"line":115,"column":87}}],"line":115},"7":{"loc":{"start":{"line":121,"column":15},"end":{"line":121,"column":35}},"type":"binary-expr","locations":[{"start":{"line":121,"column":15},"end":{"line":121,"column":20}},{"start":{"line":121,"column":24},"end":{"line":121,"column":35}}],"line":121},"8":{"loc":{"start":{"line":122,"column":15},"end":{"line":122,"column":26}},"type":"binary-expr","locations":[{"start":{"line":122,"column":15},"end":{"line":122,"column":20}},{"start":{"line":122,"column":24},"end":{"line":122,"column":26}}],"line":122},"9":{"loc":{"start":{"line":123,"column":14},"end":{"line":123,"column":24}},"type":"binary-expr","locations":[{"start":{"line":123,"column":14},"end":{"line":123,"column":18}},{"start":{"line":123,"column":22},"end":{"line":123,"column":24}}],"line":123},"10":{"loc":{"start":{"line":124,"column":22},"end":{"line":124,"column":40}},"type":"binary-expr","locations":[{"start":{"line":124,"column":22},"end":{"line":124,"column":34}},{"start":{"line":124,"column":38},"end":{"line":124,"column":40}}],"line":124},"11":{"loc":{"start":{"line":125,"column":21},"end":{"line":125,"column":41}},"type":"binary-expr","locations":[{"start":{"line":125,"column":21},"end":{"line":125,"column":32}},{"start":{"line":125,"column":36},"end":{"line":125,"column":41}}],"line":125},"12":{"loc":{"start":{"line":126,"column":33},"end":{"line":126,"column":52}},"type":"binary-expr","locations":[{"start":{"line":126,"column":33},"end":{"line":126,"column":47}},{"start":{"line":126,"column":51},"end":{"line":126,"column":52}}],"line":126},"13":{"loc":{"start":{"line":130,"column":6},"end":{"line":132,"column":7}},"type":"if","locations":[{"start":{"line":130,"column":6},"end":{"line":132,"column":7}},{"start":{},"end":{}}],"line":130},"14":{"loc":{"start":{"line":179,"column":6},"end":{"line":184,"column":7}},"type":"if","locations":[{"start":{"line":179,"column":6},"end":{"line":184,"column":7}},{"start":{},"end":{}}],"line":179},"15":{"loc":{"start":{"line":191,"column":15},"end":{"line":191,"column":35}},"type":"binary-expr","locations":[{"start":{"line":191,"column":15},"end":{"line":191,"column":20}},{"start":{"line":191,"column":24},"end":{"line":191,"column":35}}],"line":191},"16":{"loc":{"start":{"line":192,"column":21},"end":{"line":192,"column":41}},"type":"binary-expr","locations":[{"start":{"line":192,"column":21},"end":{"line":192,"column":32}},{"start":{"line":192,"column":36},"end":{"line":192,"column":41}}],"line":192},"17":{"loc":{"start":{"line":197,"column":6},"end":{"line":202,"column":7}},"type":"if","locations":[{"start":{"line":197,"column":6},"end":{"line":202,"column":7}},{"start":{},"end":{}}],"line":197},"18":{"loc":{"start":{"line":197,"column":10},"end":{"line":197,"column":54}},"type":"binary-expr","locations":[{"start":{"line":197,"column":10},"end":{"line":197,"column":24}},{"start":{"line":197,"column":28},"end":{"line":197,"column":54}}],"line":197},"19":{"loc":{"start":{"line":205,"column":6},"end":{"line":207,"column":7}},"type":"if","locations":[{"start":{"line":205,"column":6},"end":{"line":207,"column":7}},{"start":{},"end":{}}],"line":205},"20":{"loc":{"start":{"line":249,"column":6},"end":{"line":261,"column":7}},"type":"if","locations":[{"start":{"line":249,"column":6},"end":{"line":261,"column":7}},{"start":{"line":255,"column":13},"end":{"line":261,"column":7}}],"line":249},"21":{"loc":{"start":{"line":280,"column":6},"end":{"line":285,"column":7}},"type":"if","locations":[{"start":{"line":280,"column":6},"end":{"line":285,"column":7}},{"start":{},"end":{}}],"line":280},"22":{"loc":{"start":{"line":280,"column":10},"end":{"line":280,"column":99}},"type":"binary-expr","locations":[{"start":{"line":280,"column":10},"end":{"line":280,"column":19}},{"start":{"line":280,"column":23},"end":{"line":280,"column":46}},{"start":{"line":280,"column":50},"end":{"line":280,"column":72}},{"start":{"line":280,"column":76},"end":{"line":280,"column":99}}],"line":280},"23":{"loc":{"start":{"line":290,"column":6},"end":{"line":295,"column":7}},"type":"if","locations":[{"start":{"line":290,"column":6},"end":{"line":295,"column":7}},{"start":{},"end":{}}],"line":290}},"s":{"0":0,"1":0,"2":0,"3":0,"4":0,"5":0,"6":0,"7":0,"8":0,"9":0,"10":0,"11":0,"12":0,"13":0,"14":0,"15":0,"16":0,"17":0,"18":0,"19":0,"20":0,"21":0,"22":0,"23":0,"24":0,"25":0,"26":0,"27":0,"28":0,"29":0,"30":0,"31":0,"32":0,"33":0,"34":0,"35":0,"36":0,"37":0,"38":0,"39":0,"40":0,"41":0,"42":0,"43":0,"44":0,"45":0,"46":0,"47":0,"48":0,"49":0,"50":0,"51":0,"52":0,"53":0,"54":0,"55":0,"56":0,"57":0,"58":0,"59":0,"60":0,"61":0,"62":0,"63":0,"64":0,"65":0,"66":0,"67":0,"68":0,"69":0,"70":0,"71":0,"72":0,"73":0,"74":0,"75":0,"76":0,"77":0,"78":0},"f":{"0":0,"1":0,"2":0,"3":0,"4":0,"5":0,"6":0,"7":0,"8":0,"9":0,"10":0,"11":0},"b":{"0":[0,0],"1":[0,0],"2":[0,0],"3":[0,0],"4":[0,0],"5":[0,0,0],"6":[0,0],"7":[0,0],"8":[0,0],"9":[0,0],"10":[0,0],"11":[0,0],"12":[0,0],"13":[0,0],"14":[0,0],"15":[0,0],"16":[0,0],"17":[0,0],"18":[0,0],"19":[0,0],"20":[0,0],"21":[0,0],"22":[0,0,0,0],"23":[0,0]}}
,"C:\\Users\\admin\\Desktop\\SwazSolutions\\backend\\routes\\analytics.js": {"path":"C:\\Users\\admin\\Desktop\\SwazSolutions\\backend\\routes\\analytics.js","statementMap":{"0":{"start":{"line":4,"column":16},"end":{"line":4,"column":34}},"1":{"start":{"line":5,"column":15},"end":{"line":5,"column":31}},"2":{"start":{"line":6,"column":36},"end":{"line":6,"column":65}},"3":{"start":{"line":7,"column":11},"end":{"line":7,"column":40}},"4":{"start":{"line":12,"column":0},"end":{"line":102,"column":3}},"5":{"start":{"line":13,"column":33},"end":{"line":13,"column":42}},"6":{"start":{"line":14,"column":17},"end":{"line":14,"column":28}},"7":{"start":{"line":16,"column":2},"end":{"line":101,"column":3}},"8":{"start":{"line":18,"column":24},"end":{"line":18,"column":79}},"9":{"start":{"line":19,"column":20},"end":{"line":19,"column":43}},"10":{"start":{"line":21,"column":4},"end":{"line":23,"column":5}},"11":{"start":{"line":22,"column":6},"end":{"line":22,"column":66}},"12":{"start":{"line":26,"column":21},"end":{"line":26,"column":23}},"13":{"start":{"line":27,"column":19},"end":{"line":27,"column":31}},"14":{"start":{"line":29,"column":4},"end":{"line":38,"column":5}},"15":{"start":{"line":30,"column":6},"end":{"line":30,"column":46}},"16":{"start":{"line":31,"column":6},"end":{"line":31,"column":38}},"17":{"start":{"line":32,"column":11},"end":{"line":38,"column":5}},"18":{"start":{"line":33,"column":6},"end":{"line":33,"column":35}},"19":{"start":{"line":34,"column":6},"end":{"line":34,"column":29}},"20":{"start":{"line":35,"column":11},"end":{"line":38,"column":5}},"21":{"start":{"line":36,"column":6},"end":{"line":36,"column":35}},"22":{"start":{"line":37,"column":6},"end":{"line":37,"column":27}},"23":{"start":{"line":41,"column":24},"end":{"line":52,"column":6}},"24":{"start":{"line":53,"column":22},"end":{"line":53,"column":48}},"25":{"start":{"line":56,"column":19},"end":{"line":64,"column":7}},"26":{"start":{"line":56,"column":39},"end":{"line":64,"column":5}},"27":{"start":{"line":67,"column":19},"end":{"line":72,"column":5}},"28":{"start":{"line":68,"column":44},"end":{"line":68,"column":57}},"29":{"start":{"line":69,"column":53},"end":{"line":69,"column":75}},"30":{"start":{"line":70,"column":48},"end":{"line":70,"column":65}},"31":{"start":{"line":71,"column":45},"end":{"line":71,"column":59}},"32":{"start":{"line":75,"column":27},"end":{"line":77,"column":14}},"33":{"start":{"line":80,"column":27},"end":{"line":82,"column":6}},"34":{"start":{"line":83,"column":27},"end":{"line":83,"column":57}},"35":{"start":{"line":85,"column":4},"end":{"line":96,"column":7}},"36":{"start":{"line":99,"column":4},"end":{"line":99,"column":54}},"37":{"start":{"line":100,"column":4},"end":{"line":100,"column":65}},"38":{"start":{"line":107,"column":0},"end":{"line":157,"column":3}},"39":{"start":{"line":108,"column":17},"end":{"line":108,"column":28}},"40":{"start":{"line":110,"column":2},"end":{"line":156,"column":3}},"41":{"start":{"line":112,"column":24},"end":{"line":112,"column":79}},"42":{"start":{"line":113,"column":20},"end":{"line":113,"column":43}},"43":{"start":{"line":115,"column":4},"end":{"line":117,"column":5}},"44":{"start":{"line":116,"column":6},"end":{"line":116,"column":66}},"45":{"start":{"line":120,"column":22},"end":{"line":124,"column":6}},"46":{"start":{"line":125,"column":18},"end":{"line":125,"column":43}},"47":{"start":{"line":128,"column":26},"end":{"line":132,"column":6}},"48":{"start":{"line":133,"column":22},"end":{"line":133,"column":51}},"49":{"start":{"line":136,"column":23},"end":{"line":140,"column":6}},"50":{"start":{"line":141,"column":19},"end":{"line":141,"column":45}},"51":{"start":{"line":143,"column":4},"end":{"line":151,"column":7}},"52":{"start":{"line":154,"column":4},"end":{"line":154,"column":64}},"53":{"start":{"line":155,"column":4},"end":{"line":155,"column":75}},"54":{"start":{"line":162,"column":0},"end":{"line":221,"column":3}},"55":{"start":{"line":163,"column":33},"end":{"line":163,"column":42}},"56":{"start":{"line":164,"column":17},"end":{"line":164,"column":28}},"57":{"start":{"line":166,"column":2},"end":{"line":220,"column":3}},"58":{"start":{"line":168,"column":24},"end":{"line":168,"column":79}},"59":{"start":{"line":169,"column":20},"end":{"line":169,"column":43}},"60":{"start":{"line":171,"column":4},"end":{"line":173,"column":5}},"61":{"start":{"line":172,"column":6},"end":{"line":172,"column":66}},"62":{"start":{"line":176,"column":21},"end":{"line":176,"column":23}},"63":{"start":{"line":177,"column":19},"end":{"line":177,"column":31}},"64":{"start":{"line":179,"column":4},"end":{"line":188,"column":5}},"65":{"start":{"line":180,"column":6},"end":{"line":180,"column":58}},"66":{"start":{"line":181,"column":6},"end":{"line":181,"column":38}},"67":{"start":{"line":182,"column":11},"end":{"line":188,"column":5}},"68":{"start":{"line":183,"column":6},"end":{"line":183,"column":47}},"69":{"start":{"line":184,"column":6},"end":{"line":184,"column":29}},"70":{"start":{"line":185,"column":11},"end":{"line":188,"column":5}},"71":{"start":{"line":186,"column":6},"end":{"line":186,"column":47}},"72":{"start":{"line":187,"column":6},"end":{"line":187,"column":27}},"73":{"start":{"line":191,"column":24},"end":{"line":199,"column":6}},"74":{"start":{"line":200,"column":21},"end":{"line":200,"column":47}},"75":{"start":{"line":203,"column":18},"end":{"line":203,"column":63}},"76":{"start":{"line":203,"column":46},"end":{"line":203,"column":59}},"77":{"start":{"line":206,"column":22},"end":{"line":210,"column":7}},"78":{"start":{"line":206,"column":41},"end":{"line":210,"column":5}},"79":{"start":{"line":212,"column":4},"end":{"line":215,"column":7}},"80":{"start":{"line":218,"column":4},"end":{"line":218,"column":60}},"81":{"start":{"line":219,"column":4},"end":{"line":219,"column":71}},"82":{"start":{"line":226,"column":0},"end":{"line":285,"column":3}},"83":{"start":{"line":227,"column":33},"end":{"line":227,"column":42}},"84":{"start":{"line":228,"column":17},"end":{"line":228,"column":28}},"85":{"start":{"line":230,"column":2},"end":{"line":284,"column":3}},"86":{"start":{"line":232,"column":24},"end":{"line":232,"column":79}},"87":{"start":{"line":233,"column":20},"end":{"line":233,"column":43}},"88":{"start":{"line":235,"column":4},"end":{"line":237,"column":5}},"89":{"start":{"line":236,"column":6},"end":{"line":236,"column":66}},"90":{"start":{"line":240,"column":21},"end":{"line":240,"column":23}},"91":{"start":{"line":241,"column":19},"end":{"line":241,"column":31}},"92":{"start":{"line":243,"column":4},"end":{"line":252,"column":5}},"93":{"start":{"line":244,"column":6},"end":{"line":244,"column":57}},"94":{"start":{"line":245,"column":6},"end":{"line":245,"column":38}},"95":{"start":{"line":246,"column":11},"end":{"line":252,"column":5}},"96":{"start":{"line":247,"column":6},"end":{"line":247,"column":46}},"97":{"start":{"line":248,"column":6},"end":{"line":248,"column":29}},"98":{"start":{"line":249,"column":11},"end":{"line":252,"column":5}},"99":{"start":{"line":250,"column":6},"end":{"line":250,"column":46}},"100":{"start":{"line":251,"column":6},"end":{"line":251,"column":27}},"101":{"start":{"line":255,"column":23},"end":{"line":263,"column":6}},"102":{"start":{"line":264,"column":20},"end":{"line":264,"column":45}},"103":{"start":{"line":267,"column":18},"end":{"line":267,"column":62}},"104":{"start":{"line":267,"column":45},"end":{"line":267,"column":58}},"105":{"start":{"line":270,"column":22},"end":{"line":274,"column":7}},"106":{"start":{"line":270,"column":40},"end":{"line":274,"column":5}},"107":{"start":{"line":276,"column":4},"end":{"line":279,"column":7}},"108":{"start":{"line":282,"column":4},"end":{"line":282,"column":61}},"109":{"start":{"line":283,"column":4},"end":{"line":283,"column":72}},"110":{"start":{"line":290,"column":0},"end":{"line":361,"column":3}},"111":{"start":{"line":291,"column":33},"end":{"line":291,"column":42}},"112":{"start":{"line":292,"column":17},"end":{"line":292,"column":28}},"113":{"start":{"line":294,"column":2},"end":{"line":360,"column":3}},"114":{"start":{"line":296,"column":24},"end":{"line":296,"column":79}},"115":{"start":{"line":297,"column":20},"end":{"line":297,"column":43}},"116":{"start":{"line":299,"column":4},"end":{"line":301,"column":5}},"117":{"start":{"line":300,"column":6},"end":{"line":300,"column":66}},"118":{"start":{"line":304,"column":21},"end":{"line":304,"column":23}},"119":{"start":{"line":305,"column":19},"end":{"line":305,"column":31}},"120":{"start":{"line":307,"column":4},"end":{"line":316,"column":5}},"121":{"start":{"line":308,"column":6},"end":{"line":308,"column":57}},"122":{"start":{"line":309,"column":6},"end":{"line":309,"column":38}},"123":{"start":{"line":310,"column":11},"end":{"line":316,"column":5}},"124":{"start":{"line":311,"column":6},"end":{"line":311,"column":46}},"125":{"start":{"line":312,"column":6},"end":{"line":312,"column":29}},"126":{"start":{"line":313,"column":11},"end":{"line":316,"column":5}},"127":{"start":{"line":314,"column":6},"end":{"line":314,"column":46}},"128":{"start":{"line":315,"column":6},"end":{"line":315,"column":27}},"129":{"start":{"line":319,"column":25},"end":{"line":328,"column":6}},"130":{"start":{"line":329,"column":22},"end":{"line":329,"column":49}},"131":{"start":{"line":332,"column":18},"end":{"line":332,"column":64}},"132":{"start":{"line":332,"column":47},"end":{"line":332,"column":60}},"133":{"start":{"line":335,"column":22},"end":{"line":350,"column":6}},"134":{"start":{"line":336,"column":23},"end":{"line":336,"column":31}},"135":{"start":{"line":337,"column":6},"end":{"line":344,"column":7}},"136":{"start":{"line":338,"column":8},"end":{"line":343,"column":9}},"137":{"start":{"line":339,"column":22},"end":{"line":339,"column":41}},"138":{"start":{"line":340,"column":10},"end":{"line":340,"column":56}},"139":{"start":{"line":345,"column":6},"end":{"line":349,"column":8}},"140":{"start":{"line":352,"column":4},"end":{"line":355,"column":7}},"141":{"start":{"line":358,"column":4},"end":{"line":358,"column":63}},"142":{"start":{"line":359,"column":4},"end":{"line":359,"column":74}},"143":{"start":{"line":366,"column":0},"end":{"line":437,"column":3}},"144":{"start":{"line":367,"column":17},"end":{"line":367,"column":28}},"145":{"start":{"line":369,"column":2},"end":{"line":436,"column":3}},"146":{"start":{"line":371,"column":24},"end":{"line":371,"column":79}},"147":{"start":{"line":372,"column":20},"end":{"line":372,"column":43}},"148":{"start":{"line":374,"column":4},"end":{"line":376,"column":5}},"149":{"start":{"line":375,"column":6},"end":{"line":375,"column":66}},"150":{"start":{"line":379,"column":28},"end":{"line":387,"column":6}},"151":{"start":{"line":388,"column":24},"end":{"line":388,"column":55}},"152":{"start":{"line":391,"column":29},"end":{"line":399,"column":6}},"153":{"start":{"line":400,"column":25},"end":{"line":400,"column":57}},"154":{"start":{"line":403,"column":28},"end":{"line":406,"column":5}},"155":{"start":{"line":404,"column":6},"end":{"line":404,"column":55}},"156":{"start":{"line":404,"column":26},"end":{"line":404,"column":55}},"157":{"start":{"line":405,"column":6},"end":{"line":405,"column":78}},"158":{"start":{"line":408,"column":19},"end":{"line":429,"column":5}},"159":{"start":{"line":431,"column":4},"end":{"line":431,"column":25}},"160":{"start":{"line":434,"column":4},"end":{"line":434,"column":51}},"161":{"start":{"line":435,"column":4},"end":{"line":435,"column":62}},"162":{"start":{"line":439,"column":0},"end":{"line":439,"column":24}}},"fnMap":{"0":{"name":"(anonymous_0)","decl":{"start":{"line":12,"column":34},"end":{"line":12,"column":35}},"loc":{"start":{"line":12,"column":48},"end":{"line":102,"column":1}},"line":12},"1":{"name":"(anonymous_1)","decl":{"start":{"line":56,"column":33},"end":{"line":56,"column":34}},"loc":{"start":{"line":56,"column":39},"end":{"line":64,"column":5}},"line":56},"2":{"name":"(anonymous_2)","decl":{"start":{"line":68,"column":32},"end":{"line":68,"column":33}},"loc":{"start":{"line":68,"column":44},"end":{"line":68,"column":57}},"line":68},"3":{"name":"(anonymous_3)","decl":{"start":{"line":69,"column":41},"end":{"line":69,"column":42}},"loc":{"start":{"line":69,"column":53},"end":{"line":69,"column":75}},"line":69},"4":{"name":"(anonymous_4)","decl":{"start":{"line":70,"column":36},"end":{"line":70,"column":37}},"loc":{"start":{"line":70,"column":48},"end":{"line":70,"column":65}},"line":70},"5":{"name":"(anonymous_5)","decl":{"start":{"line":71,"column":33},"end":{"line":71,"column":34}},"loc":{"start":{"line":71,"column":45},"end":{"line":71,"column":59}},"line":71},"6":{"name":"(anonymous_6)","decl":{"start":{"line":107,"column":43},"end":{"line":107,"column":44}},"loc":{"start":{"line":107,"column":57},"end":{"line":157,"column":1}},"line":107},"7":{"name":"(anonymous_7)","decl":{"start":{"line":162,"column":41},"end":{"line":162,"column":42}},"loc":{"start":{"line":162,"column":55},"end":{"line":221,"column":1}},"line":162},"8":{"name":"(anonymous_8)","decl":{"start":{"line":203,"column":34},"end":{"line":203,"column":35}},"loc":{"start":{"line":203,"column":46},"end":{"line":203,"column":59}},"line":203},"9":{"name":"(anonymous_9)","decl":{"start":{"line":206,"column":35},"end":{"line":206,"column":36}},"loc":{"start":{"line":206,"column":41},"end":{"line":210,"column":5}},"line":206},"10":{"name":"(anonymous_10)","decl":{"start":{"line":226,"column":42},"end":{"line":226,"column":43}},"loc":{"start":{"line":226,"column":56},"end":{"line":285,"column":1}},"line":226},"11":{"name":"(anonymous_11)","decl":{"start":{"line":267,"column":33},"end":{"line":267,"column":34}},"loc":{"start":{"line":267,"column":45},"end":{"line":267,"column":58}},"line":267},"12":{"name":"(anonymous_12)","decl":{"start":{"line":270,"column":34},"end":{"line":270,"column":35}},"loc":{"start":{"line":270,"column":40},"end":{"line":274,"column":5}},"line":270},"13":{"name":"(anonymous_13)","decl":{"start":{"line":290,"column":44},"end":{"line":290,"column":45}},"loc":{"start":{"line":290,"column":58},"end":{"line":361,"column":1}},"line":290},"14":{"name":"(anonymous_14)","decl":{"start":{"line":332,"column":35},"end":{"line":332,"column":36}},"loc":{"start":{"line":332,"column":47},"end":{"line":332,"column":60}},"line":332},"15":{"name":"(anonymous_15)","decl":{"start":{"line":335,"column":36},"end":{"line":335,"column":37}},"loc":{"start":{"line":335,"column":41},"end":{"line":350,"column":5}},"line":335},"16":{"name":"(anonymous_16)","decl":{"start":{"line":366,"column":41},"end":{"line":366,"column":42}},"loc":{"start":{"line":366,"column":55},"end":{"line":437,"column":1}},"line":366},"17":{"name":"(anonymous_17)","decl":{"start":{"line":403,"column":28},"end":{"line":403,"column":29}},"loc":{"start":{"line":403,"column":51},"end":{"line":406,"column":5}},"line":403}},"branchMap":{"0":{"loc":{"start":{"line":21,"column":4},"end":{"line":23,"column":5}},"type":"if","locations":[{"start":{"line":21,"column":4},"end":{"line":23,"column":5}},{"start":{},"end":{}}],"line":21},"1":{"loc":{"start":{"line":29,"column":4},"end":{"line":38,"column":5}},"type":"if","locations":[{"start":{"line":29,"column":4},"end":{"line":38,"column":5}},{"start":{"line":32,"column":11},"end":{"line":38,"column":5}}],"line":29},"2":{"loc":{"start":{"line":29,"column":8},"end":{"line":29,"column":28}},"type":"binary-expr","locations":[{"start":{"line":29,"column":8},"end":{"line":29,"column":17}},{"start":{"line":29,"column":21},"end":{"line":29,"column":28}}],"line":29},"3":{"loc":{"start":{"line":32,"column":11},"end":{"line":38,"column":5}},"type":"if","locations":[{"start":{"line":32,"column":11},"end":{"line":38,"column":5}},{"start":{"line":35,"column":11},"end":{"line":38,"column":5}}],"line":32},"4":{"loc":{"start":{"line":35,"column":11},"end":{"line":38,"column":5}},"type":"if","locations":[{"start":{"line":35,"column":11},"end":{"line":38,"column":5}},{"start":{},"end":{}}],"line":35},"5":{"loc":{"start":{"line":58,"column":13},"end":{"line":58,"column":31}},"type":"binary-expr","locations":[{"start":{"line":58,"column":13},"end":{"line":58,"column":26}},{"start":{"line":58,"column":30},"end":{"line":58,"column":31}}],"line":58},"6":{"loc":{"start":{"line":59,"column":22},"end":{"line":59,"column":44}},"type":"binary-expr","locations":[{"start":{"line":59,"column":22},"end":{"line":59,"column":39}},{"start":{"line":59,"column":43},"end":{"line":59,"column":44}}],"line":59},"7":{"loc":{"start":{"line":60,"column":17},"end":{"line":60,"column":39}},"type":"binary-expr","locations":[{"start":{"line":60,"column":17},"end":{"line":60,"column":34}},{"start":{"line":60,"column":38},"end":{"line":60,"column":39}}],"line":60},"8":{"loc":{"start":{"line":61,"column":14},"end":{"line":61,"column":32}},"type":"binary-expr","locations":[{"start":{"line":61,"column":14},"end":{"line":61,"column":27}},{"start":{"line":61,"column":31},"end":{"line":61,"column":32}}],"line":61},"9":{"loc":{"start":{"line":75,"column":27},"end":{"line":77,"column":14}},"type":"cond-expr","locations":[{"start":{"line":76,"column":8},"end":{"line":76,"column":70}},{"start":{"line":77,"column":8},"end":{"line":77,"column":14}}],"line":75},"10":{"loc":{"start":{"line":93,"column":15},"end":{"line":93,"column":59}},"type":"binary-expr","locations":[{"start":{"line":93,"column":15},"end":{"line":93,"column":24}},{"start":{"line":93,"column":28},"end":{"line":93,"column":59}}],"line":93},"11":{"loc":{"start":{"line":94,"column":13},"end":{"line":94,"column":39}},"type":"binary-expr","locations":[{"start":{"line":94,"column":13},"end":{"line":94,"column":20}},{"start":{"line":94,"column":24},"end":{"line":94,"column":39}}],"line":94},"12":{"loc":{"start":{"line":115,"column":4},"end":{"line":117,"column":5}},"type":"if","locations":[{"start":{"line":115,"column":4},"end":{"line":117,"column":5}},{"start":{},"end":{}}],"line":115},"13":{"loc":{"start":{"line":145,"column":15},"end":{"line":145,"column":32}},"type":"binary-expr","locations":[{"start":{"line":145,"column":15},"end":{"line":145,"column":27}},{"start":{"line":145,"column":31},"end":{"line":145,"column":32}}],"line":145},"14":{"loc":{"start":{"line":146,"column":24},"end":{"line":146,"column":48}},"type":"binary-expr","locations":[{"start":{"line":146,"column":24},"end":{"line":146,"column":43}},{"start":{"line":146,"column":47},"end":{"line":146,"column":48}}],"line":146},"15":{"loc":{"start":{"line":147,"column":19},"end":{"line":147,"column":44}},"type":"binary-expr","locations":[{"start":{"line":147,"column":19},"end":{"line":147,"column":39}},{"start":{"line":147,"column":43},"end":{"line":147,"column":44}}],"line":147},"16":{"loc":{"start":{"line":148,"column":16},"end":{"line":148,"column":35}},"type":"binary-expr","locations":[{"start":{"line":148,"column":16},"end":{"line":148,"column":30}},{"start":{"line":148,"column":34},"end":{"line":148,"column":35}}],"line":148},"17":{"loc":{"start":{"line":171,"column":4},"end":{"line":173,"column":5}},"type":"if","locations":[{"start":{"line":171,"column":4},"end":{"line":173,"column":5}},{"start":{},"end":{}}],"line":171},"18":{"loc":{"start":{"line":179,"column":4},"end":{"line":188,"column":5}},"type":"if","locations":[{"start":{"line":179,"column":4},"end":{"line":188,"column":5}},{"start":{"line":182,"column":11},"end":{"line":188,"column":5}}],"line":179},"19":{"loc":{"start":{"line":179,"column":8},"end":{"line":179,"column":28}},"type":"binary-expr","locations":[{"start":{"line":179,"column":8},"end":{"line":179,"column":17}},{"start":{"line":179,"column":21},"end":{"line":179,"column":28}}],"line":179},"20":{"loc":{"start":{"line":182,"column":11},"end":{"line":188,"column":5}},"type":"if","locations":[{"start":{"line":182,"column":11},"end":{"line":188,"column":5}},{"start":{"line":185,"column":11},"end":{"line":188,"column":5}}],"line":182},"21":{"loc":{"start":{"line":185,"column":11},"end":{"line":188,"column":5}},"type":"if","locations":[{"start":{"line":185,"column":11},"end":{"line":188,"column":5}},{"start":{},"end":{}}],"line":185},"22":{"loc":{"start":{"line":209,"column":18},"end":{"line":209,"column":75}},"type":"cond-expr","locations":[{"start":{"line":209,"column":30},"end":{"line":209,"column":66}},{"start":{"line":209,"column":69},"end":{"line":209,"column":75}}],"line":209},"23":{"loc":{"start":{"line":235,"column":4},"end":{"line":237,"column":5}},"type":"if","locations":[{"start":{"line":235,"column":4},"end":{"line":237,"column":5}},{"start":{},"end":{}}],"line":235},"24":{"loc":{"start":{"line":243,"column":4},"end":{"line":252,"column":5}},"type":"if","locations":[{"start":{"line":243,"column":4},"end":{"line":252,"column":5}},{"start":{"line":246,"column":11},"end":{"line":252,"column":5}}],"line":243},"25":{"loc":{"start":{"line":243,"column":8},"end":{"line":243,"column":28}},"type":"binary-expr","locations":[{"start":{"line":243,"column":8},"end":{"line":243,"column":17}},{"start":{"line":243,"column":21},"end":{"line":243,"column":28}}],"line":243},"26":{"loc":{"start":{"line":246,"column":11},"end":{"line":252,"column":5}},"type":"if","locations":[{"start":{"line":246,"column":11},"end":{"line":252,"column":5}},{"start":{"line":249,"column":11},"end":{"line":252,"column":5}}],"line":246},"27":{"loc":{"start":{"line":249,"column":11},"end":{"line":252,"column":5}},"type":"if","locations":[{"start":{"line":249,"column":11},"end":{"line":252,"column":5}},{"start":{},"end":{}}],"line":249},"28":{"loc":{"start":{"line":273,"column":18},"end":{"line":273,"column":82}},"type":"cond-expr","locations":[{"start":{"line":273,"column":30},"end":{"line":273,"column":78}},{"start":{"line":273,"column":81},"end":{"line":273,"column":82}}],"line":273},"29":{"loc":{"start":{"line":299,"column":4},"end":{"line":301,"column":5}},"type":"if","locations":[{"start":{"line":299,"column":4},"end":{"line":301,"column":5}},{"start":{},"end":{}}],"line":299},"30":{"loc":{"start":{"line":307,"column":4},"end":{"line":316,"column":5}},"type":"if","locations":[{"start":{"line":307,"column":4},"end":{"line":316,"column":5}},{"start":{"line":310,"column":11},"end":{"line":316,"column":5}}],"line":307},"31":{"loc":{"start":{"line":307,"column":8},"end":{"line":307,"column":28}},"type":"binary-expr","locations":[{"start":{"line":307,"column":8},"end":{"line":307,"column":17}},{"start":{"line":307,"column":21},"end":{"line":307,"column":28}}],"line":307},"32":{"loc":{"start":{"line":310,"column":11},"end":{"line":316,"column":5}},"type":"if","locations":[{"start":{"line":310,"column":11},"end":{"line":316,"column":5}},{"start":{"line":313,"column":11},"end":{"line":316,"column":5}}],"line":310},"33":{"loc":{"start":{"line":313,"column":11},"end":{"line":316,"column":5}},"type":"if","locations":[{"start":{"line":313,"column":11},"end":{"line":316,"column":5}},{"start":{},"end":{}}],"line":313},"34":{"loc":{"start":{"line":337,"column":6},"end":{"line":344,"column":7}},"type":"if","locations":[{"start":{"line":337,"column":6},"end":{"line":344,"column":7}},{"start":{},"end":{}}],"line":337},"35":{"loc":{"start":{"line":337,"column":10},"end":{"line":337,"column":47}},"type":"binary-expr","locations":[{"start":{"line":337,"column":10},"end":{"line":337,"column":20}},{"start":{"line":337,"column":24},"end":{"line":337,"column":47}}],"line":337},"36":{"loc":{"start":{"line":348,"column":20},"end":{"line":348,"column":84}},"type":"cond-expr","locations":[{"start":{"line":348,"column":32},"end":{"line":348,"column":80}},{"start":{"line":348,"column":83},"end":{"line":348,"column":84}}],"line":348},"37":{"loc":{"start":{"line":374,"column":4},"end":{"line":376,"column":5}},"type":"if","locations":[{"start":{"line":374,"column":4},"end":{"line":376,"column":5}},{"start":{},"end":{}}],"line":374},"38":{"loc":{"start":{"line":404,"column":6},"end":{"line":404,"column":55}},"type":"if","locations":[{"start":{"line":404,"column":6},"end":{"line":404,"column":55}},{"start":{},"end":{}}],"line":404},"39":{"loc":{"start":{"line":404,"column":33},"end":{"line":404,"column":54}},"type":"cond-expr","locations":[{"start":{"line":404,"column":47},"end":{"line":404,"column":50}},{"start":{"line":404,"column":53},"end":{"line":404,"column":54}}],"line":404}},"s":{"0":0,"1":0,"2":0,"3":0,"4":0,"5":0,"6":0,"7":0,"8":0,"9":0,"10":0,"11":0,"12":0,"13":0,"14":0,"15":0,"16":0,"17":0,"18":0,"19":0,"20":0,"21":0,"22":0,"23":0,"24":0,"25":0,"26":0,"27":0,"28":0,"29":0,"30":0,"31":0,"32":0,"33":0,"34":0,"35":0,"36":0,"37":0,"38":0,"39":0,"40":0,"41":0,"42":0,"43":0,"44":0,"45":0,"46":0,"47":0,"48":0,"49":0,"50":0,"51":0,"52":0,"53":0,"54":0,"55":0,"56":0,"57":0,"58":0,"59":0,"60":0,"61":0,"62":0,"63":0,"64":0,"65":0,"66":0,"67":0,"68":0,"69":0,"70":0,"71":0,"72":0,"73":0,"74":0,"75":0,"76":0,"77":0,"78":0,"79":0,"80":0,"81":0,"82":0,"83":0,"84":0,"85":0,"86":0,"87":0,"88":0,"89":0,"90":0,"91":0,"92":0,"93":0,"94":0,"95":0,"96":0,"97":0,"98":0,"99":0,"100":0,"101":0,"102":0,"103":0,"104":0,"105":0,"106":0,"107":0,"108":0,"109":0,"110":0,"111":0,"112":0,"113":0,"114":0,"115":0,"116":0,"117":0,"118":0,"119":0,"120":0,"121":0,"122":0,"123":0,"124":0,"125":0,"126":0,"127":0,"128":0,"129":0,"130":0,"131":0,"132":0,"133":0,"134":0,"135":0,"136":0,"137":0,"138":0,"139":0,"140":0,"141":0,"142":0,"143":0,"144":0,"145":0,"146":0,"147":0,"148":0,"149":0,"150":0,"151":0,"152":0,"153":0,"154":0,"155":0,"156":0,"157":0,"158":0,"159":0,"160":0,"161":0,"162":0},"f":{"0":0,"1":0,"2":0,"3":0,"4":0,"5":0,"6":0,"7":0,"8":0,"9":0,"10":0,"11":0,"12":0,"13":0,"14":0,"15":0,"16":0,"17":0},"b":{"0":[0,0],"1":[0,0],"2":[0,0],"3":[0,0],"4":[0,0],"5":[0,0],"6":[0,0],"7":[0,0],"8":[0,0],"9":[0,0],"10":[0,0],"11":[0,0],"12":[0,0],"13":[0,0],"14":[0,0],"15":[0,0],"16":[0,0],"17":[0,0],"18":[0,0],"19":[0,0],"20":[0,0],"21":[0,0],"22":[0,0],"23":[0,0],"24":[0,0],"25":[0,0],"26":[0,0],"27":[0,0],"28":[0,0],"29":[0,0],"30":[0,0],"31":[0,0],"32":[0,0],"33":[0,0],"34":[0,0],"35":[0,0],"36":[0,0],"37":[0,0],"38":[0,0],"39":[0,0]}}
,"C:\\Users\\admin\\Desktop\\SwazSolutions\\backend\\routes\\appearance.js": {"path":"C:\\Users\\admin\\Desktop\\SwazSolutions\\backend\\routes\\appearance.js","statementMap":{"0":{"start":{"line":7,"column":16},"end":{"line":7,"column":34}},"1":{"start":{"line":8,"column":15},"end":{"line":8,"column":31}},"2":{"start":{"line":9,"column":36},"end":{"line":9,"column":65}},"3":{"start":{"line":10,"column":11},"end":{"line":10,"column":40}},"4":{"start":{"line":15,"column":0},"end":{"line":56,"column":3}},"5":{"start":{"line":16,"column":2},"end":{"line":55,"column":3}},"6":{"start":{"line":17,"column":19},"end":{"line":17,"column":30}},"7":{"start":{"line":20,"column":24},"end":{"line":20,"column":79}},"8":{"start":{"line":21,"column":20},"end":{"line":21,"column":43}},"9":{"start":{"line":23,"column":4},"end":{"line":25,"column":5}},"10":{"start":{"line":24,"column":6},"end":{"line":24,"column":66}},"11":{"start":{"line":28,"column":27},"end":{"line":32,"column":6}},"12":{"start":{"line":33,"column":23},"end":{"line":33,"column":53}},"13":{"start":{"line":35,"column":4},"end":{"line":41,"column":5}},"14":{"start":{"line":37,"column":6},"end":{"line":40,"column":9}},"15":{"start":{"line":44,"column":21},"end":{"line":44,"column":63}},"16":{"start":{"line":46,"column":4},"end":{"line":50,"column":7}},"17":{"start":{"line":53,"column":4},"end":{"line":53,"column":64}},"18":{"start":{"line":54,"column":4},"end":{"line":54,"column":75}},"19":{"start":{"line":61,"column":0},"end":{"line":110,"column":3}},"20":{"start":{"line":62,"column":2},"end":{"line":109,"column":3}},"21":{"start":{"line":63,"column":19},"end":{"line":63,"column":30}},"22":{"start":{"line":64,"column":25},"end":{"line":64,"column":33}},"23":{"start":{"line":66,"column":4},"end":{"line":68,"column":5}},"24":{"start":{"line":67,"column":6},"end":{"line":67,"column":70}},"25":{"start":{"line":71,"column":24},"end":{"line":71,"column":79}},"26":{"start":{"line":72,"column":20},"end":{"line":72,"column":43}},"27":{"start":{"line":74,"column":4},"end":{"line":76,"column":5}},"28":{"start":{"line":75,"column":6},"end":{"line":75,"column":66}},"29":{"start":{"line":79,"column":25},"end":{"line":79,"column":49}},"30":{"start":{"line":82,"column":25},"end":{"line":82,"column":93}},"31":{"start":{"line":83,"column":21},"end":{"line":83,"column":49}},"32":{"start":{"line":85,"column":4},"end":{"line":98,"column":5}},"33":{"start":{"line":87,"column":6},"end":{"line":91,"column":39}},"34":{"start":{"line":94,"column":6},"end":{"line":97,"column":39}},"35":{"start":{"line":100,"column":4},"end":{"line":104,"column":7}},"36":{"start":{"line":107,"column":4},"end":{"line":107,"column":62}},"37":{"start":{"line":108,"column":4},"end":{"line":108,"column":74}},"38":{"start":{"line":115,"column":0},"end":{"line":139,"column":3}},"39":{"start":{"line":116,"column":2},"end":{"line":138,"column":3}},"40":{"start":{"line":117,"column":19},"end":{"line":117,"column":30}},"41":{"start":{"line":120,"column":24},"end":{"line":120,"column":79}},"42":{"start":{"line":121,"column":20},"end":{"line":121,"column":43}},"43":{"start":{"line":123,"column":4},"end":{"line":125,"column":5}},"44":{"start":{"line":124,"column":6},"end":{"line":124,"column":66}},"45":{"start":{"line":128,"column":4},"end":{"line":128,"column":86}},"46":{"start":{"line":130,"column":4},"end":{"line":133,"column":7}},"47":{"start":{"line":136,"column":4},"end":{"line":136,"column":65}},"48":{"start":{"line":137,"column":4},"end":{"line":137,"column":75}},"49":{"start":{"line":145,"column":0},"end":{"line":179,"column":3}},"50":{"start":{"line":146,"column":2},"end":{"line":178,"column":3}},"51":{"start":{"line":147,"column":25},"end":{"line":147,"column":35}},"52":{"start":{"line":150,"column":24},"end":{"line":153,"column":6}},"53":{"start":{"line":154,"column":20},"end":{"line":154,"column":45}},"54":{"start":{"line":156,"column":4},"end":{"line":158,"column":5}},"55":{"start":{"line":157,"column":6},"end":{"line":157,"column":66}},"56":{"start":{"line":161,"column":27},"end":{"line":165,"column":6}},"57":{"start":{"line":166,"column":23},"end":{"line":166,"column":53}},"58":{"start":{"line":168,"column":4},"end":{"line":170,"column":5}},"59":{"start":{"line":169,"column":6},"end":{"line":169,"column":42}},"60":{"start":{"line":172,"column":21},"end":{"line":172,"column":63}},"61":{"start":{"line":173,"column":4},"end":{"line":173,"column":27}},"62":{"start":{"line":176,"column":4},"end":{"line":176,"column":71}},"63":{"start":{"line":177,"column":4},"end":{"line":177,"column":75}},"64":{"start":{"line":181,"column":0},"end":{"line":181,"column":24}}},"fnMap":{"0":{"name":"(anonymous_0)","decl":{"start":{"line":15,"column":35},"end":{"line":15,"column":36}},"loc":{"start":{"line":15,"column":49},"end":{"line":56,"column":1}},"line":15},"1":{"name":"(anonymous_1)","decl":{"start":{"line":61,"column":35},"end":{"line":61,"column":36}},"loc":{"start":{"line":61,"column":49},"end":{"line":110,"column":1}},"line":61},"2":{"name":"(anonymous_2)","decl":{"start":{"line":115,"column":38},"end":{"line":115,"column":39}},"loc":{"start":{"line":115,"column":52},"end":{"line":139,"column":1}},"line":115},"3":{"name":"(anonymous_3)","decl":{"start":{"line":145,"column":43},"end":{"line":145,"column":44}},"loc":{"start":{"line":145,"column":57},"end":{"line":179,"column":1}},"line":145}},"branchMap":{"0":{"loc":{"start":{"line":23,"column":4},"end":{"line":25,"column":5}},"type":"if","locations":[{"start":{"line":23,"column":4},"end":{"line":25,"column":5}},{"start":{},"end":{}}],"line":23},"1":{"loc":{"start":{"line":35,"column":4},"end":{"line":41,"column":5}},"type":"if","locations":[{"start":{"line":35,"column":4},"end":{"line":41,"column":5}},{"start":{},"end":{}}],"line":35},"2":{"loc":{"start":{"line":66,"column":4},"end":{"line":68,"column":5}},"type":"if","locations":[{"start":{"line":66,"column":4},"end":{"line":68,"column":5}},{"start":{},"end":{}}],"line":66},"3":{"loc":{"start":{"line":74,"column":4},"end":{"line":76,"column":5}},"type":"if","locations":[{"start":{"line":74,"column":4},"end":{"line":76,"column":5}},{"start":{},"end":{}}],"line":74},"4":{"loc":{"start":{"line":85,"column":4},"end":{"line":98,"column":5}},"type":"if","locations":[{"start":{"line":85,"column":4},"end":{"line":98,"column":5}},{"start":{"line":92,"column":11},"end":{"line":98,"column":5}}],"line":85},"5":{"loc":{"start":{"line":123,"column":4},"end":{"line":125,"column":5}},"type":"if","locations":[{"start":{"line":123,"column":4},"end":{"line":125,"column":5}},{"start":{},"end":{}}],"line":123},"6":{"loc":{"start":{"line":156,"column":4},"end":{"line":158,"column":5}},"type":"if","locations":[{"start":{"line":156,"column":4},"end":{"line":158,"column":5}},{"start":{},"end":{}}],"line":156},"7":{"loc":{"start":{"line":168,"column":4},"end":{"line":170,"column":5}},"type":"if","locations":[{"start":{"line":168,"column":4},"end":{"line":170,"column":5}},{"start":{},"end":{}}],"line":168}},"s":{"0":0,"1":0,"2":0,"3":0,"4":0,"5":0,"6":0,"7":0,"8":0,"9":0,"10":0,"11":0,"12":0,"13":0,"14":0,"15":0,"16":0,"17":0,"18":0,"19":0,"20":0,"21":0,"22":0,"23":0,"24":0,"25":0,"26":0,"27":0,"28":0,"29":0,"30":0,"31":0,"32":0,"33":0,"34":0,"35":0,"36":0,"37":0,"38":0,"39":0,"40":0,"41":0,"42":0,"43":0,"44":0,"45":0,"46":0,"47":0,"48":0,"49":0,"50":0,"51":0,"52":0,"53":0,"54":0,"55":0,"56":0,"57":0,"58":0,"59":0,"60":0,"61":0,"62":0,"63":0,"64":0},"f":{"0":0,"1":0,"2":0,"3":0},"b":{"0":[0,0],"1":[0,0],"2":[0,0],"3":[0,0],"4":[0,0],"5":[0,0],"6":[0,0],"7":[0,0]}}
,"C:\\Users\\admin\\Desktop\\SwazSolutions\\backend\\routes\\auth.js": {"path":"C:\\Users\\admin\\Desktop\\SwazSolutions\\backend\\routes\\auth.js","statementMap":{"0":{"start":{"line":1,"column":16},"end":{"line":1,"column":34}},"1":{"start":{"line":2,"column":15},"end":{"line":2,"column":32}},"2":{"start":{"line":3,"column":12},"end":{"line":3,"column":35}},"3":{"start":{"line":4,"column":18},"end":{"line":4,"column":38}},"4":{"start":{"line":5,"column":25},"end":{"line":5,"column":55}},"5":{"start":{"line":13,"column":4},"end":{"line":13,"column":33}},"6":{"start":{"line":14,"column":43},"end":{"line":14,"column":77}},"7":{"start":{"line":16,"column":15},"end":{"line":16,"column":61}},"8":{"start":{"line":19,"column":19},"end":{"line":19,"column":35}},"9":{"start":{"line":22,"column":27},"end":{"line":29,"column":5}},"10":{"start":{"line":23,"column":8},"end":{"line":28,"column":11}},"11":{"start":{"line":32,"column":34},"end":{"line":40,"column":5}},"12":{"start":{"line":33,"column":8},"end":{"line":39,"column":11}},"13":{"start":{"line":43,"column":30},"end":{"line":54,"column":5}},"14":{"start":{"line":44,"column":26},"end":{"line":44,"column":56}},"15":{"start":{"line":45,"column":26},"end":{"line":46,"column":61}},"16":{"start":{"line":47,"column":27},"end":{"line":47,"column":65}},"17":{"start":{"line":48,"column":26},"end":{"line":48,"column":64}},"18":{"start":{"line":50,"column":8},"end":{"line":53,"column":67}},"19":{"start":{"line":57,"column":27},"end":{"line":76,"column":5}},"20":{"start":{"line":59,"column":28},"end":{"line":63,"column":9}},"21":{"start":{"line":66,"column":29},"end":{"line":66,"column":51}},"22":{"start":{"line":69,"column":8},"end":{"line":69,"column":54}},"23":{"start":{"line":72,"column":8},"end":{"line":72,"column":41}},"24":{"start":{"line":73,"column":8},"end":{"line":73,"column":49}},"25":{"start":{"line":75,"column":8},"end":{"line":75,"column":45}},"26":{"start":{"line":79,"column":32},"end":{"line":100,"column":5}},"27":{"start":{"line":80,"column":8},"end":{"line":99,"column":9}},"28":{"start":{"line":82,"column":29},"end":{"line":82,"column":96}},"29":{"start":{"line":83,"column":12},"end":{"line":85,"column":13}},"30":{"start":{"line":84,"column":16},"end":{"line":84,"column":32}},"31":{"start":{"line":88,"column":27},"end":{"line":91,"column":60}},"32":{"start":{"line":93,"column":12},"end":{"line":93,"column":87}},"33":{"start":{"line":94,"column":12},"end":{"line":94,"column":50}},"34":{"start":{"line":97,"column":12},"end":{"line":97,"column":99}},"35":{"start":{"line":98,"column":12},"end":{"line":98,"column":24}},"36":{"start":{"line":103,"column":4},"end":{"line":185,"column":7}},"37":{"start":{"line":104,"column":46},"end":{"line":104,"column":54}},"38":{"start":{"line":106,"column":8},"end":{"line":108,"column":9}},"39":{"start":{"line":107,"column":12},"end":{"line":107,"column":85}},"40":{"start":{"line":111,"column":8},"end":{"line":113,"column":9}},"41":{"start":{"line":112,"column":12},"end":{"line":112,"column":87}},"42":{"start":{"line":114,"column":8},"end":{"line":116,"column":9}},"43":{"start":{"line":115,"column":12},"end":{"line":115,"column":111}},"44":{"start":{"line":119,"column":8},"end":{"line":121,"column":9}},"45":{"start":{"line":120,"column":12},"end":{"line":120,"column":93}},"46":{"start":{"line":122,"column":30},"end":{"line":122,"column":100}},"47":{"start":{"line":123,"column":8},"end":{"line":127,"column":9}},"48":{"start":{"line":124,"column":12},"end":{"line":126,"column":15}},"49":{"start":{"line":130,"column":8},"end":{"line":132,"column":9}},"50":{"start":{"line":131,"column":12},"end":{"line":131,"column":75}},"51":{"start":{"line":134,"column":8},"end":{"line":184,"column":9}},"52":{"start":{"line":135,"column":33},"end":{"line":135,"column":64}},"53":{"start":{"line":137,"column":25},"end":{"line":139,"column":13}},"54":{"start":{"line":141,"column":12},"end":{"line":141,"column":68}},"55":{"start":{"line":144,"column":25},"end":{"line":144,"column":91}},"56":{"start":{"line":147,"column":33},"end":{"line":150,"column":13}},"57":{"start":{"line":152,"column":12},"end":{"line":153,"column":73}},"58":{"start":{"line":155,"column":12},"end":{"line":155,"column":59}},"59":{"start":{"line":156,"column":12},"end":{"line":156,"column":62}},"60":{"start":{"line":159,"column":50},"end":{"line":159,"column":80}},"61":{"start":{"line":162,"column":12},"end":{"line":162,"column":61}},"62":{"start":{"line":164,"column":12},"end":{"line":176,"column":15}},"63":{"start":{"line":178,"column":12},"end":{"line":183,"column":13}},"64":{"start":{"line":179,"column":16},"end":{"line":179,"column":84}},"65":{"start":{"line":181,"column":16},"end":{"line":181,"column":60}},"66":{"start":{"line":182,"column":16},"end":{"line":182,"column":71}},"67":{"start":{"line":188,"column":4},"end":{"line":233,"column":7}},"68":{"start":{"line":189,"column":39},"end":{"line":189,"column":47}},"69":{"start":{"line":191,"column":8},"end":{"line":193,"column":9}},"70":{"start":{"line":192,"column":12},"end":{"line":192,"column":85}},"71":{"start":{"line":195,"column":8},"end":{"line":232,"column":9}},"72":{"start":{"line":196,"column":25},"end":{"line":196,"column":91}},"73":{"start":{"line":198,"column":12},"end":{"line":200,"column":13}},"74":{"start":{"line":199,"column":16},"end":{"line":199,"column":78}},"75":{"start":{"line":203,"column":12},"end":{"line":205,"column":13}},"76":{"start":{"line":204,"column":16},"end":{"line":204,"column":83}},"77":{"start":{"line":207,"column":34},"end":{"line":207,"column":84}},"78":{"start":{"line":209,"column":12},"end":{"line":211,"column":13}},"79":{"start":{"line":210,"column":16},"end":{"line":210,"column":78}},"80":{"start":{"line":214,"column":50},"end":{"line":214,"column":80}},"81":{"start":{"line":216,"column":12},"end":{"line":228,"column":15}},"82":{"start":{"line":230,"column":12},"end":{"line":230,"column":49}},"83":{"start":{"line":231,"column":12},"end":{"line":231,"column":60}},"84":{"start":{"line":236,"column":4},"end":{"line":333,"column":7}},"85":{"start":{"line":237,"column":8},"end":{"line":237,"column":56}},"86":{"start":{"line":238,"column":31},"end":{"line":238,"column":39}},"87":{"start":{"line":240,"column":8},"end":{"line":243,"column":9}},"88":{"start":{"line":241,"column":12},"end":{"line":241,"column":52}},"89":{"start":{"line":242,"column":12},"end":{"line":242,"column":81}},"90":{"start":{"line":245,"column":8},"end":{"line":245,"column":52}},"91":{"start":{"line":246,"column":8},"end":{"line":332,"column":9}},"92":{"start":{"line":248,"column":27},"end":{"line":251,"column":14}},"93":{"start":{"line":252,"column":28},"end":{"line":252,"column":47}},"94":{"start":{"line":253,"column":60},"end":{"line":253,"column":67}},"95":{"start":{"line":256,"column":23},"end":{"line":256,"column":110}},"96":{"start":{"line":258,"column":12},"end":{"line":298,"column":13}},"97":{"start":{"line":260,"column":16},"end":{"line":263,"column":17}},"98":{"start":{"line":261,"column":20},"end":{"line":261,"column":118}},"99":{"start":{"line":262,"column":20},"end":{"line":262,"column":38}},"100":{"start":{"line":267,"column":35},"end":{"line":267,"column":93}},"101":{"start":{"line":268,"column":31},"end":{"line":268,"column":43}},"102":{"start":{"line":269,"column":30},"end":{"line":269,"column":31}},"103":{"start":{"line":272,"column":16},"end":{"line":274,"column":17}},"104":{"start":{"line":273,"column":20},"end":{"line":273,"column":61}},"105":{"start":{"line":276,"column":31},"end":{"line":278,"column":87}},"106":{"start":{"line":280,"column":16},"end":{"line":285,"column":18}},"107":{"start":{"line":288,"column":37},"end":{"line":291,"column":17}},"108":{"start":{"line":293,"column":16},"end":{"line":294,"column":77}},"109":{"start":{"line":296,"column":16},"end":{"line":296,"column":63}},"110":{"start":{"line":297,"column":16},"end":{"line":297,"column":66}},"111":{"start":{"line":301,"column":50},"end":{"line":301,"column":80}},"112":{"start":{"line":304,"column":12},"end":{"line":304,"column":79}},"113":{"start":{"line":306,"column":12},"end":{"line":306,"column":80}},"114":{"start":{"line":307,"column":12},"end":{"line":320,"column":15}},"115":{"start":{"line":323,"column":12},"end":{"line":323,"column":66}},"116":{"start":{"line":325,"column":12},"end":{"line":327,"column":13}},"117":{"start":{"line":326,"column":16},"end":{"line":326,"column":55}},"118":{"start":{"line":328,"column":12},"end":{"line":331,"column":15}},"119":{"start":{"line":336,"column":4},"end":{"line":361,"column":7}},"120":{"start":{"line":337,"column":8},"end":{"line":360,"column":9}},"121":{"start":{"line":339,"column":33},"end":{"line":339,"column":83}},"122":{"start":{"line":341,"column":12},"end":{"line":347,"column":13}},"123":{"start":{"line":343,"column":34},"end":{"line":343,"column":64}},"124":{"start":{"line":344,"column":16},"end":{"line":346,"column":33}},"125":{"start":{"line":350,"column":12},"end":{"line":350,"column":37}},"126":{"start":{"line":351,"column":12},"end":{"line":351,"column":68}},"127":{"start":{"line":353,"column":12},"end":{"line":353,"column":61}},"128":{"start":{"line":355,"column":12},"end":{"line":355,"column":50}},"129":{"start":{"line":357,"column":12},"end":{"line":357,"column":37}},"130":{"start":{"line":358,"column":12},"end":{"line":358,"column":68}},"131":{"start":{"line":359,"column":12},"end":{"line":359,"column":61}},"132":{"start":{"line":364,"column":4},"end":{"line":380,"column":7}},"133":{"start":{"line":365,"column":8},"end":{"line":379,"column":9}},"134":{"start":{"line":367,"column":12},"end":{"line":369,"column":31}},"135":{"start":{"line":372,"column":12},"end":{"line":372,"column":37}},"136":{"start":{"line":373,"column":12},"end":{"line":373,"column":68}},"137":{"start":{"line":375,"column":12},"end":{"line":375,"column":78}},"138":{"start":{"line":377,"column":12},"end":{"line":377,"column":54}},"139":{"start":{"line":378,"column":12},"end":{"line":378,"column":81}},"140":{"start":{"line":383,"column":4},"end":{"line":459,"column":7}},"141":{"start":{"line":384,"column":8},"end":{"line":458,"column":9}},"142":{"start":{"line":386,"column":33},"end":{"line":386,"column":83}},"143":{"start":{"line":388,"column":12},"end":{"line":393,"column":13}},"144":{"start":{"line":389,"column":16},"end":{"line":392,"column":19}},"145":{"start":{"line":396,"column":30},"end":{"line":396,"column":60}},"146":{"start":{"line":399,"column":32},"end":{"line":401,"column":28}},"147":{"start":{"line":403,"column":12},"end":{"line":408,"column":13}},"148":{"start":{"line":404,"column":16},"end":{"line":407,"column":19}},"149":{"start":{"line":411,"column":30},"end":{"line":411,"column":62}},"150":{"start":{"line":412,"column":12},"end":{"line":422,"column":13}},"151":{"start":{"line":414,"column":16},"end":{"line":416,"column":38}},"152":{"start":{"line":418,"column":16},"end":{"line":421,"column":19}},"153":{"start":{"line":425,"column":25},"end":{"line":427,"column":38}},"154":{"start":{"line":429,"column":12},"end":{"line":434,"column":13}},"155":{"start":{"line":430,"column":16},"end":{"line":433,"column":19}},"156":{"start":{"line":437,"column":12},"end":{"line":439,"column":34}},"157":{"start":{"line":442,"column":67},"end":{"line":442,"column":97}},"158":{"start":{"line":444,"column":12},"end":{"line":454,"column":15}},"159":{"start":{"line":456,"column":12},"end":{"line":456,"column":57}},"160":{"start":{"line":457,"column":12},"end":{"line":457,"column":71}},"161":{"start":{"line":462,"column":4},"end":{"line":483,"column":7}},"162":{"start":{"line":463,"column":8},"end":{"line":482,"column":9}},"163":{"start":{"line":464,"column":25},"end":{"line":466,"column":30}},"164":{"start":{"line":468,"column":12},"end":{"line":470,"column":13}},"165":{"start":{"line":469,"column":16},"end":{"line":469,"column":73}},"166":{"start":{"line":473,"column":28},"end":{"line":473,"column":100}},"167":{"start":{"line":475,"column":12},"end":{"line":478,"column":15}},"168":{"start":{"line":480,"column":12},"end":{"line":480,"column":52}},"169":{"start":{"line":481,"column":12},"end":{"line":481,"column":66}},"170":{"start":{"line":485,"column":4},"end":{"line":485,"column":18}},"171":{"start":{"line":488,"column":0},"end":{"line":488,"column":34}}},"fnMap":{"0":{"name":"createAuthRoutes","decl":{"start":{"line":18,"column":9},"end":{"line":18,"column":25}},"loc":{"start":{"line":18,"column":30},"end":{"line":486,"column":1}},"line":18},"1":{"name":"(anonymous_1)","decl":{"start":{"line":22,"column":27},"end":{"line":22,"column":28}},"loc":{"start":{"line":22,"column":43},"end":{"line":29,"column":5}},"line":22},"2":{"name":"(anonymous_2)","decl":{"start":{"line":32,"column":34},"end":{"line":32,"column":35}},"loc":{"start":{"line":32,"column":57},"end":{"line":40,"column":5}},"line":32},"3":{"name":"(anonymous_3)","decl":{"start":{"line":43,"column":30},"end":{"line":43,"column":31}},"loc":{"start":{"line":43,"column":61},"end":{"line":54,"column":5}},"line":43},"4":{"name":"(anonymous_4)","decl":{"start":{"line":57,"column":27},"end":{"line":57,"column":28}},"loc":{"start":{"line":57,"column":47},"end":{"line":76,"column":5}},"line":57},"5":{"name":"(anonymous_5)","decl":{"start":{"line":79,"column":32},"end":{"line":79,"column":33}},"loc":{"start":{"line":79,"column":67},"end":{"line":100,"column":5}},"line":79},"6":{"name":"(anonymous_6)","decl":{"start":{"line":103,"column":48},"end":{"line":103,"column":49}},"loc":{"start":{"line":103,"column":68},"end":{"line":185,"column":5}},"line":103},"7":{"name":"(anonymous_7)","decl":{"start":{"line":188,"column":45},"end":{"line":188,"column":46}},"loc":{"start":{"line":188,"column":65},"end":{"line":233,"column":5}},"line":188},"8":{"name":"(anonymous_8)","decl":{"start":{"line":236,"column":46},"end":{"line":236,"column":47}},"loc":{"start":{"line":236,"column":66},"end":{"line":333,"column":5}},"line":236},"9":{"name":"(anonymous_9)","decl":{"start":{"line":336,"column":40},"end":{"line":336,"column":41}},"loc":{"start":{"line":336,"column":54},"end":{"line":361,"column":5}},"line":336},"10":{"name":"(anonymous_10)","decl":{"start":{"line":364,"column":63},"end":{"line":364,"column":64}},"loc":{"start":{"line":364,"column":77},"end":{"line":380,"column":5}},"line":364},"11":{"name":"(anonymous_11)","decl":{"start":{"line":383,"column":41},"end":{"line":383,"column":42}},"loc":{"start":{"line":383,"column":55},"end":{"line":459,"column":5}},"line":383},"12":{"name":"(anonymous_12)","decl":{"start":{"line":462,"column":54},"end":{"line":462,"column":55}},"loc":{"start":{"line":462,"column":68},"end":{"line":483,"column":5}},"line":462}},"branchMap":{"0":{"loc":{"start":{"line":47,"column":27},"end":{"line":47,"column":65}},"type":"binary-expr","locations":[{"start":{"line":47,"column":27},"end":{"line":47,"column":52}},{"start":{"line":47,"column":56},"end":{"line":47,"column":65}}],"line":47},"1":{"loc":{"start":{"line":48,"column":26},"end":{"line":48,"column":64}},"type":"binary-expr","locations":[{"start":{"line":48,"column":26},"end":{"line":48,"column":32}},{"start":{"line":48,"column":36},"end":{"line":48,"column":64}}],"line":48},"2":{"loc":{"start":{"line":60,"column":58},"end":{"line":60,"column":77}},"type":"binary-expr","locations":[{"start":{"line":60,"column":58},"end":{"line":60,"column":67}},{"start":{"line":60,"column":71},"end":{"line":60,"column":77}}],"line":60},"3":{"loc":{"start":{"line":83,"column":12},"end":{"line":85,"column":13}},"type":"if","locations":[{"start":{"line":83,"column":12},"end":{"line":85,"column":13}},{"start":{},"end":{}}],"line":83},"4":{"loc":{"start":{"line":91,"column":36},"end":{"line":91,"column":59}},"type":"binary-expr","locations":[{"start":{"line":91,"column":36},"end":{"line":91,"column":47}},{"start":{"line":91,"column":51},"end":{"line":91,"column":59}}],"line":91},"5":{"loc":{"start":{"line":106,"column":8},"end":{"line":108,"column":9}},"type":"if","locations":[{"start":{"line":106,"column":8},"end":{"line":108,"column":9}},{"start":{},"end":{}}],"line":106},"6":{"loc":{"start":{"line":106,"column":12},"end":{"line":106,"column":34}},"type":"binary-expr","locations":[{"start":{"line":106,"column":12},"end":{"line":106,"column":21}},{"start":{"line":106,"column":25},"end":{"line":106,"column":34}}],"line":106},"7":{"loc":{"start":{"line":111,"column":8},"end":{"line":113,"column":9}},"type":"if","locations":[{"start":{"line":111,"column":8},"end":{"line":113,"column":9}},{"start":{},"end":{}}],"line":111},"8":{"loc":{"start":{"line":114,"column":8},"end":{"line":116,"column":9}},"type":"if","locations":[{"start":{"line":114,"column":8},"end":{"line":116,"column":9}},{"start":{},"end":{}}],"line":114},"9":{"loc":{"start":{"line":119,"column":8},"end":{"line":121,"column":9}},"type":"if","locations":[{"start":{"line":119,"column":8},"end":{"line":121,"column":9}},{"start":{},"end":{}}],"line":119},"10":{"loc":{"start":{"line":123,"column":8},"end":{"line":127,"column":9}},"type":"if","locations":[{"start":{"line":123,"column":8},"end":{"line":127,"column":9}},{"start":{},"end":{}}],"line":123},"11":{"loc":{"start":{"line":130,"column":8},"end":{"line":132,"column":9}},"type":"if","locations":[{"start":{"line":130,"column":8},"end":{"line":132,"column":9}},{"start":{},"end":{}}],"line":130},"12":{"loc":{"start":{"line":130,"column":12},"end":{"line":130,"column":46}},"type":"binary-expr","locations":[{"start":{"line":130,"column":12},"end":{"line":130,"column":17}},{"start":{"line":130,"column":21},"end":{"line":130,"column":46}}],"line":130},"13":{"loc":{"start":{"line":141,"column":45},"end":{"line":141,"column":58}},"type":"binary-expr","locations":[{"start":{"line":141,"column":45},"end":{"line":141,"column":50}},{"start":{"line":141,"column":54},"end":{"line":141,"column":58}}],"line":141},"14":{"loc":{"start":{"line":171,"column":27},"end":{"line":171,"column":40}},"type":"binary-expr","locations":[{"start":{"line":171,"column":27},"end":{"line":171,"column":32}},{"start":{"line":171,"column":36},"end":{"line":171,"column":40}}],"line":171},"15":{"loc":{"start":{"line":178,"column":12},"end":{"line":183,"column":13}},"type":"if","locations":[{"start":{"line":178,"column":12},"end":{"line":183,"column":13}},{"start":{"line":180,"column":19},"end":{"line":183,"column":13}}],"line":178},"16":{"loc":{"start":{"line":191,"column":8},"end":{"line":193,"column":9}},"type":"if","locations":[{"start":{"line":191,"column":8},"end":{"line":193,"column":9}},{"start":{},"end":{}}],"line":191},"17":{"loc":{"start":{"line":191,"column":12},"end":{"line":191,"column":34}},"type":"binary-expr","locations":[{"start":{"line":191,"column":12},"end":{"line":191,"column":21}},{"start":{"line":191,"column":25},"end":{"line":191,"column":34}}],"line":191},"18":{"loc":{"start":{"line":198,"column":12},"end":{"line":200,"column":13}},"type":"if","locations":[{"start":{"line":198,"column":12},"end":{"line":200,"column":13}},{"start":{},"end":{}}],"line":198},"19":{"loc":{"start":{"line":203,"column":12},"end":{"line":205,"column":13}},"type":"if","locations":[{"start":{"line":203,"column":12},"end":{"line":205,"column":13}},{"start":{},"end":{}}],"line":203},"20":{"loc":{"start":{"line":209,"column":12},"end":{"line":211,"column":13}},"type":"if","locations":[{"start":{"line":209,
[...]
}},{"start":{"line":117,"column":54},"end":{"line":117,"column":74}},{"start":{"line":117,"column":78},"end":{"line":117,"column":99}},{"start":{"line":117,"column":103},"end":{"line":117,"column":130}},{"start":{"line":117,"column":134},"end":{"line":117,"column":157}}],"line":117},"29":{"loc":{"start":{"line":118,"column":2},"end":{"line":132,"column":3}},"type":"if","locations":[{"start":{"line":118,"column":2},"end":{"line":132,"column":3}},{"start":{},"end":{}}],"line":118},"30":{"loc":{"start":{"line":121,"column":4},"end":{"line":121,"column":93}},"type":"if","locations":[{"start":{"line":121,"column":4},"end":{"line":121,"column":93}},{"start":{},"end":{}}],"line":121},"31":{"loc":{"start":{"line":121,"column":8},"end":{"line":121,"column":49}},"type":"binary-expr","locations":[{"start":{"line":121,"column":8},"end":{"line":121,"column":24}},{"start":{"line":121,"column":28},"end":{"line":121,"column":49}}],"line":121},"32":{"loc":{"start":{"line":122,"column":4},"end":{"line":122,"column":93}},"type":"if","locations":[{"start":{"line":122,"column":4},"end":{"line":122,"column":93}},{"start":{},"end":{}}],"line":122},"33":{"loc":{"start":{"line":122,"column":8},"end":{"line":122,"column":49}},"type":"binary-expr","locations":[{"start":{"line":122,"column":8},"end":{"line":122,"column":24}},{"start":{"line":122,"column":28},"end":{"line":122,"column":49}}],"line":122},"34":{"loc":{"start":{"line":124,"column":17},"end":{"line":124,"column":68}},"type":"cond-expr","locations":[{"start":{"line":124,"column":36},"end":{"line":124,"column":62}},{"start":{"line":124,"column":66},"end":{"line":124,"column":68}}],"line":124},"35":{"loc":{"start":{"line":124,"column":36},"end":{"line":124,"column":62}},"type":"binary-expr","locations":[{"start":{"line":124,"column":36},"end":{"line":124,"column":56}},{"start":{"line":124,"column":60},"end":{"line":124,"column":62}}],"line":124},"36":{"loc":{"start":{"line":125,"column":18},"end":{"line":125,"column":71}},"type":"cond-expr","locations":[{"start":{"line":125,"column":38},"end":{"line":125,"column":65}},{"start":{"line":125,"column":69},"end":{"line":125,"column":71}}],"line":125},"37":{"loc":{"start":{"line":125,"column":38},"end":{"line":125,"column":65}},"type":"binary-expr","locations":[{"start":{"line":125,"column":38},"end":{"line":125,"column":59}},{"start":{"line":125,"column":63},"end":{"line":125,"column":65}}],"line":125},"38":{"loc":{"start":{"line":126,"column":23},"end":{"line":126,"column":87}},"type":"cond-expr","locations":[{"start":{"line":126,"column":48},"end":{"line":126,"column":81}},{"start":{"line":126,"column":85},"end":{"line":126,"column":87}}],"line":126},"39":{"loc":{"start":{"line":126,"column":48},"end":{"line":126,"column":81}},"type":"binary-expr","locations":[{"start":{"line":126,"column":48},"end":{"line":126,"column":75}},{"start":{"line":126,"column":79},"end":{"line":126,"column":81}}],"line":126},"40":{"loc":{"start":{"line":127,"column":20},"end":{"line":127,"column":77}},"type":"cond-expr","locations":[{"start":{"line":127,"column":42},"end":{"line":127,"column":71}},{"start":{"line":127,"column":75},"end":{"line":127,"column":77}}],"line":127},"41":{"loc":{"start":{"line":127,"column":42},"end":{"line":127,"column":71}},"type":"binary-expr","locations":[{"start":{"line":127,"column":42},"end":{"line":127,"column":65}},{"start":{"line":127,"column":69},"end":{"line":127,"column":71}}],"line":127},"42":{"loc":{"start":{"line":129,"column":4},"end":{"line":131,"column":5}},"type":"if","locations":[{"start":{"line":129,"column":4},"end":{"line":131,"column":5}},{"start":{},"end":{}}],"line":129},"43":{"loc":{"start":{"line":129,"column":8},"end":{"line":129,"column":56}},"type":"binary-expr","locations":[{"start":{"line":129,"column":8},"end":{"line":129,"column":14}},{"start":{"line":129,"column":18},"end":{"line":129,"column":22}},{"start":{"line":129,"column":26},"end":{"line":129,"column":31}},{"start":{"line":129,"column":35},"end":{"line":129,"column":45}},{"start":{"line":129,"column":49},"end":{"line":129,"column":56}}],"line":129},"44":{"loc":{"start":{"line":135,"column":34},"end":{"line":135,"column":132}},"type":"cond-expr","locations":[{"start":{"line":135,"column":85},"end":{"line":135,"column":89}},{"start":{"line":135,"column":92},"end":{"line":135,"column":132}}],"line":135},"45":{"loc":{"start":{"line":136,"column":34},"end":{"line":136,"column":132}},"type":"cond-expr","locations":[{"start":{"line":136,"column":85},"end":{"line":136,"column":89}},{"start":{"line":136,"column":92},"end":{"line":136,"column":132}}],"line":136},"46":{"loc":{"start":{"line":137,"column":33},"end":{"line":137,"column":129}},"type":"cond-expr","locations":[{"start":{"line":137,"column":83},"end":{"line":137,"column":87}},{"start":{"line":137,"column":90},"end":{"line":137,"column":129}}],"line":137},"47":{"loc":{"start":{"line":138,"column":34},"end":{"line":138,"column":132}},"type":"cond-expr","locations":[{"start":{"line":138,"column":85},"end":{"line":138,"column":89}},{"start":{"line":138,"column":92},"end":{"line":138,"column":132}}],"line":138},"48":{"loc":{"start":{"line":139,"column":39},"end":{"line":139,"column":149}},"type":"cond-expr","locations":[{"start":{"line":139,"column":96},"end":{"line":139,"column":100}},{"start":{"line":139,"column":103},"end":{"line":139,"column":149}}],"line":139},"49":{"loc":{"start":{"line":140,"column":36},"end":{"line":140,"column":138}},"type":"cond-expr","locations":[{"start":{"line":140,"column":89},"end":{"line":140,"column":93}},{"start":{"line":140,"column":96},"end":{"line":140,"column":138}}],"line":140},"50":{"loc":{"start":{"line":142,"column":28},"end":{"line":142,"column":196}},"type":"binary-expr","locations":[{"start":{"line":142,"column":28},"end":{"line":142,"column":57}},{"start":{"line":142,"column":61},"end":{"line":142,"column":89}},{"start":{"line":142,"column":93},"end":{"line":142,"column":122}},{"start":{"line":142,"column":126},"end":{"line":142,"column":161}},{"start":{"line":142,"column":165},"end":{"line":142,"column":196}}],"line":142},"51":{"loc":{"start":{"line":143,"column":2},"end":{"line":157,"column":3}},"type":"if","locations":[{"start":{"line":143,"column":2},"end":{"line":157,"column":3}},{"start":{},"end":{}}],"line":143},"52":{"loc":{"start":{"line":146,"column":4},"end":{"line":146,"column":116}},"type":"if","locations":[{"start":{"line":146,"column":4},"end":{"line":146,"column":116}},{"start":{},"end":{}}],"line":146},"53":{"loc":{"start":{"line":146,"column":8},"end":{"line":146,"column":64}},"type":"binary-expr","locations":[{"start":{"line":146,"column":8},"end":{"line":146,"column":31}},{"start":{"line":146,"column":35},"end":{"line":146,"column":64}}],"line":146},"54":{"loc":{"start":{"line":147,"column":4},"end":{"line":147,"column":116}},"type":"if","locations":[{"start":{"line":147,"column":4},"end":{"line":147,"column":116}},{"start":{},"end":{}}],"line":147},"55":{"loc":{"start":{"line":147,"column":8},"end":{"line":147,"column":64}},"type":"binary-expr","locations":[{"start":{"line":147,"column":8},"end":{"line":147,"column":31}},{"start":{"line":147,"column":35},"end":{"line":147,"column":64}}],"line":147},"56":{"loc":{"start":{"line":149,"column":17},"end":{"line":149,"column":83}},"type":"cond-expr","locations":[{"start":{"line":149,"column":43},"end":{"line":149,"column":77}},{"start":{"line":149,"column":81},"end":{"line":149,"column":83}}],"line":149},"57":{"loc":{"start":{"line":149,"column":43},"end":{"line":149,"column":77}},"type":"binary-expr","locations":[{"start":{"line":149,"column":43},"end":{"line":149,"column":71}},{"start":{"line":149,"column":75},"end":{"line":149,"column":77}}],"line":149},"58":{"loc":{"start":{"line":150,"column":18},"end":{"line":150,"column":86}},"type":"cond-expr","locations":[{"start":{"line":150,"column":45},"end":{"line":150,"column":80}},{"start":{"line":150,"column":84},"end":{"line":150,"column":86}}],"line":150},"59":{"loc":{"start":{"line":150,"column":45},"end":{"line":150,"column":80}},"type":"binary-expr","locations":[{"start":{"line":150,"column":45},"end":{"line":150,"column":74}},{"start":{"line":150,"column":78},"end":{"line":150,"column":80}}],"line":150},"60":{"loc":{"start":{"line":151,"column":23},"end":{"line":151,"column":102}},"type":"cond-expr","locations":[{"start":{"line":151,"column":55},"end":{"line":151,"column":96}},{"start":{"line":151,"column":100},"end":{"line":151,"column":102}}],"line":151},"61":{"loc":{"start":{"line":151,"column":55},"end":{"line":151,"column":96}},"type":"binary-expr","locations":[{"start":{"line":151,"column":55},"end":{"line":151,"column":90}},{"start":{"line":151,"column":94},"end":{"line":151,"column":96}}],"line":151},"62":{"loc":{"start":{"line":152,"column":20},"end":{"line":152,"column":92}},"type":"cond-expr","locations":[{"start":{"line":152,"column":49},"end":{"line":152,"column":86}},{"start":{"line":152,"column":90},"end":{"line":152,"column":92}}],"line":152},"63":{"loc":{"start":{"line":152,"column":49},"end":{"line":152,"column":86}},"type":"binary-expr","locations":[{"start":{"line":152,"column":49},"end":{"line":152,"column":80}},{"start":{"line":152,"column":84},"end":{"line":152,"column":86}}],"line":152},"64":{"loc":{"start":{"line":154,"column":4},"end":{"line":156,"column":5}},"type":"if","locations":[{"start":{"line":154,"column":4},"end":{"line":156,"column":5}},{"start":{},"end":{}}],"line":154},"65":{"loc":{"start":{"line":154,"column":8},"end":{"line":154,"column":56}},"type":"binary-expr","locations":[{"start":{"line":154,"column":8},"end":{"line":154,"column":14}},{"start":{"line":154,"column":18},"end":{"line":154,"column":22}},{"start":{"line":154,"column":26},"end":{"line":154,"column":31}},{"start":{"line":154,"column":35},"end":{"line":154,"column":45}},{"start":{"line":154,"column":49},"end":{"line":154,"column":56}}],"line":154},"66":{"loc":{"start":{"line":160,"column":22},"end":{"line":160,"column":92}},"type":"cond-expr","locations":[{"start":{"line":160,"column":59},"end":{"line":160,"column":63}},{"start":{"line":160,"column":66},"end":{"line":160,"column":92}}],"line":160},"67":{"loc":{"start":{"line":161,"column":2},"end":{"line":163,"column":3}},"type":"if","locations":[{"start":{"line":161,"column":2},"end":{"line":163,"column":3}},{"start":{},"end":{}}],"line":161},"68":{"loc":{"start":{"line":161,"column":6},"end":{"line":161,"column":36}},"type":"binary-expr","locations":[{"start":{"line":161,"column":6},"end":{"line":161,"column":21}},{"start":{"line":161,"column":25},"end":{"line":161,"column":36}}],"line":161},"69":{"loc":{"start":{"line":166,"column":2},"end":{"line":168,"column":3}},"type":"if","locations":[{"start":{"line":166,"column":2},"end":{"line":168,"column":3}},{"start":{},"end":{}}],"line":166},"70":{"loc":{"start":{"line":171,"column":2},"end":{"line":173,"column":3}},"type":"if","locations":[{"start":{"line":171,"column":2},"end":{"line":173,"column":3}},{"start":{},"end":{}}],"line":171},"71":{"loc":{"start":{"line":176,"column":24},"end":{"line":176,"column":71}},"type":"binary-expr","locations":[{"start":{"line":176,"column":24},"end":{"line":176,"column":44}},{"start":{"line":176,"column":48},"end":{"line":176,"column":71}}],"line":176},"72":{"loc":{"start":{"line":180,"column":2},"end":{"line":187,"column":3}},"type":"if","locations":[{"start":{"line":180,"column":2},"end":{"line":187,"column":3}},{"start":{},"end":{}}],"line":180},"73":{"loc":{"start":{"line":180,"column":6},"end":{"line":180,"column":43}},"type":"binary-expr","locations":[{"start":{"line":180,"column":6},"end":{"line":180,"column":17}},{"start":{"line":180,"column":21},"end":{"line":180,"column":43}}],"line":180},"74":{"loc":{"start":{"line":182,"column":6},"end":{"line":185,"column":7}},"type":"if","locations":[{"start":{"line":182,"column":6},"end":{"line":185,"column":7}},{"start":{},"end":{}}],"line":182},"75":{"loc":{"start":{"line":183,"column":29},"end":{"line":183,"column":61}},"type":"binary-expr","locations":[{"start":{"line":183,"column":29},"end":{"line":183,"column":49}},{"start":{"line":183,"column":53},"end":{"line":183,"column":61}}],"line":183},"76":{"loc":{"start":{"line":190,"column":2},"end":{"line":193,"column":3}},"type":"if","locations":[{"start":{"line":190,"column":2},"end":{"line":193,"column":3}},{"start":{},"end":{}}],"line":190},"77":{"loc":{"start":{"line":207,"column":2},"end":{"line":207,"column":26}},"type":"if","locations":[{"start":{"line":207,"column":2},"end":{"line":207,"column":26}},{"start":{},"end":{}}],"line":207},"78":{"loc":{"start":{"line":240,"column":22},"end":{"line":240,"column":109}},"type":"binary-expr","locations":[{"start":{"line":240,"column":22},"end":{"line":240,"column":42}},{"start":{"line":240,"column":46},"end":{"line":240,"column":109}}],"line":240},"79":{"loc":{"start":{"line":240,"column":49},"end":{"line":240,"column":73}},"type":"binary-expr","locations":[{"start":{"line":240,"column":49},"end":{"line":240,"column":67}},{"start":{"line":240,"column":71},"end":{"line":240,"column":73}}],"line":240},"80":{"loc":{"start":{"line":240,"column":77},"end":{"line":240,"column":100}},"type":"binary-expr","locations":[{"start":{"line":240,"column":77},"end":{"line":240,"column":94}},{"start":{"line":240,"column":98},"end":{"line":240,"column":100}}],"line":240},"81":{"loc":{"start":{"line":241,"column":2},"end":{"line":243,"column":3}},"type":"if","locations":[{"start":{"line":241,"column":2},"end":{"line":243,"column":3}},{"start":{},"end":{}}],"line":241},"82":{"loc":{"start":{"line":246,"column":19},"end":{"line":246,"column":42}},"type":"binary-expr","locations":[{"start":{"line":246,"column":19},"end":{"line":246,"column":36}},{"start":{"line":246,"column":40},"end":{"line":246,"column":42}}],"line":246},"83":{"loc":{"start":{"line":247,"column":20},"end":{"line":247,"column":44}},"type":"binary-expr","locations":[{"start":{"line":247,"column":20},"end":{"line":247,"column":38}},{"start":{"line":247,"column":42},"end":{"line":247,"column":44}}],"line":247},"84":{"loc":{"start":{"line":251,"column":2},"end":{"line":253,"column":3}},"type":"if","locations":[{"start":{"line":251,"column":2},"end":{"line":253,"column":3}},{"start":{},"end":{}}],"line":251},"85":{"loc":{"start":{"line":251,"column":6},"end":{"line":251,"column":52}},"type":"binary-expr","locations":[{"start":{"line":251,"column":6},"end":{"line":251,"column":21}},{"start":{"line":251,"column":25},"end":{"line":251,"column":52}}],"line":251},"86":{"loc":{"start":{"line":258,"column":20},"end":{"line":258,"column":86}},"type":"cond-expr","locations":[{"start":{"line":258,"column":55},"end":{"line":258,"column":59}},{"start":{"line":258,"column":62},"end":{"line":258,"column":86}}],"line":258},"87":{"loc":{"start":{"line":259,"column":27},"end":{"line":259,"column":109}},"type":"cond-expr","locations":[{"start":{"line":259,"column":70},"end":{"line":259,"column":74}},{"start":{"line":259,"column":77},"end":{"line":259,"column":109}}],"line":259},"88":{"loc":{"start":{"line":261,"column":2},"end":{"line":265,"column":3}},"type":"if","locations":[{"start":{"line":261,"column":2},"end":{"line":265,"column":3}},{"start":{"line":263,"column":9},"end":{"line":265,"column":3}}],"line":261},"89":{"loc":{"start":{"line":261,"column":6},"end":{"line":261,"column":39}},"type":"binary-expr","locations":[{"start":{"line":261,"column":6},"end":{"line":261,"column":26}},{"start":{"line":261,"column":30},"end":{"line":261,"column":39}}],"line":261},"90":{"loc":{"start":{"line":263,"column":9},"end":{"line":265,"column":3}},"type":"if","locations":[{"start":{"line":263,"column":9},"end":{"line":265,"column":3}},{"start":{},"end":{}}],"line":263},"91":{"loc":{"start":{"line":263,"column":13},"end":{"line":263,"column":54}},"type":"binary-expr","locations":[{"start":{"line":263,"column":13},"end":{"line":263,"column":34}},{"start":{"line":263,"column":38},"end":{"line":263,"column":54}}],"line":263},"92":{"loc":{"start":{"line":268,"column":20},"end":{"line":268,"column":86}},"type":"cond-expr","locations":[{"start":{"line":268,"column":55},"end":{"line":268,"column":59}},{"start":{"line":268,"column":62},"end":{"line":268,"column":86}}],"line":268},"93":{"loc":{"start":{"line":269,"column":27},"end":{"line":269,"column":109}},"type":"cond-expr","locations":[{"start":{"line":269,"column":70},"end":{"line":269,"column":74}},{"start":{"line":269,"column":77},"end":{"line":269,"column":109}}],"line":269},"94":{"loc":{"start":{"line":271,"column":2},"end":{"line":275,"column":3}},"type":"if","locations":[{"start":{"line":271,"column":2},"end":{"line":275,"column":3}},{"start":{"line":273,"column":9},"end":{"line":275,"column":3}}],"line":271},"95":{"loc":{"start":{"line":271,"column":6},"end":{"line":271,"column":39}},"type":"binary-expr","locations":[{"start":{"line":271,"column":6},"end":{"line":271,"column":26}},{"start":{"line":271,"column":30},"end":{"line":271,"column":39}}],"line":271},"96":{"loc":{"start":{"line":273,"column":9},"end":{"line":275,"column":3}},"type":"if","locations":[{"start":{"line":273,"column":9},"end":{"line":275,"column":3}},{"start":{},"end":{}}],"line":273},"97":{"loc":{"start":{"line":273,"column":13},"end":{"line":273,"column":54}},"type":"binary-expr","locations":[{"start":{"line":273,"column":13},"end":{"line":273,"column":34}},{"start":{"line":273,"column":38},"end":{"line":273,"column":54}}],"line":273},"98":{"loc":{"start":{"line":278,"column":24},"end":{"line":278,"column":71}},"type":"binary-expr","locations":[{"start":{"line":278,"column":24},"end":{"line":278,"column":44}},{"start":{"line":278,"column":48},"end":{"line":278,"column":71}}],"line":278}},"s":{"0":38,"1":38,"2":38,"3":38,"4":38,"5":38,"6":38,"7":38,"8":38,"9":38,"10":37,"11":38,"12":38,"13":37,"14":38,"15":38,"16":37,"17":38,"18":38,"19":1,"20":38,"21":38,"22":37,"23":38,"24":38,"25":1,"26":38,"27":38,"28":38,"29":38,"30":38,"31":38,"32":38,"33":38,"34":3,"35":3,"36":3,"37":3,"38":1,"39":3,"40":3,"41":3,"42":3,"43":3,"44":3,"45":3,"46":38,"47":38,"48":38,"49":38,"50":38,"51":38,"52":38,"53":38,"54":2,"55":2,"56":1,"57":2,"58":0,"59":2,"60":2,"61":2,"62":2,"63":2,"64":2,"65":2,"66":38,"67":38,"68":37,"69":38,"70":37,"71":38,"72":37,"73":38,"74":38,"75":38,"76":2,"77":3,"78":3,"79":3,"80":38,"81":37,"82":37,"83":38,"84":38,"85":536,"86":12,"87":524,"88":4,"89":4,"90":12,"91":12,"92":12,"93":12,"94":12,"95":12,"96":12,"97":12,"98":12,"99":12,"100":11,"101":12,"102":12,"103":12,"104":10,"105":2,"106":2,"107":12,"108":12,"109":12,"110":11,"111":1,"112":1,"113":12,"114":12,"115":12,"116":12,"117":1},"f":{"0":38,"1":536,"2":4,"3":12},"b":{"0":[36],"1":[38,1],"2":[1,0],"3":[1,0],"4":[38,0],"5":[38,0],"6":[38,0],"7":[37,1],"8":[38,37],"9":[37,1],"10":[37,1],"11":[37,1],"12":[38,38],"13":[37,1],"14":[1,37],"15":[38,2],"16":[37,1],"17":[37,1],"18":[38,38],"19":[37,1],"20":[1,37],"21":[38,2],"22":[38,0],"23":[38,0],"24":[37,1],"25":[38,0],"26":[38,0],"27":[38,0],"28":[38,35,35,35,35],"29":[3,35],"30":[3,0],"31":[3,3],"32":[1,2],"33":[3,3],"34":[2,1],"35":[2,0],"36":[3,0],"37":[3,1],"38":[3,0],"39":[3,1],"40":[3,0],"41":[3,2],"42":[3,0],"43":[3,0,0,0,0],"44":[37,1],"45":[38,0],"46":[38,0],"47":[38,0],"48":[38,0],"49":[38,0],"50":[38,36,36,36,36],"51":[2,36],"52":[1,1],"53":[2,1],"54":[0,2],"55":[2,2],"56":[2,0],"57":[2,0],"58":[2,0],"59":[2,1],"60":[2,0],"61":[2,1],"62":[2,0],"63":[2,1],"64":[2,0],"65":[2,1,0,0,0],"66":[37,1],"67":[37,1],"68":[38,38],"69":[37,1],"70":[37,1],"71":[38,38],"72":[2,36],"73":[38,38],"74":[3,0],"75":[3,1],"76":[37,1],"77":[12,524],"78":[12,0],"79":[0,0],"80":[0,0],"81":[12,0],"82":[12,0],"83":[12,0],"84":[11,1],"85":[12,12],"86":[11,1],"87":[12,0],"88":[10,2],"89":[12,11],"90":[2,0],"91":[2,2],"92":[11,1],"93":[12,0],"94":[11,1],"95":[12,12],"96":[1,0],"97":[1,1],"98":[12,12]},"_coverageSchema":"1a1c01bbd47fc00a2c39e90264f33305004495a9","hash":"c253784c5f9ed1e108eb9a55ec15f5bbcb327fb0"}
}
