TN:
SF:routes\ai-bio.js
FN:27,(anonymous_0)
FN:31,(anonymous_1)
FN:81,(anonymous_2)
FN:172,(anonymous_3)
FN:172,(anonymous_4)
FN:189,(anonymous_5)
FN:200,(anonymous_6)
FNF:7
FNH:0
FNDA:0,(anonymous_0)
FNDA:0,(anonymous_1)
FNDA:0,(anonymous_2)
FNDA:0,(anonymous_3)
FNDA:0,(anonymous_4)
FNDA:0,(anonymous_5)
FNDA:0,(anonymous_6)
DA:6,0
DA:7,0
DA:8,0
DA:9,0
DA:10,0
DA:14,0
DA:29,0
DA:32,0
DA:33,0
DA:44,0
DA:81,0
DA:82,0
DA:83,0
DA:84,0
DA:87,0
DA:88,0
DA:95,0
DA:97,0
DA:98,0
DA:102,0
DA:103,0
DA:104,0
DA:107,0
DA:108,0
DA:109,0
DA:110,0
DA:112,0
DA:114,0
DA:115,0
DA:122,0
DA:124,0
DA:125,0
DA:132,0
DA:133,0
DA:143,0
DA:144,0
DA:161,0
DA:163,0
DA:169,0
DA:172,0
DA:175,0
DA:176,0
DA:180,0
DA:181,0
DA:184,0
DA:185,0
DA:189,0
DA:190,0
DA:192,0
DA:193,0
DA:194,0
DA:196,0
DA:200,0
DA:202,0
DA:203,0
DA:206,0
DA:208,0
DA:215,0
DA:218,0
DA:219,0
DA:225,0
DA:226,0
DA:232,0
DA:239,0
LF:64
LH:0
BRDA:29,0,0,0
BRDA:29,0,1,0
BRDA:87,1,0,0
BRDA:87,1,1,0
BRDA:87,2,0,0
BRDA:87,2,1,0
BRDA:97,3,0,0
BRDA:97,3,1,0
BRDA:102,4,0,0
BRDA:102,4,1,0
BRDA:102,4,2,0
BRDA:102,5,0,0
BRDA:102,5,1,0
BRDA:102,6,0,0
BRDA:102,6,1,0
BRDA:103,7,0,0
BRDA:103,7,1,0
BRDA:103,7,2,0
BRDA:103,7,3,0
BRDA:104,8,0,0
BRDA:104,8,1,0
BRDA:108,9,0,0
BRDA:108,9,1,0
BRDA:109,10,0,0
BRDA:109,10,1,0
BRDA:110,11,0,0
BRDA:110,11,1,0
BRDA:114,12,0,0
BRDA:114,12,1,0
BRDA:122,13,0,0
BRDA:122,13,1,0
BRDA:124,14,0,0
BRDA:124,14,1,0
BRDA:175,15,0,0
BRDA:175,15,1,0
BRDA:180,16,0,0
BRDA:180,16,1,0
BRDA:184,17,0,0
BRDA:184,17,1,0
BRDA:190,18,0,0
BRDA:190,18,1,0
BRDA:194,19,0,0
BRDA:194,19,1,0
BRDA:202,20,0,0
BRDA:202,20,1,0
BRDA:218,21,0,0
BRDA:218,21,1,0
BRDA:225,22,0,0
BRDA:225,22,1,0
BRF:49
BRH:0
end_of_record
TN:
SF:routes\album-covers.js
FN:22,createAlbumCoverRoutes
FN:28,(anonymous_1)
FN:54,(anonymous_2)
FN:58,(anonymous_3)
FN:63,(anonymous_4)
FN:86,(anonymous_5)
FN:135,(anonymous_6)
FN:148,(anonymous_7)
FN:175,(anonymous_8)
FN:243,(anonymous_9)
FN:275,(anonymous_10)
FN:319,(anonymous_11)
FNF:12
FNH:0
FNDA:0,createAlbumCoverRoutes
FNDA:0,(anonymous_1)
FNDA:0,(anonymous_2)
FNDA:0,(anonymous_3)
FNDA:0,(anonymous_4)
FNDA:0,(anonymous_5)
FNDA:0,(anonymous_6)
FNDA:0,(anonymous_7)
FNDA:0,(anonymous_8)
FNDA:0,(anonymous_9)
FNDA:0,(anonymous_10)
FNDA:0,(anonymous_11)
DA:8,0
DA:9,0
DA:10,0
DA:11,0
DA:12,0
DA:15,0
DA:23,0
DA:28,0
DA:29,0
DA:31,0
DA:32,0
DA:39,0
DA:40,0
DA:41,0
DA:43,0
DA:54,0
DA:55,0
DA:58,0
DA:63,0
DA:86,0
DA:87,0
DA:97,0
DA:100,0
DA:101,0
DA:108,0
DA:109,0
DA:115,0
DA:118,0
DA:130,0
DA:131,0
DA:135,0
DA:136,0
DA:143,0
DA:145,0
DA:148,0
DA:158,0
DA:159,0
DA:175,0
DA:176,0
DA:177,0
DA:179,0
DA:180,0
DA:186,0
DA:189,0
DA:197,0
DA:198,0
DA:205,0
DA:206,0
DA:210,0
DA:216,0
DA:218,0
DA:231,0
DA:232,0
DA:243,0
DA:244,0
DA:245,0
DA:247,0
DA:249,0
DA:250,0
DA:256,0
DA:263,0
DA:264,0
DA:275,0
DA:276,0
DA:277,0
DA:280,0
DA:281,0
DA:287,0
DA:290,0
DA:291,0
DA:298,0
DA:300,0
DA:302,0
DA:307,0
DA:308,0
DA:319,0
DA:320,0
DA:334,0
DA:337,0
LF:79
LH:0
BRDA:29,0,0,0
BRDA:29,0,1,0
BRDA:31,1,0,0
BRDA:31,1,1,0
BRDA:100,2,0,0
BRDA:100,2,1,0
BRDA:100,3,0,0
BRDA:100,3,1,0
BRDA:108,4,0,0
BRDA:108,4,1,0
BRDA:108,5,0,0
BRDA:108,5,1,0
BRDA:108,5,2,0
BRDA:115,6,0,0
BRDA:115,6,1,0
BRDA:121,7,0,0
BRDA:121,7,1,0
BRDA:122,8,0,0
BRDA:122,8,1,0
BRDA:123,9,0,0
BRDA:123,9,1,0
BRDA:124,10,0,0
BRDA:124,10,1,0
BRDA:125,11,0,0
BRDA:125,11,1,0
BRDA:126,12,0,0
BRDA:126,12,1,0
BRDA:130,13,0,0
BRDA:130,13,1,0
BRDA:179,14,0,0
BRDA:179,14,1,0
BRDA:191,15,0,0
BRDA:191,15,1,0
BRDA:192,16,0,0
BRDA:192,16,1,0
BRDA:197,17,0,0
BRDA:197,17,1,0
BRDA:197,18,0,0
BRDA:197,18,1,0
BRDA:205,19,0,0
BRDA:205,19,1,0
BRDA:249,20,0,0
BRDA:249,20,1,0
BRDA:280,21,0,0
BRDA:280,21,1,0
BRDA:280,22,0,0
BRDA:280,22,1,0
BRDA:280,22,2,0
BRDA:280,22,3,0
BRDA:290,23,0,0
BRDA:290,23,1,0
BRF:51
BRH:0
end_of_record
TN:
SF:routes\analytics.js
FN:12,(anonymous_0)
FN:56,(anonymous_1)
FN:68,(anonymous_2)
FN:69,(anonymous_3)
FN:70,(anonymous_4)
FN:71,(anonymous_5)
FN:107,(anonymous_6)
FN:162,(anonymous_7)
FN:203,(anonymous_8)
FN:206,(anonymous_9)
FN:226,(anonymous_10)
FN:267,(anonymous_11)
FN:270,(anonymous_12)
FN:290,(anonymous_13)
FN:332,(anonymous_14)
FN:335,(anonymous_15)
FN:366,(anonymous_16)
FN:403,(anonymous_17)
FNF:18
FNH:0
FNDA:0,(anonymous_0)
FNDA:0,(anonymous_1)
FNDA:0,(anonymous_2)
FNDA:0,(anonymous_3)
FNDA:0,(anonymous_4)
FNDA:0,(anonymous_5)
FNDA:0,(anonymous_6)
FNDA:0,(anonymous_7)
FNDA:0,(anonymous_8)
FNDA:0,(anonymous_9)
FNDA:0,(anonymous_10)
FNDA:0,(anonymous_11)
FNDA:0,(anonymous_12)
FNDA:0,(anonymous_13)
FNDA:0,(anonymous_14)
FNDA:0,(anonymous_15)
FNDA:0,(anonymous_16)
FNDA:0,(anonymous_17)
DA:4,0
DA:5,0
DA:6,0
DA:7,0
DA:12,0
DA:13,0
DA:14,0
DA:16,0
DA:18,0
DA:19,0
DA:21,0
DA:22,0
DA:26,0
DA:27,0
DA:29,0
DA:30,0
DA:31,0
DA:32,0
DA:33,0
DA:34,0
DA:35,0
DA:36,0
DA:37,0
DA:41,0
DA:53,0
DA:56,0
DA:67,0
DA:68,0
DA:69,0
DA:70,0
DA:71,0
DA:75,0
DA:80,0
DA:83,0
DA:85,0
DA:99,0
DA:100,0
DA:107,0
DA:108,0
DA:110,0
DA:112,0
DA:113,0
DA:115,0
DA:116,0
DA:120,0
DA:125,0
DA:128,0
DA:133,0
DA:136,0
DA:141,0
DA:143,0
DA:154,0
DA:155,0
DA:162,0
DA:163,0
DA:164,0
DA:166,0
DA:168,0
DA:169,0
DA:171,0
DA:172,0
DA:176,0
DA:177,0
DA:179,0
DA:180,0
DA:181,0
DA:182,0
DA:183,0
DA:184,0
DA:185,0
DA:186,0
DA:187,0
DA:191,0
DA:200,0
DA:203,0
DA:206,0
DA:212,0
DA:218,0
DA:219,0
DA:226,0
DA:227,0
DA:228,0
DA:230,0
DA:232,0
DA:233,0
DA:235,0
DA:236,0
DA:240,0
DA:241,0
DA:243,0
DA:244,0
DA:245,0
DA:246,0
DA:247,0
DA:248,0
DA:249,0
DA:250,0
DA:251,0
DA:255,0
DA:264,0
DA:267,0
DA:270,0
DA:276,0
DA:282,0
DA:283,0
DA:290,0
DA:291,0
DA:292,0
DA:294,0
DA:296,0
DA:297,0
DA:299,0
DA:300,0
DA:304,0
DA:305,0
DA:307,0
DA:308,0
DA:309,0
DA:310,0
DA:311,0
DA:312,0
DA:313,0
DA:314,0
DA:315,0
DA:319,0
DA:329,0
DA:332,0
DA:335,0
DA:336,0
DA:337,0
DA:338,0
DA:339,0
DA:340,0
DA:345,0
DA:352,0
DA:358,0
DA:359,0
DA:366,0
DA:367,0
DA:369,0
DA:371,0
DA:372,0
DA:374,0
DA:375,0
DA:379,0
DA:388,0
DA:391,0
DA:400,0
DA:403,0
DA:404,0
DA:405,0
DA:408,0
DA:431,0
DA:434,0
DA:435,0
DA:439,0
LF:156
LH:0
BRDA:21,0,0,0
BRDA:21,0,1,0
BRDA:29,1,0,0
BRDA:29,1,1,0
BRDA:29,2,0,0
BRDA:29,2,1,0
BRDA:32,3,0,0
BRDA:32,3,1,0
BRDA:35,4,0,0
BRDA:35,4,1,0
BRDA:58,5,0,0
BRDA:58,5,1,0
BRDA:59,6,0,0
BRDA:59,6,1,0
BRDA:60,7,0,0
BRDA:60,7,1,0
BRDA:61,8,0,0
BRDA:61,8,1,0
BRDA:75,9,0,0
BRDA:75,9,1,0
BRDA:93,10,0,0
BRDA:93,10,1,0
BRDA:94,11,0,0
BRDA:94,11,1,0
BRDA:115,12,0,0
BRDA:115,12,1,0
BRDA:145,13,0,0
BRDA:145,13,1,0
BRDA:146,14,0,0
BRDA:146,14,1,0
BRDA:147,15,0,0
BRDA:147,15,1,0
BRDA:148,16,0,0
BRDA:148,16,1,0
BRDA:171,17,0,0
BRDA:171,17,1,0
BRDA:179,18,0,0
BRDA:179,18,1,0
BRDA:179,19,0,0
BRDA:179,19,1,0
BRDA:182,20,0,0
BRDA:182,20,1,0
BRDA:185,21,0,0
BRDA:185,21,1,0
BRDA:209,22,0,0
BRDA:209,22,1,0
BRDA:235,23,0,0
BRDA:235,23,1,0
BRDA:243,24,0,0
BRDA:243,24,1,0
BRDA:243,25,0,0
BRDA:243,25,1,0
BRDA:246,26,0,0
BRDA:246,26,1,0
BRDA:249,27,0,0
BRDA:249,27,1,0
BRDA:273,28,0,0
BRDA:273,28,1,0
BRDA:299,29,0,0
BRDA:299,29,1,0
BRDA:307,30,0,0
BRDA:307,30,1,0
BRDA:307,31,0,0
BRDA:307,31,1,0
BRDA:310,32,0,0
BRDA:310,32,1,0
BRDA:313,33,0,0
BRDA:313,33,1,0
BRDA:337,34,0,0
BRDA:337,34,1,0
BRDA:337,35,0,0
BRDA:337,35,1,0
BRDA:348,36,0,0
BRDA:348,36,1,0
BRDA:374,37,0,0
BRDA:374,37,1,0
BRDA:404,38,0,0
BRDA:404,38,1,0
BRDA:404,39,0,0
BRDA:404,39,1,0
BRF:80
BRH:0
end_of_record
TN:
SF:routes\appearance.js
FN:15,(anonymous_0)
FN:61,(anonymous_1)
FN:115,(anonymous_2)
FN:145,(anonymous_3)
FNF:4
FNH:0
FNDA:0,(anonymous_0)
FNDA:0,(anonymous_1)
FNDA:0,(anonymous_2)
FNDA:0,(anonymous_3)
DA:7,0
DA:8,0
DA:9,0
DA:10,0
DA:15,0
DA:16,0
DA:17,0
DA:20,0
DA:21,0
DA:23,0
DA:24,0
DA:28,0
DA:33,0
DA:35,0
DA:37,0
DA:44,0
DA:46,0
DA:53,0
DA:54,0
DA:61,0
DA:62,0
DA:63,0
DA:64,0
DA:66,0
DA:67,0
DA:71,0
DA:72,0
DA:74,0
DA:75,0
DA:79,0
DA:82,0
DA:83,0
DA:85,0
DA:87,0
DA:94,0
DA:100,0
DA:107,0
DA:108,0
DA:115,0
DA:116,0
DA:117,0
DA:120,0
DA:121,0
DA:123,0
DA:124,0
DA:128,0
DA:130,0
DA:136,0
DA:137,0
DA:145,0
DA:146,0
DA:147,0
DA:150,0
DA:154,0
DA:156,0
DA:157,0
DA:161,0
DA:166,0
DA:168,0
DA:169,0
DA:172,0
DA:173,0
DA:176,0
DA:177,0
DA:181,0
LF:65
LH:0
BRDA:23,0,0,0
BRDA:23,0,1,0
BRDA:35,1,0,0
BRDA:35,1,1,0
BRDA:66,2,0,0
BRDA:66,2,1,0
BRDA:74,3,0,0
BRDA:74,3,1,0
BRDA:85,4,0,0
BRDA:85,4,1,0
BRDA:123,5,0,0
BRDA:123,5,1,0
BRDA:156,6,0,0
BRDA:156,6,1,0
BRDA:168,7,0,0
BRDA:168,7,1,0
BRF:16
BRH:0
end_of_record
TN:
SF:routes\auth.js
FN:18,createAuthRoutes
FN:22,(anonymous_1)
FN:32,(anonymous_2)
FN:43,(anonymous_3)
FN:57,(anonymous_4)
FN:79,(anonymous_5)
FN:103,(anonymous_6)
FN:188,(anonymous_7)
FN:236,(anonymous_8)
FN:336,(anonymous_9)
FN:364,(anonymous_10)
FN:383,(anonymous_11)
FN:462,(anonymous_12)
FNF:13
FNH:0
FNDA:0,createAuthRoutes
FNDA:0,(anonymous_1)
FNDA:0,(anonymous_2)
FNDA:0,(anonymous_3)
FNDA:0,(anonymous_4)
FNDA:0,(anonymous_5)
FNDA:0,(anonymous_6)
FNDA:0,(anonymous_7)
FNDA:0,(anonymous_8)
FNDA:0,(anonymous_9)
FNDA:0,(anonymous_10)
FNDA:0,(anonymous_11)
FNDA:0,(anonymous_12)
DA:1,0
DA:2,0
DA:3,0
DA:4,0
DA:5,0
DA:13,0
DA:14,0
DA:16,0
DA:19,0
DA:22,0
DA:23,0
DA:32,0
DA:33,0
DA:43,0
DA:44,0
DA:45,0
DA:47,0
DA:48,0
DA:50,0
DA:57,0
DA:59,0
DA:66,0
DA:69,0
DA:72,0
DA:73,0
DA:75,0
DA:79,0
DA:80,0
DA:82,0
DA:83,0
DA:84,0
DA:88,0
DA:93,0
DA:94,0
DA:97,0
DA:98,0
DA:103,0
DA:104,0
DA:106,0
DA:107,0
DA:111,0
DA:112,0
DA:114,0
DA:115,0
DA:119,0
DA:120,0
DA:122,0
DA:123,0
DA:124,0
DA:130,0
DA:131,0
DA:134,0
DA:135,0
DA:137,0
DA:141,0
DA:144,0
DA:147,0
DA:152,0
DA:155,0
DA:156,0
DA:159,0
DA:162,0
DA:164,0
DA:178,0
DA:179,0
DA:181,0
DA:182,0
DA:188,0
DA:189,0
DA:191,0
DA:192,0
DA:195,0
DA:196,0
DA:198,0
DA:199,0
DA:203,0
DA:204,0
DA:207,0
DA:209,0
DA:210,0
DA:214,0
DA:216,0
DA:230,0
DA:231,0
DA:236,0
DA:237,0
DA:238,0
DA:240,0
DA:241,0
DA:242,0
DA:245,0
DA:246,0
DA:248,0
DA:252,0
DA:253,0
DA:256,0
DA:258,0
DA:260,0
DA:261,0
DA:262,0
DA:267,0
DA:268,0
DA:269,0
DA:272,0
DA:273,0
DA:276,0
DA:280,0
DA:288,0
DA:293,0
DA:296,0
DA:297,0
DA:301,0
DA:304,0
DA:306,0
DA:307,0
DA:323,0
DA:325,0
DA:326,0
DA:328,0
DA:336,0
DA:337,0
DA:339,0
DA:341,0
DA:343,0
DA:344,0
DA:350,0
DA:351,0
DA:353,0
DA:355,0
DA:357,0
DA:358,0
DA:359,0
DA:364,0
DA:365,0
DA:367,0
DA:372,0
DA:373,0
DA:375,0
DA:377,0
DA:378,0
DA:383,0
DA:384,0
DA:386,0
DA:388,0
DA:389,0
DA:396,0
DA:399,0
DA:403,0
DA:404,0
DA:411,0
DA:412,0
DA:414,0
DA:418,0
DA:425,0
DA:429,0
DA:430,0
DA:437,0
DA:442,0
DA:444,0
DA:456,0
DA:457,0
DA:462,0
DA:463,0
DA:464,0
DA:468,0
DA:469,0
DA:473,0
DA:475,0
DA:480,0
DA:481,0
DA:485,0
DA:488,0
LF:172
LH:0
BRDA:47,0,0,0
BRDA:47,0,1,0
BRDA:48,1,0,0
BRDA:48,1,1,0
BRDA:60,2,0,0
BRDA:60,2,1,0
BRDA:83,3,0,0
BRDA:83,3,1,0
BRDA:91,4,0,0
BRDA:91,4,1,0
BRDA:106,5,0,0
BRDA:106,5,1,0
BRDA:106,6,0,0
BRDA:106,6,1,0
BRDA:111,7,0,0
BRDA:111,7,1,0
BRDA:114,8,0,0
BRDA:114,8,1,0
BRDA:119,9,0,0
BRDA:119,9,1,0
BRDA:123,10,0,0
BRDA:123,10,1,0
BRDA:130,11,0,0
BRDA:130,11,1,0
BRDA:130,12,0,0
BRDA:130,12,1,0
BRDA:141,13,0,0
BRDA:141,13,1,0
BRDA:171,14,0,0
BRDA:171,14,1,0
BRDA:178,15,0,0
BRDA:178,15,1,0
BRDA:191,16,0,0
BRDA:191,16,1,0
BRDA:191,17,0,0
BRDA:191,17,1,0
BRDA:198,18,0,0
BRDA:198,18,1,0
BRDA:203,19,0,0
BRDA:203,19,1,0
BRDA:209,20,0,0
BRDA:209,20,1,0
BRDA:224,21,0,0
BRDA:224,21,1,0
BRDA:240,22,0,0
BRDA:240,22,1,0
BRDA:258,23,0,0
BRDA:258,23,1,0
BRDA:260,24,0,0
BRDA:260,24,1,0
BRDA:267,25,0,0
BRDA:267,25,1,0
BRDA:304,26,0,0
BRDA:304,26,1,0
BRDA:315,27,0,0
BRDA:315,27,1,0
BRDA:325,28,0,0
BRDA:325,28,1,0
BRDA:339,29,0,0
BRDA:339,29,1,0
BRDA:341,30,0,0
BRDA:341,30,1,0
BRDA:386,31,0,0
BRDA:386,31,1,0
BRDA:388,32,0,0
BRDA:388,32,1,0
BRDA:403,33,0,0
BRDA:403,33,1,0
BRDA:412,34,0,0
BRDA:412,34,1,0
BRDA:429,35,0,0
BRDA:429,35,1,0
BRDA:452,36,0,0
BRDA:452,36,1,0
BRDA:468,37,0,0
BRDA:468,37,1,0
BRF:76
BRH:0
end_of_record
TN:
SF:routes\avatar-crop.js
FN:15,(anonymous_0)
FN:88,(anonymous_1)
FNF:2
FNH:0
FNDA:0,(anonymous_0)
FNDA:0,(anonymous_1)
DA:1,0
DA:2,0
DA:3,0
DA:4,0
DA:15,0
DA:16,0
DA:17,0
DA:19,0
DA:22,0
DA:23,0
DA:26,0
DA:27,0
DA:31,0
DA:35,0
DA:41,0
DA:42,0
DA:46,0
DA:61,0
DA:62,0
DA:66,0
DA:72,0
DA:79,0
DA:80,0
DA:88,0
DA:89,0
DA:90,0
DA:92,0
DA:98,0
DA:99,0
DA:102,0
DA:108,0
DA:109,0
DA:113,0
LF:33
LH:0
BRDA:22,0,0,0
BRDA:22,0,1,0
BRDA:26,1,0,0
BRDA:26,1,1,0
BRDA:31,2,0,0
BRDA:31,2,1,0
BRDA:31,3,0,0
BRDA:31,3,1,0
BRDA:31,3,2,0
BRDA:31,3,3,0
BRDA:41,4,0,0
BRDA:41,4,1,0
BRDA:41,5,0,0
BRDA:41,5,1,0
BRDA:61,6,0,0
BRDA:61,6,1,0
BRDA:76,7,0,0
BRDA:76,7,1,0
BRDA:98,8,0,0
BRDA:98,8,1,0
BRDA:105,9,0,0
BRDA:105,9,1,0
BRF:22
BRH:0
end_of_record
TN:
SF:routes\cameraUpdates.js
FN:8,init
FN:16,(anonymous_1)
FN:25,(anonymous_2)
FN:26,(anonymous_3)
FN:33,(anonymous_4)
FN:34,(anonymous_5)
FN:69,(anonymous_6)
FN:86,(anonymous_7)
FN:109,(anonymous_8)
FN:154,(anonymous_9)
FN:201,(anonymous_10)
FN:248,isEnglishText
FN:267,hasContentChanged
FN:291,saveUpdatesToDb
FN:302,(anonymous_14)
FNF:15
FNH:0
FNDA:0,init
FNDA:0,(anonymous_1)
FNDA:0,(anonymous_2)
FNDA:0,(anonymous_3)
FNDA:0,(anonymous_4)
FNDA:0,(anonymous_5)
FNDA:0,(anonymous_6)
FNDA:0,(anonymous_7)
FNDA:0,(anonymous_8)
FNDA:0,(anonymous_9)
FNDA:0,(anonymous_10)
FNDA:0,isEnglishText
FNDA:0,hasContentChanged
FNDA:0,saveUpdatesToDb
FNDA:0,(anonymous_14)
DA:1,0
DA:2,0
DA:4,0
DA:5,0
DA:9,0
DA:16,0
DA:17,0
DA:18,0
DA:20,0
DA:21,0
DA:24,0
DA:25,0
DA:26,0
DA:27,0
DA:28,0
DA:32,0
DA:33,0
DA:34,0
DA:35,0
DA:36,0
DA:40,0
DA:41,0
DA:42,0
DA:44,0
DA:45,0
DA:46,0
DA:50,0
DA:51,0
DA:52,0
DA:53,0
DA:56,0
DA:59,0
DA:60,0
DA:61,0
DA:67,0
DA:68,0
DA:69,0
DA:87,0
DA:90,0
DA:97,0
DA:98,0
DA:109,0
DA:110,0
DA:111,0
DA:113,0
DA:114,0
DA:120,0
DA:137,0
DA:142,0
DA:143,0
DA:154,0
DA:155,0
DA:156,0
DA:158,0
DA:164,0
DA:170,0
DA:176,0
DA:184,0
DA:189,0
DA:190,0
DA:201,0
DA:202,0
DA:204,0
DA:207,0
DA:209,0
DA:211,0
DA:213,0
DA:224,0
DA:225,0
DA:237,0
DA:238,0
DA:249,0
DA:252,0
DA:253,0
DA:256,0
DA:257,0
DA:258,0
DA:259,0
DA:261,0
DA:268,0
DA:271,0
DA:272,0
DA:273,0
DA:274,0
DA:275,0
DA:279,0
DA:280,0
DA:281,0
DA:282,0
DA:284,0
DA:292,0
DA:293,0
DA:294,0
DA:297,0
DA:298,0
DA:299,0
DA:302,0
DA:303,0
DA:306,0
DA:307,0
DA:308,0
DA:310,0
DA:312,0
DA:314,0
DA:327,0
DA:330,0
DA:334,0
DA:345,0
DA:348,0
DA:352,0
DA:353,0
DA:357,0
LF:112
LH:0
BRDA:18,0,0,0
BRDA:24,1,0,0
BRDA:24,1,1,0
BRDA:32,2,0,0
BRDA:32,2,1,0
BRDA:40,3,0,0
BRDA:40,3,1,0
BRDA:44,4,0,0
BRDA:44,4,1,0
BRDA:50,5,0,0
BRDA:50,5,1,0
BRDA:56,6,0,0
BRDA:56,6,1,0
BRDA:60,7,0,0
BRDA:60,7,1,0
BRDA:77,8,0,0
BRDA:77,8,1,0
BRDA:87,9,0,0
BRDA:87,9,1,0
BRDA:113,10,0,0
BRDA:113,10,1,0
BRDA:128,11,0,0
BRDA:128,11,1,0
BRDA:209,12,0,0
BRDA:209,12,1,0
BRDA:209,13,0,0
BRDA:209,13,1,0
BRDA:215,14,0,0
BRDA:215,14,1,0
BRDA:215,15,0,0
BRDA:215,15,1,0
BRDA:227,16,0,0
BRDA:227,16,1,0
BRDA:249,17,0,0
BRDA:249,17,1,0
BRDA:249,18,0,0
BRDA:249,18,1,0
BRDA:253,19,0,0
BRDA:253,19,1,0
BRDA:259,20,0,0
BRDA:259,20,1,0
BRDA:268,21,0,0
BRDA:268,21,1,0
BRDA:273,22,0,0
BRDA:273,22,1,0
BRDA:274,23,0,0
BRDA:274,23,1,0
BRDA:275,24,0,0
BRDA:275,24,1,0
BRDA:279,25,0,0
BRDA:279,25,1,0
BRDA:280,26,0,0
BRDA:280,26,1,0
BRDA:281,27,0,0
BRDA:281,27,1,0
BRDA:282,28,0,0
BRDA:282,28,1,0
BRDA:292,29,0,0
BRDA:292,29,1,0
BRDA:303,30,0,0
BRDA:303,30,1,0
BRDA:310,31,0,0
BRDA:310,31,1,0
BRDA:312,32,0,0
BRDA:312,32,1,0
BRF:65
BRH:0
end_of_record
TN:
SF:routes\contact.js
FN:20,createContactRoutes
FN:49,(anonymous_1)
FN:240,(anonymous_2)
FN:286,(anonymous_3)
FN:511,(anonymous_4)
FNF:5
FNH:0
FNDA:0,createContactRoutes
FNDA:0,(anonymous_1)
FNDA:0,(anonymous_2)
FNDA:0,(anonymous_3)
FNDA:0,(anonymous_4)
DA:1,0
DA:2,0
DA:3,0
DA:4,0
DA:7,0
DA:10,0
DA:13,0
DA:21,0
DA:24,0
DA:37,0
DA:49,0
DA:50,0
DA:60,0
DA:63,0
DA:64,0
DA:66,0
DA:74,0
DA:75,0
DA:76,0
DA:79,0
DA:80,0
DA:85,0
DA:87,0
DA:88,0
DA:91,0
DA:92,0
DA:95,0
DA:96,0
DA:99,0
DA:100,0
DA:103,0
DA:104,0
DA:108,0
DA:114,0
DA:115,0
DA:116,0
DA:117,0
DA:118,0
DA:119,0
DA:123,0
DA:124,0
DA:132,0
DA:133,0
DA:142,0
DA:143,0
DA:144,0
DA:152,0
DA:164,0
DA:173,0
DA:180,0
DA:193,0
DA:198,0
DA:199,0
DA:201,0
DA:206,0
DA:211,0
DA:216,0
DA:218,0
DA:228,0
DA:229,0
DA:240,0
DA:241,0
DA:242,0
DA:244,0
DA:245,0
DA:248,0
DA:262,0
DA:263,0
DA:268,0
DA:277,0
DA:278,0
DA:286,0
DA:287,0
DA:302,0
DA:305,0
DA:306,0
DA:307,0
DA:315,0
DA:316,0
DA:317,0
DA:319,0
DA:320,0
DA:324,0
DA:326,0
DA:327,0
DA:330,0
DA:331,0
DA:334,0
DA:335,0
DA:338,0
DA:339,0
DA:342,0
DA:343,0
DA:346,0
DA:347,0
DA:350,0
DA:351,0
DA:355,0
DA:361,0
DA:362,0
DA:363,0
DA:364,0
DA:365,0
DA:366,0
DA:370,0
DA:371,0
DA:379,0
DA:380,0
DA:389,0
DA:390,0
DA:391,0
DA:399,0
DA:416,0
DA:417,0
DA:418,0
DA:420,0
DA:421,0
DA:425,0
DA:436,0
DA:444,0
DA:463,0
DA:466,0
DA:467,0
DA:469,0
DA:475,0
DA:481,0
DA:486,0
DA:488,0
DA:490,0
DA:499,0
DA:500,0
DA:511,0
DA:512,0
DA:520,0
DA:523,0
DA:524,0
DA:525,0
DA:533,0
DA:534,0
DA:535,0
DA:537,0
DA:538,0
DA:542,0
DA:544,0
DA:545,0
DA:548,0
DA:549,0
DA:552,0
DA:553,0
DA:556,0
DA:557,0
DA:561,0
DA:567,0
DA:568,0
DA:569,0
DA:570,0
DA:571,0
DA:572,0
DA:576,0
DA:577,0
DA:585,0
DA:586,0
DA:595,0
DA:596,0
DA:597,0
DA:605,0
DA:615,0
DA:624,0
DA:631,0
DA:642,0
DA:645,0
DA:646,0
DA:648,0
DA:653,0
DA:658,0
DA:663,0
DA:665,0
DA:673,0
DA:674,0
DA:681,0
DA:684,0
LF:181
LH:0
BRDA:63,0,0,0
BRDA:63,0,1,0
BRDA:63,1,0,0
BRDA:63,1,1,0
BRDA:75,2,0,0
BRDA:75,2,1,0
BRDA:79,3,0,0
BRDA:79,3,1,0
BRDA:79,4,0,0
BRDA:79,4,1,0
BRDA:87,5,0,0
BRDA:87,5,1,0
BRDA:87,6,0,0
BRDA:87,6,1,0
BRDA:87,6,2,0
BRDA:91,7,0,0
BRDA:91,7,1,0
BRDA:91,8,0,0
BRDA:91,8,1,0
BRDA:95,9,0,0
BRDA:95,9,1,0
BRDA:95,10,0,0
BRDA:95,10,1,0
BRDA:99,11,0,0
BRDA:99,11,1,0
BRDA:99,12,0,0
BRDA:99,12,1,0
BRDA:103,13,0,0
BRDA:103,13,1,0
BRDA:103,14,0,0
BRDA:103,14,1,0
BRDA:103,14,2,0
BRDA:116,15,0,0
BRDA:116,15,1,0
BRDA:123,16,0,0
BRDA:123,16,1,0
BRDA:142,17,0,0
BRDA:142,17,1,0
BRDA:159,18,0,0
BRDA:159,18,1,0
BRDA:160,19,0,0
BRDA:160,19,1,0
BRDA:187,20,0,0
BRDA:187,20,1,0
BRDA:220,21,0,0
BRDA:220,21,1,0
BRDA:224,22,0,0
BRDA:224,22,1,0
BRDA:244,23,0,0
BRDA:244,23,1,0
BRDA:262,24,0,0
BRDA:262,24,1,0
BRDA:305,25,0,0
BRDA:305,25,1,0
BRDA:305,26,0,0
BRDA:305,26,1,0
BRDA:316,27,0,0
BRDA:316,27,1,0
BRDA:319,28,0,0
BRDA:319,28,1,0
BRDA:319,29,0,0
BRDA:319,29,1,0
BRDA:326,30,0,0
BRDA:326,30,1,0
BRDA:326,31,0,0
BRDA:326,31,1,0
BRDA:326,31,2,0
BRDA:330,32,0,0
BRDA:330,32,1,0
BRDA:330,33,0,0
BRDA:330,33,1,0
BRDA:334,34,0,0
BRDA:334,34,1,0
BRDA:334,35,0,0
BRDA:334,35,1,0
BRDA:338,36,0,0
BRDA:338,36,1,0
BRDA:338,37,0,0
BRDA:338,37,1,0
BRDA:338,37,2,0
BRDA:342,38,0,0
BRDA:342,38,1,0
BRDA:342,39,0,0
BRDA:342,39,1,0
BRDA:346,40,0,0
BRDA:346,40,1,0
BRDA:346,41,0,0
BRDA:346,41,1,0
BRDA:346,41,2,0
BRDA:350,42,0,0
BRDA:350,42,1,0
BRDA:363,43,0,0
BRDA:363,43,1,0
BRDA:370,44,0,0
BRDA:370,44,1,0
BRDA:389,45,0,0
BRDA:389,45,1,0
BRDA:404,46,0,0
BRDA:404,46,1,0
BRDA:408,47,0,0
BRDA:408,47,1,0
BRDA:409,48,0,0
BRDA:409,48,1,0
BRDA:410,49,0,0
BRDA:410,49,1,0
BRDA:411,50,0,0
BRDA:411,50,1,0
BRDA:412,51,0,0
BRDA:412,51,1,0
BRDA:417,52,0,0
BRDA:417,52,1,0
BRDA:417,53,0,0
BRDA:417,53,1,0
BRDA:417,53,2,0
BRDA:420,54,0,0
BRDA:420,54,1,0
BRDA:431,55,0,0
BRDA:431,55,1,0
BRDA:488,56,0,0
BRDA:488,56,1,0
BRDA:523,57,0,0
BRDA:523,57,1,0
BRDA:523,58,0,0
BRDA:523,58,1,0
BRDA:534,59,0,0
BRDA:534,59,1,0
BRDA:537,60,0,0
BRDA:537,60,1,0
BRDA:537,61,0,0
BRDA:537,61,1,0
BRDA:544,62,0,0
BRDA:544,62,1,0
BRDA:544,63,0,0
BRDA:544,63,1,0
BRDA:544,63,2,0
BRDA:548,64,0,0
BRDA:548,64,1,0
BRDA:548,65,0,0
BRDA:548,65,1,0
BRDA:552,66,0,0
BRDA:552,66,1,0
BRDA:552,67,0,0
BRDA:552,67,1,0
BRDA:552,67,2,0
BRDA:556,68,0,0
BRDA:556,68,1,0
BRDA:556,69,0,0
BRDA:556,69,1,0
BRDA:556,69,2,0
BRDA:569,70,0,0
BRDA:569,70,1,0
BRDA:576,71,0,0
BRDA:576,71,1,0
BRDA:595,72,0,0
BRDA:595,72,1,0
BRDA:610,73,0,0
BRDA:610,73,1,0
BRDA:611,74,0,0
BRDA:611,74,1,0
BRF:159
BRH:0
end_of_record
TN:
SF:routes\fonts.js
FN:10,(anonymous_0)
FN:14,(anonymous_1)
FN:15,(anonymous_2)
FN:16,(anonymous_3)
FN:17,(anonymous_4)
FN:18,(anonymous_5)
FN:19,(anonymous_6)
FN:44,(anonymous_7)
FN:53,(anonymous_8)
FNF:9
FNH:0
FNDA:0,(anonymous_0)
FNDA:0,(anonymous_1)
FNDA:0,(anonymous_2)
FNDA:0,(anonymous_3)
FNDA:0,(anonymous_4)
FNDA:0,(anonymous_5)
FNDA:0,(anonymous_6)
FNDA:0,(anonymous_7)
FNDA:0,(anonymous_8)
DA:2,0
DA:3,0
DA:4,0
DA:10,0
DA:11,0
DA:13,0
DA:14,0
DA:15,0
DA:16,0
DA:17,0
DA:18,0
DA:19,0
DA:22,0
DA:35,0
DA:36,0
DA:44,0
DA:45,0
DA:46,0
DA:47,0
DA:49,0
DA:50,0
DA:53,0
DA:54,0
DA:56,0
DA:57,0
DA:61,0
LF:26
LH:0
BRDA:49,0,0,0
BRDA:49,0,1,0
BRF:2
BRH:0
end_of_record
TN:
SF:routes\gallery-uploads.js
FN:15,(anonymous_0)
FN:31,(anonymous_1)
FN:140,(anonymous_2)
FN:191,(anonymous_3)
FNF:4
FNH:4
FNDA:9,(anonymous_0)
FNDA:9,(anonymous_1)
FNDA:6,(anonymous_2)
FNDA:7,(anonymous_3)
DA:1,1
DA:2,1
DA:3,1
DA:4,1
DA:5,1
DA:6,1
DA:9,1
DA:17,9
DA:18,1
DA:20,8
DA:28,1
DA:32,9
DA:33,9
DA:35,9
DA:36,9
DA:39,9
DA:40,1
DA:44,8
DA:46,8
DA:47,1
DA:51,7
DA:54,7
DA:55,2
DA:58,5
DA:59,1
DA:63,4
DA:66,4
DA:67,1
DA:72,3
DA:73,3
DA:84,3
DA:85,3
DA:89,0
DA:92,0
DA:93,0
DA:94,0
DA:95,0
DA:96,0
DA:100,0
DA:102,0
DA:105,0
DA:111,0
DA:120,0
DA:122,0
DA:125,0
DA:126,0
DA:127,0
DA:129,0
DA:132,0
DA:140,1
DA:141,6
DA:142,6
DA:144,6
DA:147,6
DA:149,6
DA:150,1
DA:154,5
DA:157,5
DA:158,2
DA:162,3
DA:165,3
DA:166,1
DA:170,2
DA:173,2
DA:179,2
DA:181,0
DA:182,0
DA:191,1
DA:192,7
DA:193,7
DA:195,7
DA:196,7
DA:199,7
DA:200,1
DA:204,6
DA:206,6
DA:207,1
DA:211,5
DA:214,5
DA:215,1
DA:219,4
DA:220,6
DA:221,2
DA:225,4
DA:228,4
DA:229,1
DA:233,3
DA:238,1
DA:244,1
DA:246,0
DA:247,0
DA:251,1
LF:92
LH:71
BRDA:17,0,0,1
BRDA:17,0,1,8
BRDA:36,1,0,9
BRDA:36,1,1,8
BRDA:39,2,0,1
BRDA:39,2,1,8
BRDA:46,3,0,1
BRDA:46,3,1,7
BRDA:54,4,0,2
BRDA:54,4,1,5
BRDA:58,5,0,1
BRDA:58,5,1,4
BRDA:66,6,0,1
BRDA:66,6,1,3
BRDA:93,7,0,0
BRDA:93,7,1,0
BRDA:95,8,0,0
BRDA:95,8,1,0
BRDA:102,9,0,0
BRDA:102,9,1,0
BRDA:125,10,0,0
BRDA:125,10,1,0
BRDA:126,11,0,0
BRDA:126,11,1,0
BRDA:132,12,0,0
BRDA:132,12,1,0
BRDA:149,13,0,1
BRDA:149,13,1,5
BRDA:157,14,0,2
BRDA:157,14,1,3
BRDA:165,15,0,1
BRDA:165,15,1,2
BRDA:199,16,0,1
BRDA:199,16,1,6
BRDA:206,17,0,1
BRDA:206,17,1,5
BRDA:214,18,0,1
BRDA:214,18,1,4
BRDA:220,19,0,2
BRDA:220,19,1,4
BRDA:220,20,0,6
BRDA:220,20,1,6
BRDA:228,21,0,1
BRDA:228,21,1,3
BRF:44
BRH:32
end_of_record
TN:
SF:routes\invite-analytics.js
FN:13,(anonymous_0)
FN:19,(anonymous_1)
FN:32,(anonymous_2)
FN:46,(anonymous_3)
FN:140,(anonymous_4)
FN:209,(anonymous_5)
FN:250,(anonymous_6)
FN:251,(anonymous_7)
FN:273,(anonymous_8)
FN:313,(anonymous_9)
FN:314,(anonymous_10)
FN:335,(anonymous_11)
FN:386,(anonymous_12)
FN:452,(anonymous_13)
FN:490,(anonymous_14)
FN:515,(anonymous_15)
FNF:16
FNH:0
FNDA:0,(anonymous_0)
FNDA:0,(anonymous_1)
FNDA:0,(anonymous_2)
FNDA:0,(anonymous_3)
FNDA:0,(anonymous_4)
FNDA:0,(anonymous_5)
FNDA:0,(anonymous_6)
FNDA:0,(anonymous_7)
FNDA:0,(anonymous_8)
FNDA:0,(anonymous_9)
FNDA:0,(anonymous_10)
FNDA:0,(anonymous_11)
FNDA:0,(anonymous_12)
FNDA:0,(anonymous_13)
FNDA:0,(anonymous_14)
FNDA:0,(anonymous_15)
DA:6,0
DA:7,0
DA:8,0
DA:11,0
DA:13,0
DA:14,0
DA:19,0
DA:20,0
DA:21,0
DA:22,0
DA:32,0
DA:38,0
DA:46,0
DA:47,0
DA:48,0
DA:49,0
DA:52,0
DA:57,0
DA:58,0
DA:65,0
DA:76,0
DA:86,0
DA:87,0
DA:88,0
DA:89,0
DA:92,0
DA:105,0
DA:111,0
DA:127,0
DA:128,0
DA:140,0
DA:141,0
DA:142,0
DA:143,0
DA:144,0
DA:147,0
DA:152,0
DA:153,0
DA:160,0
DA:174,0
DA:176,0
DA:177,0
DA:178,0
DA:181,0
DA:182,0
DA:183,0
DA:186,0
DA:188,0
DA:190,0
DA:196,0
DA:197,0
DA:209,0
DA:210,0
DA:211,0
DA:212,0
DA:215,0
DA:220,0
DA:221,0
DA:228,0
DA:234,0
DA:236,0
DA:237,0
DA:238,0
DA:239,0
DA:240,0
DA:241,0
DA:249,0
DA:250,0
DA:251,0
DA:254,0
DA:260,0
DA:261,0
DA:273,0
DA:274,0
DA:275,0
DA:276,0
DA:279,0
DA:284,0
DA:285,0
DA:292,0
DA:298,0
DA:300,0
DA:301,0
DA:302,0
DA:303,0
DA:304,0
DA:312,0
DA:313,0
DA:314,0
DA:316,0
DA:322,0
DA:323,0
DA:335,0
DA:336,0
DA:337,0
DA:338,0
DA:339,0
DA:342,0
DA:347,0
DA:348,0
DA:355,0
DA:367,0
DA:373,0
DA:374,0
DA:386,0
DA:387,0
DA:388,0
DA:389,0
DA:392,0
DA:397,0
DA:398,0
DA:405,0
DA:408,0
DA:411,0
DA:426,0
DA:428,0
DA:434,0
DA:439,0
DA:440,0
DA:452,0
DA:453,0
DA:454,0
DA:455,0
DA:458,0
DA:463,0
DA:464,0
DA:471,0
DA:489,0
DA:490,0
DA:491,0
DA:494,0
DA:496,0
DA:497,0
DA:499,0
DA:502,0
DA:503,0
DA:515,0
DA:516,0
DA:517,0
DA:518,0
DA:521,0
DA:526,0
DA:527,0
DA:533,0
DA:538,0
DA:544,0
DA:545,0
DA:552,0
DA:555,0
LF:149
LH:0
BRDA:23,0,0,0
BRDA:23,0,1,0
BRDA:24,1,0,0
BRDA:24,1,1,0
BRDA:25,2,0,0
BRDA:25,2,1,0
BRDA:57,3,0,0
BRDA:57,3,1,0
BRDA:86,4,0,0
BRDA:86,4,1,0
BRDA:87,5,0,0
BRDA:87,5,1,0
BRDA:88,6,0,0
BRDA:88,6,1,0
BRDA:89,7,0,0
BRDA:89,7,1,0
BRDA:106,8,0,0
BRDA:106,8,1,0
BRDA:107,9,0,0
BRDA:107,9,1,0
BRDA:108,10,0,0
BRDA:108,10,1,0
BRDA:115,11,0,0
BRDA:115,11,1,0
BRDA:116,12,0,0
BRDA:116,12,1,0
BRDA:117,13,0,0
BRDA:117,13,1,0
BRDA:152,14,0,0
BRDA:152,14,1,0
BRDA:176,15,0,0
BRDA:176,15,1,0
BRDA:181,16,0,0
BRDA:181,16,1,0
BRDA:220,17,0,0
BRDA:220,17,1,0
BRDA:238,18,0,0
BRDA:238,18,1,0
BRDA:239,19,0,0
BRDA:239,19,1,0
BRDA:239,20,0,0
BRDA:239,20,1,0
BRDA:241,21,0,0
BRDA:241,21,1,0
BRDA:284,22,0,0
BRDA:284,22,1,0
BRDA:302,23,0,0
BRDA:302,23,1,0
BRDA:303,24,0,0
BRDA:303,24,1,0
BRDA:304,25,0,0
BRDA:304,25,1,0
BRDA:339,26,0,0
BRDA:347,27,0,0
BRDA:347,27,1,0
BRDA:389,28,0,0
BRDA:397,29,0,0
BRDA:397,29,1,0
BRDA:405,30,0,0
BRDA:405,30,1,0
BRDA:408,31,0,0
BRDA:408,31,1,0
BRDA:421,32,0,0
BRDA:421,32,1,0
BRDA:422,33,0,0
BRDA:422,33,1,0
BRDA:431,34,0,0
BRDA:431,34,1,0
BRDA:431,35,0,0
BRDA:431,35,1,0
BRDA:463,36,0,0
BRDA:463,36,1,0
BRDA:491,37,0,0
BRDA:491,37,1,0
BRDA:491,38,0,0
BRDA:491,38,1,0
BRDA:491,39,0,0
BRDA:491,39,1,0
BRDA:491,40,0,0
BRDA:491,40,1,0
BRDA:491,41,0,0
BRDA:491,41,1,0
BRDA:491,42,0,0
BRDA:491,42,1,0
BRDA:526,43,0,0
BRDA:526,43,1,0
BRF:86
BRH:0
end_of_record
TN:
SF:routes\invite-checkin.js
FN:12,(anonymous_0)
FN:20,(anonymous_1)
FN:125,(anonymous_2)
FN:185,(anonymous_3)
FN:275,(anonymous_4)
FN:342,(anonymous_5)
FN:398,(anonymous_6)
FN:454,(anonymous_7)
FNF:8
FNH:0
FNDA:0,(anonymous_0)
FNDA:0,(anonymous_1)
FNDA:0,(anonymous_2)
FNDA:0,(anonymous_3)
FNDA:0,(anonymous_4)
FNDA:0,(anonymous_5)
FNDA:0,(anonymous_6)
FNDA:0,(anonymous_7)
DA:6,0
DA:7,0
DA:10,0
DA:12,0
DA:13,0
DA:20,0
DA:21,0
DA:22,0
DA:23,0
DA:24,0
DA:27,0
DA:32,0
DA:33,0
DA:41,0
DA:42,0
DA:46,0
DA:48,0
DA:49,0
DA:50,0
DA:54,0
DA:55,0
DA:62,0
DA:63,0
DA:70,0
DA:75,0
DA:76,0
DA:87,0
DA:89,0
DA:96,0
DA:105,0
DA:112,0
DA:113,0
DA:125,0
DA:126,0
DA:127,0
DA:128,0
DA:129,0
DA:132,0
DA:137,0
DA:138,0
DA:145,0
DA:158,0
DA:163,0
DA:172,0
DA:173,0
DA:185,0
DA:186,0
DA:187,0
DA:188,0
DA:191,0
DA:196,0
DA:197,0
DA:204,0
DA:214,0
DA:223,0
DA:234,0
DA:245,0
DA:262,0
DA:263,0
DA:275,0
DA:276,0
DA:277,0
DA:278,0
DA:281,0
DA:286,0
DA:287,0
DA:294,0
DA:299,0
DA:300,0
DA:307,0
DA:312,0
DA:329,0
DA:330,0
DA:342,0
DA:343,0
DA:344,0
DA:345,0
DA:348,0
DA:353,0
DA:354,0
DA:361,0
DA:366,0
DA:367,0
DA:374,0
DA:379,0
DA:385,0
DA:386,0
DA:398,0
DA:399,0
DA:400,0
DA:401,0
DA:402,0
DA:405,0
DA:410,0
DA:411,0
DA:417,0
DA:418,0
DA:425,0
DA:435,0
DA:441,0
DA:442,0
DA:454,0
DA:455,0
DA:456,0
DA:457,0
DA:460,0
DA:465,0
DA:466,0
DA:473,0
DA:483,0
DA:489,0
DA:490,0
DA:497,0
DA:500,0
LF:114
LH:0
BRDA:32,0,0,0
BRDA:32,0,1,0
BRDA:41,1,0,0
BRDA:41,1,1,0
BRDA:46,2,0,0
BRDA:46,2,1,0
BRDA:49,3,0,0
BRDA:49,3,1,0
BRDA:54,4,0,0
BRDA:54,4,1,0
BRDA:62,5,0,0
BRDA:62,5,1,0
BRDA:75,6,0,0
BRDA:75,6,1,0
BRDA:129,7,0,0
BRDA:129,8,0,0
BRDA:137,9,0,0
BRDA:137,9,1,0
BRDA:196,10,0,0
BRDA:196,10,1,0
BRDA:248,11,0,0
BRDA:248,11,1,0
BRDA:249,12,0,0
BRDA:249,12,1,0
BRDA:250,13,0,0
BRDA:250,13,1,0
BRDA:251,14,0,0
BRDA:251,14,1,0
BRDA:254,15,0,0
BRDA:254,15,1,0
BRDA:286,16,0,0
BRDA:286,16,1,0
BRDA:299,17,0,0
BRDA:299,17,1,0
BRDA:324,18,0,0
BRDA:324,18,1,0
BRDA:353,19,0,0
BRDA:353,19,1,0
BRDA:366,20,0,0
BRDA:366,20,1,0
BRDA:410,21,0,0
BRDA:410,21,1,0
BRDA:417,22,0,0
BRDA:417,22,1,0
BRDA:417,23,0,0
BRDA:417,23,1,0
BRDA:465,24,0,0
BRDA:465,24,1,0
BRF:48
BRH:0
end_of_record
TN:
SF:routes\invite-gallery.js
FN:17,(anonymous_0)
FN:26,(anonymous_1)
FN:35,(anonymous_2)
FN:48,(anonymous_3)
FN:56,(anonymous_4)
FN:125,(anonymous_5)
FN:147,(anonymous_6)
FN:168,(anonymous_7)
FN:189,(anonymous_8)
FN:205,(anonymous_9)
FN:237,(anonymous_10)
FN:257,(anonymous_11)
FN:310,(anonymous_12)
FN:340,(anonymous_13)
FN:383,(anonymous_14)
FNF:15
FNH:0
FNDA:0,(anonymous_0)
FNDA:0,(anonymous_1)
FNDA:0,(anonymous_2)
FNDA:0,(anonymous_3)
FNDA:0,(anonymous_4)
FNDA:0,(anonymous_5)
FNDA:0,(anonymous_6)
FNDA:0,(anonymous_7)
FNDA:0,(anonymous_8)
FNDA:0,(anonymous_9)
FNDA:0,(anonymous_10)
FNDA:0,(anonymous_11)
FNDA:0,(anonymous_12)
FNDA:0,(anonymous_13)
FNDA:0,(anonymous_14)
DA:6,0
DA:7,0
DA:8,0
DA:9,0
DA:10,0
DA:13,0
DA:16,0
DA:18,0
DA:19,0
DA:20,0
DA:21,0
DA:23,0
DA:27,0
DA:28,0
DA:32,0
DA:36,0
DA:37,0
DA:38,0
DA:40,0
DA:41,0
DA:43,0
DA:48,0
DA:49,0
DA:56,0
DA:57,0
DA:58,0
DA:59,0
DA:62,0
DA:67,0
DA:68,0
DA:74,0
DA:75,0
DA:82,0
DA:85,0
DA:98,0
DA:101,0
DA:106,0
DA:112,0
DA:113,0
DA:125,0
DA:126,0
DA:127,0
DA:128,0
DA:131,0
DA:136,0
DA:137,0
DA:144,0
DA:147,0
DA:149,0
DA:155,0
DA:156,0
DA:168,0
DA:169,0
DA:170,0
DA:171,0
DA:172,0
DA:175,0
DA:180,0
DA:181,0
DA:188,0
DA:189,0
DA:191,0
DA:192,0
DA:199,0
DA:200,0
DA:203,0
DA:205,0
DA:207,0
DA:210,0
DA:213,0
DA:218,0
DA:224,0
DA:225,0
DA:237,0
DA:238,0
DA:239,0
DA:240,0
DA:243,0
DA:248,0
DA:249,0
DA:256,0
DA:257,0
DA:259,0
DA:260,0
DA:266,0
DA:269,0
DA:270,0
DA:271,0
DA:273,0
DA:278,0
DA:281,0
DA:282,0
DA:286,0
DA:291,0
DA:297,0
DA:298,0
DA:310,0
DA:311,0
DA:312,0
DA:313,0
DA:314,0
DA:317,0
DA:322,0
DA:323,0
DA:329,0
DA:330,0
DA:337,0
DA:340,0
DA:343,0
DA:344,0
DA:345,0
DA:346,0
DA:347,0
DA:348,0
DA:349,0
DA:354,0
DA:355,0
DA:359,0
DA:364,0
DA:370,0
DA:371,0
DA:383,0
DA:384,0
DA:385,0
DA:386,0
DA:389,0
DA:394,0
DA:395,0
DA:401,0
DA:402,0
DA:409,0
DA:412,0
DA:413,0
DA:414,0
DA:415,0
DA:426,0
DA:427,0
DA:431,0
DA:436,0
DA:442,0
DA:443,0
DA:450,0
DA:453,0
LF:143
LH:0
BRDA:40,0,0,0
BRDA:40,0,1,0
BRDA:40,1,0,0
BRDA:40,1,1,0
BRDA:67,2,0,0
BRDA:67,2,1,0
BRDA:74,3,0,0
BRDA:74,3,1,0
BRDA:82,4,0,0
BRDA:82,4,1,0
BRDA:91,5,0,0
BRDA:91,5,1,0
BRDA:136,6,0,0
BRDA:136,6,1,0
BRDA:144,7,0,0
BRDA:144,7,1,0
BRDA:180,8,0,0
BRDA:180,8,1,0
BRDA:188,9,0,0
BRDA:188,9,1,0
BRDA:191,10,0,0
BRDA:191,10,1,0
BRDA:199,11,0,0
BRDA:199,11,1,0
BRDA:203,12,0,0
BRDA:203,12,1,0
BRDA:248,13,0,0
BRDA:248,13,1,0
BRDA:256,14,0,0
BRDA:256,14,1,0
BRDA:259,15,0,0
BRDA:259,15,1,0
BRDA:281,16,0,0
BRDA:281,16,1,0
BRDA:281,17,0,0
BRDA:281,17,1,0
BRDA:322,18,0,0
BRDA:322,18,1,0
BRDA:329,19,0,0
BRDA:329,19,1,0
BRDA:337,20,0,0
BRDA:337,20,1,0
BRDA:346,21,0,0
BRDA:346,21,1,0
BRDA:394,22,0,0
BRDA:394,22,1,0
BRDA:401,23,0,0
BRDA:401,23,1,0
BRDA:401,24,0,0
BRDA:401,24,1,0
BRDA:409,25,0,0
BRDA:409,25,1,0
BRDA:422,26,0,0
BRDA:422,26,1,0
BRF:54
BRH:0
end_of_record
TN:
SF:routes\invite-guest-groups.js
FN:12,(anonymous_0)
FN:20,(anonymous_1)
FN:70,(anonymous_2)
FN:80,(anonymous_3)
FN:88,(anonymous_4)
FN:120,(anonymous_5)
FN:144,(anonymous_6)
FN:171,(anonymous_7)
FN:230,(anonymous_8)
FN:273,(anonymous_9)
FN:333,(anonymous_10)
FN:353,(anonymous_11)
FN:383,(anonymous_12)
FN:445,(anonymous_13)
FNF:14
FNH:0
FNDA:0,(anonymous_0)
FNDA:0,(anonymous_1)
FNDA:0,(anonymous_2)
FNDA:0,(anonymous_3)
FNDA:0,(anonymous_4)
FNDA:0,(anonymous_5)
FNDA:0,(anonymous_6)
FNDA:0,(anonymous_7)
FNDA:0,(anonymous_8)
FNDA:0,(anonymous_9)
FNDA:0,(anonymous_10)
FNDA:0,(anonymous_11)
FNDA:0,(anonymous_12)
FNDA:0,(anonymous_13)
DA:6,0
DA:7,0
DA:10,0
DA:12,0
DA:13,0
DA:20,0
DA:21,0
DA:22,0
DA:23,0
DA:26,0
DA:27,0
DA:34,0
DA:36,0
DA:43,0
DA:49,0
DA:51,0
DA:57,0
DA:58,0
DA:70,0
DA:71,0
DA:72,0
DA:74,0
DA:80,0
DA:81,0
DA:84,0
DA:88,0
DA:93,0
DA:101,0
DA:107,0
DA:108,0
DA:120,0
DA:121,0
DA:122,0
DA:123,0
DA:125,0
DA:130,0
DA:131,0
DA:138,0
DA:141,0
DA:144,0
DA:149,0
DA:150,0
DA:152,0
DA:158,0
DA:159,0
DA:171,0
DA:172,0
DA:173,0
DA:174,0
DA:175,0
DA:178,0
DA:183,0
DA:184,0
DA:191,0
DA:204,0
DA:209,0
DA:211,0
DA:217,0
DA:218,0
DA:230,0
DA:231,0
DA:232,0
DA:233,0
DA:236,0
DA:241,0
DA:242,0
DA:249,0
DA:254,0
DA:260,0
DA:261,0
DA:273,0
DA:274,0
DA:275,0
DA:276,0
DA:277,0
DA:280,0
DA:285,0
DA:286,0
DA:292,0
DA:293,0
DA:300,0
DA:303,0
DA:306,0
DA:311,0
DA:320,0
DA:321,0
DA:333,0
DA:334,0
DA:335,0
DA:336,0
DA:339,0
DA:344,0
DA:345,0
DA:352,0
DA:353,0
DA:356,0
DA:361,0
DA:370,0
DA:371,0
DA:383,0
DA:384,0
DA:385,0
DA:386,0
DA:387,0
DA:390,0
DA:395,0
DA:396,0
DA:402,0
DA:404,0
DA:405,0
DA:415,0
DA:416,0
DA:418,0
DA:419,0
DA:420,0
DA:423,0
DA:424,0
DA:425,0
DA:428,0
DA:429,0
DA:430,0
DA:433,0
DA:434,0
DA:440,0
DA:441,0
DA:443,0
DA:445,0
DA:449,0
DA:457,0
DA:458,0
DA:465,0
DA:468,0
LF:132
LH:0
BRDA:26,0,0,0
BRDA:26,0,1,0
BRDA:26,1,0,0
BRDA:26,1,1,0
BRDA:39,2,0,0
BRDA:39,2,1,0
BRDA:39,3,0,0
BRDA:39,3,1,0
BRDA:49,4,0,0
BRDA:49,4,1,0
BRDA:81,5,0,0
BRDA:81,5,1,0
BRDA:84,6,0,0
BRDA:84,6,1,0
BRDA:130,7,0,0
BRDA:130,7,1,0
BRDA:138,8,0,0
BRDA:138,8,1,0
BRDA:141,9,0,0
BRDA:141,9,1,0
BRDA:183,10,0,0
BRDA:183,10,1,0
BRDA:196,11,0,0
BRDA:196,11,1,0
BRDA:197,12,0,0
BRDA:197,12,1,0
BRDA:198,13,0,0
BRDA:198,13,1,0
BRDA:209,14,0,0
BRDA:209,14,1,0
BRDA:241,15,0,0
BRDA:241,15,1,0
BRDA:285,16,0,0
BRDA:285,16,1,0
BRDA:292,17,0,0
BRDA:292,17,1,0
BRDA:292,18,0,0
BRDA:292,18,1,0
BRDA:300,19,0,0
BRDA:300,19,1,0
BRDA:344,20,0,0
BRDA:344,20,1,0
BRDA:352,21,0,0
BRDA:352,21,1,0
BRDA:395,22,0,0
BRDA:395,22,1,0
BRDA:402,23,0,0
BRDA:402,23,1,0
BRDA:404,24,0,0
BRDA:404,24,1,0
BRDA:418,25,0,0
BRDA:418,25,1,0
BRDA:423,26,0,0
BRDA:423,26,1,0
BRDA:428,27,0,0
BRDA:428,27,1,0
BRDA:433,28,0,0
BRDA:433,28,1,0
BRF:58
BRH:0
end_of_record
TN:
SF:routes\invite-guests.js
FN:12,(anonymous_0)
FN:20,(anonymous_1)
FN:108,(anonymous_2)
FN:209,(anonymous_3)
FN:285,(anonymous_4)
FN:328,(anonymous_5)
FN:352,(anonymous_6)
FN:413,(anonymous_7)
FN:509,(anonymous_8)
FN:535,(anonymous_9)
FN:560,(anonymous_10)
FN:581,(anonymous_11)
FNF:12
FNH:0
FNDA:0,(anonymous_0)
FNDA:0,(anonymous_1)
FNDA:0,(anonymous_2)
FNDA:0,(anonymous_3)
FNDA:0,(anonymous_4)
FNDA:0,(anonymous_5)
FNDA:0,(anonymous_6)
FNDA:0,(anonymous_7)
FNDA:0,(anonymous_8)
FNDA:0,(anonymous_9)
FNDA:0,(anonymous_10)
FNDA:0,(anonymous_11)
DA:6,0
DA:7,0
DA:10,0
DA:12,0
DA:13,0
DA:20,0
DA:21,0
DA:22,0
DA:23,0
DA:24,0
DA:27,0
DA:32,0
DA:33,0
DA:40,0
DA:41,0
DA:48,0
DA:53,0
DA:54,0
DA:61,0
DA:63,0
DA:84,0
DA:89,0
DA:95,0
DA:96,0
DA:108,0
DA:109,0
DA:110,0
DA:111,0
DA:119,0
DA:122,0
DA:127,0
DA:128,0
DA:135,0
DA:136,0
DA:138,0
DA:139,0
DA:140,0
DA:143,0
DA:144,0
DA:145,0
DA:148,0
DA:149,0
DA:150,0
DA:153,0
DA:154,0
DA:155,0
DA:158,0
DA:159,0
DA:161,0
DA:164,0
DA:169,0
DA:180,0
DA:196,0
DA:197,0
DA:209,0
DA:210,0
DA:211,0
DA:212,0
DA:213,0
DA:216,0
DA:221,0
DA:222,0
DA:229,0
DA:234,0
DA:235,0
DA:242,0
DA:261,0
DA:266,0
DA:272,0
DA:273,0
DA:285,0
DA:286,0
DA:287,0
DA:288,0
DA:291,0
DA:296,0
DA:297,0
DA:304,0
DA:309,0
DA:315,0
DA:316,0
DA:328,0
DA:329,0
DA:330,0
DA:331,0
DA:332,0
DA:335,0
DA:340,0
DA:341,0
DA:349,0
DA:352,0
DA:353,0
DA:357,0
DA:358,0
DA:362,0
DA:366,0
DA:367,0
DA:371,0
DA:375,0
DA:376,0
DA:380,0
DA:384,0
DA:385,0
DA:388,0
DA:394,0
DA:400,0
DA:401,0
DA:413,0
DA:414,0
DA:415,0
DA:416,0
DA:417,0
DA:420,0
DA:425,0
DA:426,0
DA:432,0
DA:433,0
DA:439,0
DA:440,0
DA:442,0
DA:443,0
DA:444,0
DA:445,0
DA:449,0
DA:454,0
DA:455,0
DA:456,0
DA:460,0
DA:462,0
DA:482,0
DA:485,0
DA:496,0
DA:497,0
DA:509,0
DA:510,0
DA:511,0
DA:512,0
DA:515,0
DA:520,0
DA:521,0
DA:528,0
DA:534,0
DA:535,0
DA:536,0
DA:539,0
DA:541,0
DA:542,0
DA:544,0
DA:547,0
DA:548,0
DA:560,0
DA:561,0
DA:562,0
DA:563,0
DA:564,0
DA:567,0
DA:572,0
DA:573,0
DA:579,0
DA:581,0
DA:587,0
DA:589,0
DA:590,0
DA:597,0
DA:598,0
DA:605,0
DA:614,0
DA:615,0
DA:622,0
DA:625,0
LF:170
LH:0
BRDA:32,0,0,0
BRDA:32,0,1,0
BRDA:40,1,0,0
BRDA:40,1,1,0
BRDA:40,2,0,0
BRDA:40,2,1,0
BRDA:53,3,0,0
BRDA:53,3,1,0
BRDA:74,4,0,0
BRDA:74,4,1,0
BRDA:75,5,0,0
BRDA:75,5,1,0
BRDA:76,6,0,0
BRDA:76,6,1,0
BRDA:77,7,0,0
BRDA:77,7,1,0
BRDA:78,8,0,0
BRDA:78,8,1,0
BRDA:117,9,0,0
BRDA:118,10,0,0
BRDA:127,11,0,0
BRDA:127,11,1,0
BRDA:138,12,0,0
BRDA:138,12,1,0
BRDA:143,13,0,0
BRDA:143,13,1,0
BRDA:148,14,0,0
BRDA:148,14,1,0
BRDA:150,15,0,0
BRDA:150,15,1,0
BRDA:153,16,0,0
BRDA:153,16,1,0
BRDA:184,17,0,0
BRDA:184,17,1,0
BRDA:221,18,0,0
BRDA:221,18,1,0
BRDA:234,19,0,0
BRDA:234,19,1,0
BRDA:250,20,0,0
BRDA:250,20,1,0
BRDA:253,21,0,0
BRDA:253,21,1,0
BRDA:254,22,0,0
BRDA:254,22,1,0
BRDA:255,23,0,0
BRDA:255,23,1,0
BRDA:255,24,0,0
BRDA:255,24,1,0
BRDA:296,25,0,0
BRDA:296,25,1,0
BRDA:340,26,0,0
BRDA:340,26,1,0
BRDA:349,27,0,0
BRDA:349,27,1,0
BRDA:349,27,2,0
BRDA:349,27,3,0
BRDA:349,27,4,0
BRDA:425,28,0,0
BRDA:425,28,1,0
BRDA:432,29,0,0
BRDA:432,29,1,0
BRDA:432,30,0,0
BRDA:432,30,1,0
BRDA:443,31,0,0
BRDA:443,31,1,0
BRDA:443,32,0,0
BRDA:443,32,1,0
BRDA:454,33,0,0
BRDA:454,33,1,0
BRDA:473,34,0,0
BRDA:473,34,1,0
BRDA:474,35,0,0
BRDA:474,35,1,0
BRDA:476,36,0,0
BRDA:476,36,1,0
BRDA:477,37,0,0
BRDA:477,37,1,0
BRDA:520,38,0,0
BRDA:520,38,1,0
BRDA:536,39,0,0
BRDA:536,39,1,0
BRDA:536,40,0,0
BRDA:536,40,1,0
BRDA:572,41,0,0
BRDA:572,41,1,0
BRF:85
BRH:0
end_of_record
TN:
SF:routes\invite-sharing.js
FN:15,(anonymous_0)
FN:23,(anonymous_1)
FN:77,(anonymous_2)
FN:105,(anonymous_3)
FN:141,(anonymous_4)
FN:200,(anonymous_5)
FN:229,(anonymous_6)
FN:322,(anonymous_7)
FN:372,(anonymous_8)
FNF:9
FNH:0
FNDA:0,(anonymous_0)
FNDA:0,(anonymous_1)
FNDA:0,(anonymous_2)
FNDA:0,(anonymous_3)
FNDA:0,(anonymous_4)
FNDA:0,(anonymous_5)
FNDA:0,(anonymous_6)
FNDA:0,(anonymous_7)
FNDA:0,(anonymous_8)
DA:6,0
DA:7,0
DA:10,0
DA:13,0
DA:15,0
DA:16,0
DA:23,0
DA:24,0
DA:25,0
DA:26,0
DA:27,0
DA:30,0
DA:35,0
DA:36,0
DA:43,0
DA:45,0
DA:46,0
DA:47,0
DA:48,0
DA:52,0
DA:54,0
DA:64,0
DA:65,0
DA:77,0
DA:78,0
DA:79,0
DA:80,0
DA:81,0
DA:84,0
DA:89,0
DA:90,0
DA:97,0
DA:100,0
DA:102,0
DA:105,0
DA:111,0
DA:112,0
DA:119,0
DA:128,0
DA:129,0
DA:141,0
DA:142,0
DA:143,0
DA:144,0
DA:147,0
DA:152,0
DA:153,0
DA:163,0
DA:164,0
DA:167,0
DA:187,0
DA:188,0
DA:200,0
DA:201,0
DA:202,0
DA:203,0
DA:204,0
DA:207,0
DA:212,0
DA:213,0
DA:219,0
DA:220,0
DA:227,0
DA:229,0
DA:233,0
DA:234,0
DA:240,0
DA:243,0
DA:249,0
DA:250,0
DA:252,0
DA:253,0
DA:268,0
DA:275,0
DA:281,0
DA:287,0
DA:290,0
DA:291,0
DA:292,0
DA:297,0
DA:303,0
DA:309,0
DA:310,0
DA:322,0
DA:323,0
DA:324,0
DA:325,0
DA:328,0
DA:333,0
DA:334,0
DA:340,0
DA:341,0
DA:344,0
DA:346,0
DA:359,0
DA:360,0
DA:372,0
DA:373,0
DA:374,0
DA:375,0
DA:378,0
DA:383,0
DA:384,0
DA:391,0
DA:397,0
DA:402,0
DA:403,0
DA:410,0
DA:413,0
LF:109
LH:0
BRDA:27,0,0,0
BRDA:35,1,0,0
BRDA:35,1,1,0
BRDA:43,2,0,0
BRDA:43,2,1,0
BRDA:45,3,0,0
BRDA:45,3,1,0
BRDA:47,4,0,0
BRDA:47,4,1,0
BRDA:89,5,0,0
BRDA:89,5,1,0
BRDA:97,6,0,0
BRDA:97,6,1,0
BRDA:102,7,0,0
BRDA:102,7,1,0
BRDA:152,8,0,0
BRDA:152,8,1,0
BRDA:163,9,0,0
BRDA:163,9,1,0
BRDA:180,10,0,0
BRDA:180,10,1,0
BRDA:212,11,0,0
BRDA:212,11,1,0
BRDA:219,12,0,0
BRDA:219,12,1,0
BRDA:219,13,0,0
BRDA:219,13,1,0
BRDA:233,14,0,0
BRDA:233,14,1,0
BRDA:240,15,0,0
BRDA:240,15,1,0
BRDA:252,16,0,0
BRDA:252,16,1,0
BRDA:253,17,0,0
BRDA:253,17,1,0
BRDA:257,18,0,0
BRDA:257,18,1,0
BRDA:259,19,0,0
BRDA:259,19,1,0
BRDA:333,20,0,0
BRDA:333,20,1,0
BRDA:340,21,0,0
BRDA:340,21,1,0
BRDA:383,22,0,0
BRDA:383,22,1,0
BRDA:394,23,0,0
BRDA:394,23,1,0
BRF:47
BRH:0
end_of_record
TN:
SF:routes\invite-templates.js
FN:12,(anonymous_0)
FN:20,(anonymous_1)
FN:54,(anonymous_2)
FN:79,(anonymous_3)
FN:89,(anonymous_4)
FN:114,(anonymous_5)
FN:166,(anonymous_6)
FN:236,(anonymous_7)
FN:302,(anonymous_8)
FN:345,(anonymous_9)
FN:427,(anonymous_10)
FN:478,(anonymous_11)
FNF:12
FNH:0
FNDA:0,(anonymous_0)
FNDA:0,(anonymous_1)
FNDA:0,(anonymous_2)
FNDA:0,(anonymous_3)
FNDA:0,(anonymous_4)
FNDA:0,(anonymous_5)
FNDA:0,(anonymous_6)
FNDA:0,(anonymous_7)
FNDA:0,(anonymous_8)
FNDA:0,(anonymous_9)
FNDA:0,(anonymous_10)
FNDA:0,(anonymous_11)
DA:6,0
DA:7,0
DA:10,0
DA:12,0
DA:13,0
DA:20,0
DA:21,0
DA:22,0
DA:24,0
DA:25,0
DA:27,0
DA:28,0
DA:29,0
DA:32,0
DA:33,0
DA:34,0
DA:38,0
DA:40,0
DA:41,0
DA:43,0
DA:44,0
DA:47,0
DA:48,0
DA:51,0
DA:54,0
DA:60,0
DA:66,0
DA:67,0
DA:79,0
DA:80,0
DA:81,0
DA:83,0
DA:89,0
DA:95,0
DA:101,0
DA:102,0
DA:114,0
DA:115,0
DA:116,0
DA:118,0
DA:123,0
DA:124,0
DA:131,0
DA:132,0
DA:133,0
DA:137,0
DA:141,0
DA:142,0
DA:144,0
DA:153,0
DA:154,0
DA:166,0
DA:167,0
DA:168,0
DA:169,0
DA:172,0
DA:173,0
DA:179,0
DA:180,0
DA:187,0
DA:189,0
DA:209,0
DA:214,0
DA:215,0
DA:217,0
DA:223,0
DA:224,0
DA:236,0
DA:237,0
DA:238,0
DA:239,0
DA:240,0
DA:243,0
DA:248,0
DA:249,0
DA:256,0
DA:275,0
DA:280,0
DA:281,0
DA:283,0
DA:289,0
DA:290,0
DA:302,0
DA:303,0
DA:304,0
DA:305,0
DA:308,0
DA:313,0
DA:314,0
DA:321,0
DA:326,0
DA:332,0
DA:333,0
DA:345,0
DA:346,0
DA:347,0
DA:348,0
DA:349,0
DA:352,0
DA:353,0
DA:360,0
DA:365,0
DA:366,0
DA:373,0
DA:378,0
DA:380,0
DA:386,0
DA:393,0
DA:400,0
DA:405,0
DA:414,0
DA:415,0
DA:427,0
DA:428,0
DA:429,0
DA:432,0
DA:437,0
DA:438,0
DA:445,0
DA:451,0
DA:456,0
DA:457,0
DA:459,0
DA:465,0
DA:466,0
DA:478,0
DA:479,0
DA:480,0
DA:481,0
DA:484,0
DA:489,0
DA:490,0
DA:497,0
DA:508,0
DA:517,0
DA:528,0
DA:529,0
DA:536,0
DA:539,0
LF:139
LH:0
BRDA:22,0,0,0
BRDA:27,1,0,0
BRDA:27,1,1,0
BRDA:32,2,0,0
BRDA:32,2,1,0
BRDA:38,3,0,0
BRDA:38,3,1,0
BRDA:38,3,2,0
BRDA:38,3,3,0
BRDA:56,4,0,0
BRDA:56,4,1,0
BRDA:57,5,0,0
BRDA:57,5,1,0
BRDA:91,6,0,0
BRDA:91,6,1,0
BRDA:92,7,0,0
BRDA:92,7,1,0
BRDA:123,8,0,0
BRDA:123,8,1,0
BRDA:132,9,0,0
BRDA:132,9,1,0
BRDA:137,10,0,0
BRDA:137,10,1,0
BRDA:141,11,0,0
BRDA:141,11,1,0
BRDA:142,12,0,0
BRDA:142,12,1,0
BRDA:172,13,0,0
BRDA:172,13,1,0
BRDA:172,14,0,0
BRDA:172,14,1,0
BRDA:179,15,0,0
BRDA:179,15,1,0
BRDA:179,16,0,0
BRDA:179,16,1,0
BRDA:199,17,0,0
BRDA:199,17,1,0
BRDA:200,18,0,0
BRDA:200,18,1,0
BRDA:201,19,0,0
BRDA:201,19,1,0
BRDA:202,20,0,0
BRDA:202,20,1,0
BRDA:203,21,0,0
BRDA:203,21,1,0
BRDA:214,22,0,0
BRDA:214,22,1,0
BRDA:215,23,0,0
BRDA:215,23,1,0
BRDA:248,24,0,0
BRDA:248,24,1,0
BRDA:263,25,0,0
BRDA:263,25,1,0
BRDA:264,26,0,0
BRDA:264,26,1,0
BRDA:265,27,0,0
BRDA:265,27,1,0
BRDA:266,28,0,0
BRDA:266,28,1,0
BRDA:267,29,0,0
BRDA:267,29,1,0
BRDA:268,30,0,0
BRDA:268,30,1,0
BRDA:268,31,0,0
BRDA:268,31,1,0
BRDA:269,32,0,0
BRDA:269,32,1,0
BRDA:280,33,0,0
BRDA:280,33,1,0
BRDA:281,34,0,0
BRDA:281,34,1,0
BRDA:313,35,0,0
BRDA:313,35,1,0
BRDA:352,36,0,0
BRDA:352,36,1,0
BRDA:352,37,0,0
BRDA:352,37,1,0
BRDA:352,37,2,0
BRDA:365,38,0,0
BRDA:365,38,1,0
BRDA:378,39,0,0
BRDA:378,39,1,0
BRDA:437,40,0,0
BRDA:437,40,1,0
BRDA:456,41,0,0
BRDA:456,41,1,0
BRDA:457,42,0,0
BRDA:457,42,1,0
BRDA:481,43,0,0
BRDA:489,44,0,0
BRDA:489,44,1,0
BRF:91
BRH:0
end_of_record
TN:
SF:routes\invites.js
FN:17,(anonymous_0)
FN:39,(anonymous_1)
FN:47,(anonymous_2)
FN:176,(anonymous_3)
FN:195,(anonymous_4)
FN:232,(anonymous_5)
FN:289,(anonymous_6)
FN:393,(anonymous_7)
FN:439,(anonymous_8)
FN:486,(anonymous_9)
FN:535,(anonymous_10)
FN:592,(anonymous_11)
FN:705,(anonymous_12)
FN:746,(anonymous_13)
FNF:14
FNH:0
FNDA:0,(anonymous_0)
FNDA:0,(anonymous_1)
FNDA:0,(anonymous_2)
FNDA:0,(anonymous_3)
FNDA:0,(anonymous_4)
FNDA:0,(anonymous_5)
FNDA:0,(anonymous_6)
FNDA:0,(anonymous_7)
FNDA:0,(anonymous_8)
FNDA:0,(anonymous_9)
FNDA:0,(anonymous_10)
FNDA:0,(anonymous_11)
FNDA:0,(anonymous_12)
FNDA:0,(anonymous_13)
DA:6,0
DA:7,0
DA:8,0
DA:14,0
DA:17,0
DA:18,0
DA:20,0
DA:21,0
DA:24,0
DA:25,0
DA:28,0
DA:29,0
DA:32,0
DA:33,0
DA:36,0
DA:39,0
DA:40,0
DA:47,0
DA:48,0
DA:49,0
DA:50,0
DA:53,0
DA:54,0
DA:55,0
DA:62,0
DA:67,0
DA:68,0
DA:75,0
DA:76,0
DA:79,0
DA:84,0
DA:85,0
DA:92,0
DA:139,0
DA:145,0
DA:151,0
DA:152,0
DA:153,0
DA:154,0
DA:155,0
DA:157,0
DA:163,0
DA:164,0
DA:176,0
DA:177,0
DA:178,0
DA:179,0
DA:181,0
DA:182,0
DA:184,0
DA:185,0
DA:186,0
DA:189,0
DA:190,0
DA:192,0
DA:195,0
DA:205,0
DA:210,0
DA:219,0
DA:220,0
DA:232,0
DA:233,0
DA:234,0
DA:235,0
DA:237,0
DA:242,0
DA:243,0
DA:250,0
DA:251,0
DA:252,0
DA:253,0
DA:254,0
DA:257,0
DA:267,0
DA:276,0
DA:277,0
DA:289,0
DA:290,0
DA:291,0
DA:292,0
DA:293,0
DA:296,0
DA:301,0
DA:302,0
DA:309,0
DA:310,0
DA:311,0
DA:318,0
DA:362,0
DA:368,0
DA:369,0
DA:370,0
DA:371,0
DA:372,0
DA:374,0
DA:380,0
DA:381,0
DA:393,0
DA:394,0
DA:395,0
DA:396,0
DA:399,0
DA:404,0
DA:405,0
DA:412,0
DA:415,0
DA:420,0
DA:426,0
DA:427,0
DA:439,0
DA:440,0
DA:441,0
DA:442,0
DA:445,0
DA:450,0
DA:451,0
DA:458,0
DA:464,0
DA:466,0
DA:473,0
DA:474,0
DA:486,0
DA:487,0
DA:488,0
DA:490,0
DA:495,0
DA:496,0
DA:503,0
DA:504,0
DA:505,0
DA:506,0
DA:507,0
DA:510,0
DA:511,0
DA:516,0
DA:522,0
DA:523,0
DA:535,0
DA:536,0
DA:537,0
DA:538,0
DA:539,0
DA:542,0
DA:547,0
DA:548,0
DA:555,0
DA:558,0
DA:566,0
DA:571,0
DA:579,0
DA:580,0
DA:592,0
DA:593,0
DA:594,0
DA:595,0
DA:598,0
DA:603,0
DA:604,0
DA:611,0
DA:616,0
DA:617,0
DA:624,0
DA:625,0
DA:627,0
DA:674,0
DA:680,0
DA:685,0
DA:692,0
DA:693,0
DA:705,0
DA:706,0
DA:707,0
DA:710,0
DA:717,0
DA:730,0
DA:743,0
DA:747,0
DA:748,0
DA:761,0
DA:762,0
DA:769,0
DA:772,0
LF:182
LH:0
BRDA:20,0,0,0
BRDA:20,0,1,0
BRDA:20,1,0,0
BRDA:20,1,1,0
BRDA:24,2,0,0
BRDA:24,2,1,0
BRDA:28,3,0,0
BRDA:28,3,1,0
BRDA:32,4,0,0
BRDA:32,4,1,0
BRDA:32,5,0,0
BRDA:32,5,1,0
BRDA:54,6,0,0
BRDA:54,6,1,0
BRDA:67,7,0,0
BRDA:67,7,1,0
BRDA:67,8,0,0
BRDA:67,8,1,0
BRDA:76,9,0,0
BRDA:76,9,1,0
BRDA:84,10,0,0
BRDA:84,10,1,0
BRDA:109,11,0,0
BRDA:109,11,1,0
BRDA:110,12,0,0
BRDA:110,12,1,0
BRDA:111,13,0,0
BRDA:111,13,1,0
BRDA:112,14,0,0
BRDA:112,14,1,0
BRDA:114,15,0,0
BRDA:114,15,1,0
BRDA:116,16,0,0
BRDA:116,16,1,0
BRDA:117,17,0,0
BRDA:117,17,1,0
BRDA:118,18,0,0
BRDA:118,18,1,0
BRDA:119,19,0,0
BRDA:119,19,1,0
BRDA:120,20,0,0
BRDA:120,20,1,0
BRDA:121,21,0,0
BRDA:121,21,1,0
BRDA:122,22,0,0
BRDA:122,22,1,0
BRDA:123,23,0,0
BRDA:123,23,1,0
BRDA:124,24,0,0
BRDA:124,24,1,0
BRDA:125,25,0,0
BRDA:125,25,1,0
BRDA:126,26,0,0
BRDA:126,26,1,0
BRDA:127,27,0,0
BRDA:127,27,1,0
BRDA:128,28,0,0
BRDA:128,28,1,0
BRDA:129,29,0,0
BRDA:129,29,1,0
BRDA:130,30,0,0
BRDA:130,30,1,0
BRDA:131,31,0,0
BRDA:131,31,1,0
BRDA:132,32,0,0
BRDA:132,32,1,0
BRDA:151,33,0,0
BRDA:151,33,1,0
BRDA:152,34,0,0
BRDA:152,34,1,0
BRDA:153,35,0,0
BRDA:153,35,1,0
BRDA:154,36,0,0
BRDA:154,36,1,0
BRDA:155,37,0,0
BRDA:155,37,1,0
BRDA:179,38,0,0
BRDA:179,39,0,0
BRDA:184,40,0,0
BRDA:184,40,1,0
BRDA:197,41,0,0
BRDA:197,41,1,0
BRDA:198,42,0,0
BRDA:198,42,1,0
BRDA:199,43,0,0
BRDA:199,43,1,0
BRDA:200,44,0,0
BRDA:200,44,1,0
BRDA:201,45,0,0
BRDA:201,45,1,0
BRDA:242,46,0,0
BRDA:242,46,1,0
BRDA:250,47,0,0
BRDA:250,47,1,0
BRDA:251,48,0,0
BRDA:251,48,1,0
BRDA:252,49,0,0
BRDA:252,49,1,0
BRDA:253,50,0,0
BRDA:253,50,1,0
BRDA:254,51,0,0
BRDA:254,51,1,0
BRDA:301,52,0,0
BRDA:301,52,1,0
BRDA:310,53,0,0
BRDA:310,53,1,0
BRDA:333,54,0,0
BRDA:333,54,1,0
BRDA:334,55,0,0
BRDA:334,55,1,0
BRDA:335,56,0,0
BRDA:335,56,1,0
BRDA:336,57,0,0
BRDA:336,57,1,0
BRDA:338,58,0,0
BRDA:338,58,1,0
BRDA:340,59,0,0
BRDA:340,59,1,0
BRDA:341,60,0,0
BRDA:341,60,1,0
BRDA:342,61,0,0
BRDA:342,61,1,0
BRDA:343,62,0,0
BRDA:343,62,1,0
BRDA:344,63,0,0
BRDA:344,63,1,0
BRDA:345,64,0,0
BRDA:345,64,1,0
BRDA:346,65,0,0
BRDA:346,65,1,0
BRDA:347,66,0,0
BRDA:347,66,1,0
BRDA:348,67,0,0
BRDA:348,67,1,0
BRDA:349,68,0,0
BRDA:349,68,1,0
BRDA:350,69,0,0
BRDA:350,69,1,0
BRDA:351,70,0,0
BRDA:351,70,1,0
BRDA:352,71,0,0
BRDA:352,71,1,0
BRDA:353,72,0,0
BRDA:353,72,1,0
BRDA:354,73,0,0
BRDA:354,73,1,0
BRDA:355,74,0,0
BRDA:355,74,1,0
BRDA:356,75,0,0
BRDA:356,75,1,0
BRDA:368,76,0,0
BRDA:368,76,1,0
BRDA:369,77,0,0
BRDA:369,77,1,0
BRDA:370,78,0,0
BRDA:370,78,1,0
BRDA:371,79,0,0
BRDA:371,79,1,0
BRDA:372,80,0,0
BRDA:372,80,1,0
BRDA:404,81,0,0
BRDA:404,81,1,0
BRDA:450,82,0,0
BRDA:450,82,1,0
BRDA:495,83,0,0
BRDA:495,83,1,0
BRDA:503,84,0,0
BRDA:503,84,1,0
BRDA:504,85,0,0
BRDA:504,85,1,0
BRDA:505,86,0,0
BRDA:505,86,1,0
BRDA:506,87,0,0
BRDA:506,87,1,0
BRDA:507,88,0,0
BRDA:507,88,1,0
BRDA:547,89,0,0
BRDA:547,89,1,0
BRDA:559,90,0,0
BRDA:559,90,1,0
BRDA:561,91,0,0
BRDA:561,91,1,0
BRDA:568,92,0,0
BRDA:568,92,1,0
BRDA:603,93,0,0
BRDA:603,93,1,0
BRDA:616,94,0,0
BRDA:616,94,1,0
BRDA:616,95,0,0
BRDA:616,95,1,0
BRDA:750,96,0,0
BRDA:750,96,1,0
BRF:192
BRH:0
end_of_record
TN:
SF:routes\link-items.js
FN:10,(anonymous_0)
FN:50,(anonymous_1)
FN:121,(anonymous_2)
FN:210,(anonymous_3)
FN:245,(anonymous_4)
FNF:5
FNH:5
FNDA:4,(anonymous_0)
FNDA:13,(anonymous_1)
FNDA:12,(anonymous_2)
FNDA:4,(anonymous_3)
FNDA:6,(anonymous_4)
DA:1,1
DA:2,1
DA:3,1
DA:4,1
DA:10,1
DA:11,4
DA:12,4
DA:15,4
DA:17,4
DA:18,1
DA:22,3
DA:29,3
DA:30,3
DA:31,1
DA:39,3
DA:41,0
DA:42,0
DA:50,1
DA:51,13
DA:52,13
DA:54,13
DA:57,13
DA:58,13
DA:59,2
DA:62,11
DA:63,2
DA:67,9
DA:68,1
DA:72,8
DA:73,1
DA:77,7
DA:79,7
DA:80,1
DA:84,6
DA:85,6
DA:88,6
DA:108,6
DA:110,6
DA:112,0
DA:113,0
DA:121,1
DA:122,12
DA:123,12
DA:125,12
DA:126,12
DA:129,12
DA:131,12
DA:132,1
DA:136,11
DA:138,11
DA:139,2
DA:143,9
DA:144,1
DA:145,1
DA:146,1
DA:150,8
DA:151,2
DA:154,6
DA:155,1
DA:159,5
DA:160,5
DA:162,5
DA:163,5
DA:164,5
DA:165,5
DA:166,5
DA:167,5
DA:168,5
DA:169,5
DA:170,5
DA:171,5
DA:173,5
DA:174,5
DA:176,5
DA:177,1
DA:181,4
DA:188,4
DA:191,4
DA:192,1
DA:199,4
DA:201,0
DA:202,0
DA:210,1
DA:211,4
DA:212,4
DA:214,4
DA:217,4
DA:219,4
DA:220,1
DA:224,3
DA:226,3
DA:227,2
DA:231,1
DA:233,1
DA:235,0
DA:236,0
DA:245,1
DA:246,6
DA:247,6
DA:249,6
DA:252,6
DA:253,1
DA:257,5
DA:259,5
DA:260,1
DA:264,4
DA:265,6
DA:266,2
DA:270,4
DA:272,4
DA:273,1
DA:277,3
DA:281,1
DA:287,1
DA:289,0
DA:290,0
DA:294,1
LF:117
LH:107
BRDA:17,0,0,1
BRDA:17,0,1,3
BRDA:30,1,0,1
BRDA:30,1,1,2
BRDA:58,2,0,2
BRDA:58,2,1,11
BRDA:58,3,0,13
BRDA:58,3,1,12
BRDA:62,4,0,2
BRDA:62,4,1,9
BRDA:62,5,0,11
BRDA:62,5,1,10
BRDA:67,6,0,1
BRDA:67,6,1,8
BRDA:67,7,0,9
BRDA:67,7,1,8
BRDA:72,8,0,1
BRDA:72,8,1,7
BRDA:72,9,0,8
BRDA:72,9,1,2
BRDA:72,9,2,2
BRDA:79,10,0,1
BRDA:79,10,1,6
BRDA:85,11,0,6
BRDA:85,11,1,5
BRDA:97,12,0,6
BRDA:97,12,1,1
BRDA:98,13,0,6
BRDA:98,13,1,6
BRDA:99,14,0,6
BRDA:99,14,1,6
BRDA:100,15,0,6
BRDA:100,15,1,5
BRDA:102,16,0,0
BRDA:102,16,1,6
BRDA:103,17,0,6
BRDA:103,17,1,6
BRDA:104,18,0,6
BRDA:104,18,1,6
BRDA:131,19,0,1
BRDA:131,19,1,11
BRDA:138,20,0,2
BRDA:138,20,1,9
BRDA:143,21,0,1
BRDA:143,21,1,8
BRDA:145,22,0,1
BRDA:145,22,1,0
BRDA:150,23,0,2
BRDA:150,23,1,6
BRDA:150,24,0,8
BRDA:150,24,1,5
BRDA:150,24,2,4
BRDA:154,25,0,1
BRDA:154,25,1,5
BRDA:154,26,0,6
BRDA:154,26,1,1
BRDA:162,27,0,0
BRDA:162,27,1,5
BRDA:163,28,0,3
BRDA:163,28,1,2
BRDA:164,29,0,1
BRDA:164,29,1,4
BRDA:165,30,0,0
BRDA:165,30,1,5
BRDA:166,31,0,1
BRDA:166,31,1,4
BRDA:166,32,0,0
BRDA:166,32,1,1
BRDA:167,33,0,1
BRDA:167,33,1,4
BRDA:168,34,0,0
BRDA:168,34,1,5
BRDA:169,35,0,1
BRDA:169,35,1,4
BRDA:169,36,0,1
BRDA:169,36,1,0
BRDA:170,37,0,1
BRDA:170,37,1,4
BRDA:171,38,0,1
BRDA:171,38,1,4
BRDA:176,39,0,1
BRDA:176,39,1,4
BRDA:191,40,0,1
BRDA:191,40,1,3
BRDA:219,41,0,1
BRDA:219,41,1,3
BRDA:226,42,0,2
BRDA:226,42,1,1
BRDA:252,43,0,1
BRDA:252,43,1,5
BRDA:259,44,0,1
BRDA:259,44,1,4
BRDA:265,45,0,2
BRDA:265,45,1,4
BRDA:265,46,0,6
BRDA:265,46,1,6
BRDA:272,47,0,1
BRDA:272,47,1,3
BRF:98
BRH:91
end_of_record
TN:
SF:routes\lyrics.js
FN:16,createLyricsRoutes
FN:22,(anonymous_1)
FN:56,(anonymous_2)
FN:135,(anonymous_3)
FN:179,(anonymous_4)
FN:217,(anonymous_5)
FN:266,(anonymous_6)
FN:301,(anonymous_7)
FN:333,(anonymous_8)
FNF:9
FNH:0
FNDA:0,createLyricsRoutes
FNDA:0,(anonymous_1)
FNDA:0,(anonymous_2)
FNDA:0,(anonymous_3)
FNDA:0,(anonymous_4)
FNDA:0,(anonymous_5)
FNDA:0,(anonymous_6)
FNDA:0,(anonymous_7)
FNDA:0,(anonymous_8)
DA:8,0
DA:9,0
DA:17,0
DA:22,0
DA:23,0
DA:25,0
DA:26,0
DA:33,0
DA:34,0
DA:35,0
DA:37,0
DA:56,0
DA:57,0
DA:65,0
DA:68,0
DA:69,0
DA:75,0
DA:76,0
DA:83,0
DA:84,0
DA:90,0
DA:91,0
DA:97,0
DA:99,0
DA:112,0
DA:114,0
DA:119,0
DA:120,0
DA:135,0
DA:136,0
DA:137,0
DA:139,0
DA:140,0
DA:146,0
DA:147,0
DA:153,0
DA:155,0
DA:157,0
DA:162,0
DA:163,0
DA:179,0
DA:180,0
DA:181,0
DA:183,0
DA:184,0
DA:190,0
DA:192,0
DA:194,0
DA:199,0
DA:200,0
DA:217,0
DA:218,0
DA:219,0
DA:221,0
DA:222,0
DA:228,0
DA:229,0
DA:235,0
DA:237,0
DA:244,0
DA:249,0
DA:250,0
DA:266,0
DA:267,0
DA:268,0
DA:270,0
DA:271,0
DA:277,0
DA:279,0
DA:281,0
DA:289,0
DA:290,0
DA:301,0
DA:302,0
DA:303,0
DA:305,0
DA:307,0
DA:308,0
DA:314,0
DA:321,0
DA:322,0
DA:333,0
DA:334,0
DA:345,0
DA:348,0
LF:85
LH:0
BRDA:23,0,0,0
BRDA:23,0,1,0
BRDA:25,1,0,0
BRDA:25,1,1,0
BRDA:68,2,0,0
BRDA:68,2,1,0
BRDA:68,3,0,0
BRDA:68,3,1,0
BRDA:75,4,0,0
BRDA:75,4,1,0
BRDA:75,5,0,0
BRDA:75,5,1,0
BRDA:83,6,0,0
BRDA:83,6,1,0
BRDA:90,7,0,0
BRDA:90,7,1,0
BRDA:103,8,0,0
BRDA:103,8,1,0
BRDA:104,9,0,0
BRDA:104,9,1,0
BRDA:106,10,0,0
BRDA:106,10,1,0
BRDA:107,11,0,0
BRDA:107,11,1,0
BRDA:108,12,0,0
BRDA:108,12,1,0
BRDA:139,13,0,0
BRDA:139,13,1,0
BRDA:139,14,0,0
BRDA:139,14,1,0
BRDA:146,15,0,0
BRDA:146,15,1,0
BRDA:183,16,0,0
BRDA:183,16,1,0
BRDA:183,17,0,0
BRDA:183,17,1,0
BRDA:221,18,0,0
BRDA:221,18,1,0
BRDA:221,19,0,0
BRDA:221,19,1,0
BRDA:228,20,0,0
BRDA:228,20,1,0
BRDA:228,21,0,0
BRDA:228,21,1,0
BRDA:235,22,0,0
BRDA:235,22,1,0
BRDA:240,23,0,0
BRDA:240,23,1,0
BRDA:270,24,0,0
BRDA:270,24,1,0
BRDA:270,25,0,0
BRDA:270,25,1,0
BRDA:279,26,0,0
BRDA:279,26,1,0
BRDA:307,27,0,0
BRDA:307,27,1,0
BRDA:337,28,0,0
BRDA:337,28,1,0
BRDA:338,29,0,0
BRDA:338,29,1,0
BRF:60
BRH:0
end_of_record
TN:
SF:routes\playlists.js
FN:5,createPlaylistRoutes
FN:9,(anonymous_1)
FN:29,(anonymous_2)
FN:53,(anonymous_3)
FN:93,(anonymous_4)
FN:126,(anonymous_5)
FN:143,(anonymous_6)
FN:184,(anonymous_7)
FNF:8
FNH:0
FNDA:0,createPlaylistRoutes
FNDA:0,(anonymous_1)
FNDA:0,(anonymous_2)
FNDA:0,(anonymous_3)
FNDA:0,(anonymous_4)
FNDA:0,(anonymous_5)
FNDA:0,(anonymous_6)
FNDA:0,(anonymous_7)
DA:1,0
DA:2,0
DA:3,0
DA:6,0
DA:9,0
DA:10,0
DA:11,0
DA:21,0
DA:23,0
DA:24,0
DA:29,0
DA:30,0
DA:31,0
DA:33,0
DA:34,0
DA:37,0
DA:45,0
DA:47,0
DA:48,0
DA:53,0
DA:54,0
DA:55,0
DA:57,0
DA:58,0
DA:62,0
DA:63,0
DA:64,0
DA:68,0
DA:69,0
DA:70,0
DA:71,0
DA:72,0
DA:76,0
DA:81,0
DA:83,0
DA:85,0
DA:87,0
DA:88,0
DA:93,0
DA:94,0
DA:95,0
DA:97,0
DA:100,0
DA:101,0
DA:104,0
DA:110,0
DA:117,0
DA:118,0
DA:120,0
DA:121,0
DA:126,0
DA:127,0
DA:128,0
DA:129,0
DA:131,0
DA:132,0
DA:135,0
DA:137,0
DA:138,0
DA:143,0
DA:144,0
DA:145,0
DA:147,0
DA:148,0
DA:152,0
DA:154,0
DA:155,0
DA:159,0
DA:165,0
DA:170,0
DA:172,0
DA:174,0
DA:175,0
DA:177,0
DA:178,0
DA:184,0
DA:185,0
DA:186,0
DA:191,0
DA:193,0
DA:194,0
DA:197,0
DA:199,0
DA:200,0
DA:204,0
DA:207,0
LF:86
LH:0
BRDA:33,0,0,0
BRDA:33,0,1,0
BRDA:55,1,0,0
BRDA:57,2,0,0
BRDA:57,2,1,0
BRDA:63,3,0,0
BRDA:63,3,1,0
BRDA:69,4,0,0
BRDA:69,4,1,0
BRDA:71,5,0,0
BRDA:71,5,1,0
BRDA:81,6,0,0
BRDA:81,6,1,0
BRDA:100,7,0,0
BRDA:100,7,1,0
BRDA:111,8,0,0
BRDA:111,8,1,0
BRDA:112,9,0,0
BRDA:112,9,1,0
BRDA:113,10,0,0
BRDA:113,10,1,0
BRDA:113,11,0,0
BRDA:113,11,1,0
BRDA:131,12,0,0
BRDA:131,12,1,0
BRDA:147,13,0,0
BRDA:147,13,1,0
BRDA:154,14,0,0
BRDA:154,14,1,0
BRDA:174,15,0,0
BRDA:174,15,1,0
BRDA:193,16,0,0
BRDA:193,16,1,0
BRF:33
BRH:0
end_of_record
TN:
SF:routes\profiles.js
FN:20,decryptProfileFields
FN:37,encryptProfileFields
FN:72,(anonymous_2)
FN:114,(anonymous_3)
FN:135,(anonymous_4)
FN:250,(anonymous_5)
FN:365,(anonymous_6)
FN:441,(anonymous_7)
FN:620,(anonymous_8)
FN:643,(anonymous_9)
FN:703,(anonymous_10)
FN:735,generateUsernameSuggestions
FNF:12
FNH:0
FNDA:0,decryptProfileFields
FNDA:0,encryptProfileFields
FNDA:0,(anonymous_2)
FNDA:0,(anonymous_3)
FNDA:0,(anonymous_4)
FNDA:0,(anonymous_5)
FNDA:0,(anonymous_6)
FNDA:0,(anonymous_7)
FNDA:0,(anonymous_8)
FNDA:0,(anonymous_9)
FNDA:0,(anonymous_10)
FNDA:0,generateUsernameSuggestions
DA:2,0
DA:3,0
DA:4,0
DA:5,0
DA:8,0
DA:21,0
DA:23,0
DA:24,0
DA:25,0
DA:26,0
DA:29,0
DA:38,0
DA:40,0
DA:41,0
DA:60,0
DA:61,0
DA:62,0
DA:65,0
DA:69,0
DA:72,0
DA:73,0
DA:74,0
DA:75,0
DA:78,0
DA:79,0
DA:85,0
DA:89,0
DA:90,0
DA:94,0
DA:99,0
DA:101,0
DA:108,0
DA:109,0
DA:114,0
DA:115,0
DA:116,0
DA:118,0
DA:122,0
DA:123,0
DA:127,0
DA:130,0
DA:135,0
DA:146,0
DA:151,0
DA:156,0
DA:157,0
DA:158,0
DA:164,0
DA:244,0
DA:245,0
DA:250,0
DA:251,0
DA:252,0
DA:255,0
DA:259,0
DA:260,0
DA:279,0
DA:282,0
DA:283,0
DA:289,0
DA:293,0
DA:294,0
DA:300,0
DA:325,0
DA:326,0
DA:327,0
DA:329,0
DA:359,0
DA:360,0
DA:365,0
DA:366,0
DA:367,0
DA:369,0
DA:373,0
DA:374,0
DA:438,0
DA:441,0
DA:442,0
DA:443,0
DA:445,0
DA:448,0
DA:533,0
DA:535,0
DA:537,0
DA:614,0
DA:615,0
DA:620,0
DA:621,0
DA:622,0
DA:624,0
DA:628,0
DA:629,0
DA:633,0
DA:635,0
DA:637,0
DA:638,0
DA:643,0
DA:644,0
DA:645,0
DA:647,0
DA:651,0
DA:652,0
DA:655,0
DA:657,0
DA:658,0
DA:661,0
DA:665,0
DA:667,0
DA:697,0
DA:698,0
DA:703,0
DA:704,0
DA:705,0
DA:706,0
DA:709,0
DA:710,0
DA:716,0
DA:720,0
DA:721,0
DA:727,0
DA:729,0
DA:730,0
DA:736,0
DA:737,0
DA:740,0
DA:750,0
DA:752,0
DA:753,0
DA:757,0
DA:758,0
DA:759,0
DA:763,0
DA:764,0
DA:768,0
DA:771,0
LF:135
LH:0
BRDA:21,0,0,0
BRDA:21,0,1,0
BRDA:25,1,0,0
BRDA:25,1,1,0
BRDA:38,2,0,0
BRDA:38,2,1,0
BRDA:61,3,0,0
BRDA:61,3,1,0
BRDA:61,4,0,0
BRDA:61,4,1,0
BRDA:78,5,0,0
BRDA:78,5,1,0
BRDA:78,6,0,0
BRDA:78,6,1,0
BRDA:89,7,0,0
BRDA:89,7,1,0
BRDA:99,8,0,0
BRDA:99,8,1,0
BRDA:122,9,0,0
BRDA:122,9,1,0
BRDA:157,10,0,0
BRDA:157,10,1,0
BRDA:176,11,0,0
BRDA:176,11,1,0
BRDA:214,12,0,0
BRDA:214,12,1,0
BRDA:259,13,0,0
BRDA:259,13,1,0
BRDA:282,14,0,0
BRDA:282,14,1,0
BRDA:282,15,0,0
BRDA:282,15,1,0
BRDA:293,16,0,0
BRDA:293,16,1,0
BRDA:310,17,0,0
BRDA:310,17,1,0
BRDA:311,18,0,0
BRDA:311,18,1,0
BRDA:312,19,0,0
BRDA:312,19,1,0
BRDA:313,20,0,0
BRDA:313,20,1,0
BRDA:314,21,0,0
BRDA:314,21,1,0
BRDA:315,22,0,0
BRDA:315,22,1,0
BRDA:316,23,0,0
BRDA:316,23,1,0
BRDA:317,24,0,0
BRDA:317,24,1,0
BRDA:318,25,0,0
BRDA:318,25,1,0
BRDA:319,26,0,0
BRDA:319,26,1,0
BRDA:320,27,0,0
BRDA:320,27,1,0
BRDA:321,28,0,0
BRDA:321,28,1,0
BRDA:322,29,0,0
BRDA:322,29,1,0
BRDA:341,30,0,0
BRDA:341,30,1,0
BRDA:345,31,0,0
BRDA:345,31,1,0
BRDA:373,32,0,0
BRDA:373,32,1,0
BRDA:442,33,0,0
BRDA:442,33,1,0
BRDA:443,34,0,0
BRDA:443,34,1,0
BRDA:467,35,0,0
BRDA:467,35,1,0
BRDA:468,36,0,0
BRDA:468,36,1,0
BRDA:469,37,0,0
BRDA:469,37,1,0
BRDA:470,38,0,0
BRDA:470,38,1,0
BRDA:471,39,0,0
BRDA:471,39,1,0
BRDA:472,40,0,0
BRDA:472,40,1,0
BRDA:473,41,0,0
BRDA:473,41,1,0
BRDA:474,42,0,0
BRDA:474,42,1,0
BRDA:478,43,0,0
BRDA:478,43,1,0
BRDA:479,44,0,0
BRDA:479,44,1,0
BRDA:479,45,0,0
BRDA:479,45,1,0
BRDA:479,46,0,0
BRDA:479,46,1,0
BRDA:480,47,0,0
BRDA:480,47,1,0
BRDA:480,48,0,0
BRDA:480,48,1,0
BRDA:480,49,0,0
BRDA:480,49,1,0
BRDA:481,50,0,0
BRDA:481,50,1,0
BRDA:481,51,0,0
BRDA:481,51,1,0
BRDA:481,52,0,0
BRDA:481,52,1,0
BRDA:482,53,0,0
BRDA:482,53,1,0
BRDA:482,54,0,0
BRDA:482,54,1,0
BRDA:482,55,0,0
BRDA:482,55,1,0
BRDA:485,56,0,0
BRDA:485,56,1,0
BRDA:485,57,0,0
BRDA:485,57,1,0
BRDA:485,58,0,0
BRDA:485,58,1,0
BRDA:486,59,0,0
BRDA:486,59,1,0
BRDA:486,60,0,0
BRDA:486,60,1,0
BRDA:486,61,0,0
BRDA:486,61,1,0
BRDA:494,62,0,0
BRDA:494,62,1,0
BRDA:494,63,0,0
BRDA:494,63,1,0
BRDA:494,64,0,0
BRDA:494,64,1,0
BRDA:495,65,0,0
BRDA:495,65,1,0
BRDA:495,66,0,0
BRDA:495,66,1,0
BRDA:495,67,0,0
BRDA:495,67,1,0
BRDA:496,68,0,0
BRDA:496,68,1,0
BRDA:496,69,0,0
BRDA:496,69,1,0
BRDA:496,70,0,0
BRDA:496,70,1,0
BRDA:497,71,0,0
BRDA:497,71,1,0
BRDA:497,72,0,0
BRDA:497,72,1,0
BRDA:497,73,0,0
BRDA:497,73,1,0
BRDA:498,74,0,0
BRDA:498,74,1,0
BRDA:498,75,0,0
BRDA:498,75,1,0
BRDA:498,76,0,0
BRDA:498,76,1,0
BRDA:499,77,0,0
BRDA:499,77,1,0
BRDA:499,78,0,0
BRDA:499,78,1,0
BRDA:499,79,0,0
BRDA:499,79,1,0
BRDA:507,80,0,0
BRDA:507,80,1,0
BRDA:507,81,0,0
BRDA:507,81,1,0
BRDA:507,82,0,0
BRDA:507,82,1,0
BRDA:508,83,0,0
BRDA:508,83,1,0
BRDA:508,84,0,0
BRDA:508,84,1,0
BRDA:508,85,0,0
BRDA:508,85,1,0
BRDA:509,86,0,0
BRDA:509,86,1,0
BRDA:509,87,0,0
BRDA:509,87,1,0
BRDA:509,88,0,0
BRDA:509,88,1,0
BRDA:510,89,0,0
BRDA:510,89,1,0
BRDA:510,90,0,0
BRDA:510,90,1,0
BRDA:510,91,0,0
BRDA:510,91,1,0
BRDA:511,92,0,0
BRDA:511,92,1,0
BRDA:511,93,0,0
BRDA:511,93,1,0
BRDA:511,94,0,0
BRDA:511,94,1,0
BRDA:512,95,0,0
BRDA:512,95,1,0
BRDA:512,96,0,0
BRDA:512,96,1,0
BRDA:512,97,0,0
BRDA:512,97,1,0
BRDA:513,98,0,0
BRDA:513,98,1,0
BRDA:514,99,0,0
BRDA:514,99,1,0
BRDA:515,100,0,0
BRDA:515,100,1,0
BRDA:516,101,0,0
BRDA:516,101,1,0
BRDA:517,102,0,0
BRDA:517,102,1,0
BRDA:517,103,0,0
BRDA:517,103,1,0
BRDA:518,104,0,0
BRDA:518,104,1,0
BRDA:518,105,0,0
BRDA:518,105,1,0
BRDA:520,106,0,0
BRDA:520,106,1,0
BRDA:520,107,0,0
BRDA:520,107,1,0
BRDA:520,108,0,0
BRDA:520,108,1,0
BRDA:521,109,0,0
BRDA:521,109,1,0
BRDA:521,110,0,0
BRDA:521,110,1,0
BRDA:521,111,0,0
BRDA:521,111,1,0
BRDA:522,112,0,0
BRDA:522,112,1,0
BRDA:522,113,0,0
BRDA:522,113,1,0
BRDA:522,114,0,0
BRDA:522,114,1,0
BRDA:523,115,0,0
BRDA:523,115,1,0
BRDA:523,116,0,0
BRDA:523,116,1,0
BRDA:523,117,0,0
BRDA:523,117,1,0
BRDA:524,118,0,0
BRDA:524,118,1,0
BRDA:524,119,0,0
BRDA:524,119,1,0
BRDA:524,120,0,0
BRDA:524,120,1,0
BRDA:526,121,0,0
BRDA:526,121,1,0
BRDA:527,122,0,0
BRDA:527,122,1,0
BRDA:528,123,0,0
BRDA:528,123,1,0
BRDA:529,124,0,0
BRDA:529,124,1,0
BRDA:549,125,0,0
BRDA:549,125,1,0
BRDA:587,126,0,0
BRDA:587,126,1,0
BRDA:628,127,0,0
BRDA:628,127,1,0
BRDA:651,128,0,0
BRDA:651,128,1,0
BRDA:657,129,0,0
BRDA:657,129,1,0
BRDA:663,130,0,0
BRDA:663,130,1,0
BRDA:679,131,0,0
BRDA:679,131,1,0
BRDA:683,132,0,0
BRDA:683,132,1,0
BRDA:709,133,0,0
BRDA:709,133,1,0
BRDA:709,134,0,0
BRDA:709,134,1,0
BRDA:720,135,0,0
BRDA:720,135,1,0
BRDA:752,136,0,0
BRDA:752,136,1,0
BRDA:758,137,0,0
BRDA:758,137,1,0
BRDA:763,138,0,0
BRDA:763,138,1,0
BRF:278
BRH:0
end_of_record
TN:
SF:routes\publicProfiles.js
FN:20,decryptProfileFields
FN:33,hashIP
FN:38,(anonymous_2)
FN:63,(anonymous_3)
FN:118,(anonymous_4)
FN:253,(anonymous_5)
FN:290,(anonymous_6)
FN:328,(anonymous_7)
FNF:8
FNH:0
FNDA:0,decryptProfileFields
FNDA:0,hashIP
FNDA:0,(anonymous_2)
FNDA:0,(anonymous_3)
FNDA:0,(anonymous_4)
FNDA:0,(anonymous_5)
FNDA:0,(anonymous_6)
FNDA:0,(anonymous_7)
DA:2,0
DA:3,0
DA:4,0
DA:5,0
DA:8,0
DA:21,0
DA:23,0
DA:24,0
DA:25,0
DA:26,0
DA:29,0
DA:34,0
DA:38,0
DA:39,0
DA:40,0
DA:41,0
DA:44,0
DA:48,0
DA:49,0
DA:53,0
DA:56,0
DA:63,0
DA:74,0
DA:81,0
DA:88,0
DA:89,0
DA:90,0
DA:97,0
DA:98,0
DA:99,0
DA:105,0
DA:106,0
DA:109,0
DA:110,0
DA:111,0
DA:113,0
DA:118,0
DA:121,0
DA:132,0
DA:133,0
DA:134,0
DA:136,0
DA:137,0
DA:138,0
DA:140,0
DA:141,0
DA:142,0
DA:144,0
DA:145,0
DA:146,0
DA:148,0
DA:149,0
DA:150,0
DA:154,0
DA:155,0
DA:156,0
DA:158,0
DA:159,0
DA:160,0
DA:162,0
DA:163,0
DA:164,0
DA:166,0
DA:167,0
DA:168,0
DA:170,0
DA:171,0
DA:172,0
DA:174,0
DA:175,0
DA:176,0
DA:180,0
DA:181,0
DA:182,0
DA:184,0
DA:185,0
DA:186,0
DA:188,0
DA:189,0
DA:190,0
DA:192,0
DA:193,0
DA:194,0
DA:196,0
DA:197,0
DA:198,0
DA:200,0
DA:201,0
DA:202,0
DA:206,0
DA:207,0
DA:208,0
DA:210,0
DA:211,0
DA:212,0
DA:214,0
DA:215,0
DA:216,0
DA:218,0
DA:219,0
DA:220,0
DA:222,0
DA:223,0
DA:224,0
DA:226,0
DA:227,0
DA:228,0
DA:231,0
DA:247,0
DA:248,0
DA:253,0
DA:254,0
DA:255,0
DA:256,0
DA:258,0
DA:262,0
DA:263,0
DA:267,0
DA:270,0
DA:271,0
DA:273,0
DA:276,0
DA:282,0
DA:284,0
DA:285,0
DA:290,0
DA:291,0
DA:292,0
DA:293,0
DA:295,0
DA:300,0
DA:303,0
DA:304,0
DA:305,0
DA:312,0
DA:315,0
DA:316,0
DA:318,0
DA:321,0
DA:322,0
DA:323,0
DA:325,0
DA:327,0
DA:328,0
DA:340,0
DA:341,0
DA:345,0
LF:147
LH:0
BRDA:21,0,0,0
BRDA:21,0,1,0
BRDA:25,1,0,0
BRDA:25,1,1,0
BRDA:48,2,0,0
BRDA:48,2,1,0
BRDA:89,3,0,0
BRDA:89,3,1,0
BRDA:98,4,0,0
BRDA:98,4,1,0
BRDA:109,5,0,0
BRDA:109,5,1,0
BRDA:109,6,0,0
BRDA:109,6,1,0
BRDA:118,7,0,0
BRDA:118,7,1,0
BRDA:118,7,2,0
BRDA:127,8,0,0
BRDA:127,8,1,0
BRDA:128,9,0,0
BRDA:128,9,1,0
BRDA:132,10,0,0
BRDA:132,10,1,0
BRDA:132,11,0,0
BRDA:132,11,1,0
BRDA:136,12,0,0
BRDA:136,12,1,0
BRDA:136,13,0,0
BRDA:136,13,1,0
BRDA:140,14,0,0
BRDA:140,14,1,0
BRDA:140,15,0,0
BRDA:140,15,1,0
BRDA:144,16,0,0
BRDA:144,16,1,0
BRDA:144,17,0,0
BRDA:144,17,1,0
BRDA:148,18,0,0
BRDA:148,18,1,0
BRDA:148,19,0,0
BRDA:148,19,1,0
BRDA:154,20,0,0
BRDA:154,20,1,0
BRDA:158,21,0,0
BRDA:158,21,1,0
BRDA:158,22,0,0
BRDA:158,22,1,0
BRDA:162,23,0,0
BRDA:162,23,1,0
BRDA:162,24,0,0
BRDA:162,24,1,0
BRDA:166,25,0,0
BRDA:166,25,1,0
BRDA:166,26,0,0
BRDA:166,26,1,0
BRDA:170,27,0,0
BRDA:170,27,1,0
BRDA:170,28,0,0
BRDA:170,28,1,0
BRDA:174,29,0,0
BRDA:174,29,1,0
BRDA:174,30,0,0
BRDA:174,30,1,0
BRDA:180,31,0,0
BRDA:180,31,1,0
BRDA:180,32,0,0
BRDA:180,32,1,0
BRDA:184,33,0,0
BRDA:184,33,1,0
BRDA:184,34,0,0
BRDA:184,34,1,0
BRDA:188,35,0,0
BRDA:188,35,1,0
BRDA:188,36,0,0
BRDA:188,36,1,0
BRDA:192,37,0,0
BRDA:192,37,1,0
BRDA:192,38,0,0
BRDA:192,38,1,0
BRDA:196,39,0,0
BRDA:196,39,1,0
BRDA:196,40,0,0
BRDA:196,40,1,0
BRDA:200,41,0,0
BRDA:200,41,1,0
BRDA:200,42,0,0
BRDA:200,42,1,0
BRDA:206,43,0,0
BRDA:206,43,1,0
BRDA:206,44,0,0
BRDA:206,44,1,0
BRDA:210,45,0,0
BRDA:210,45,1,0
BRDA:210,46,0,0
BRDA:210,46,1,0
BRDA:214,47,0,0
BRDA:214,47,1,0
BRDA:214,48,0,0
BRDA:214,48,1,0
BRDA:218,49,0,0
BRDA:218,49,1,0
BRDA:218,50,0,0
BRDA:218,50,1,0
BRDA:222,51,0,0
BRDA:222,51,1,0
BRDA:222,52,0,0
BRDA:222,52,1,0
BRDA:226,53,0,0
BRDA:226,53,1,0
BRDA:226,54,0,0
BRDA:226,54,1,0
BRDA:238,55,0,0
BRDA:238,55,1,0
BRDA:262,56,0,0
BRDA:262,56,1,0
BRDA:267,57,0,0
BRDA:267,57,1,0
BRDA:267,57,2,0
BRDA:270,58,0,0
BRDA:270,58,1,0
BRDA:271,59,0,0
BRDA:271,59,1,0
BRDA:272,60,0,0
BRDA:272,60,1,0
BRDA:273,61,0,0
BRDA:273,61,1,0
BRDA:273,61,2,0
BRDA:292,62,0,0
BRDA:292,63,0,0
BRDA:303,64,0,0
BRDA:303,64,1,0
BRDA:304,65,0,0
BRDA:304,65,1,0
BRDA:322,66,0,0
BRDA:322,66,1,0
BRDA:325,67,0,0
BRDA:325,67,1,0
BRDA:330,68,0,0
BRDA:330,68,1,0
BRF:139
BRH:0
end_of_record
TN:
SF:routes\qr-codes.js
FN:17,(anonymous_0)
FN:24,(anonymous_1)
FN:125,(anonymous_2)
FN:225,(anonymous_3)
FNF:4
FNH:0
FNDA:0,(anonymous_0)
FNDA:0,(anonymous_1)
FNDA:0,(anonymous_2)
FNDA:0,(anonymous_3)
DA:4,0
DA:5,0
DA:6,0
DA:7,0
DA:8,0
DA:9,0
DA:14,0
DA:17,0
DA:18,0
DA:24,0
DA:31,0
DA:32,0
DA:34,0
DA:36,0
DA:37,0
DA:40,0
DA:41,0
DA:43,0
DA:44,0
DA:49,0
DA:51,0
DA:54,0
DA:55,0
DA:59,0
DA:60,0
DA:64,0
DA:66,0
DA:68,0
DA:69,0
DA:73,0
DA:74,0
DA:75,0
DA:79,0
DA:91,0
DA:92,0
DA:94,0
DA:95,0
DA:99,0
DA:100,0
DA:104,0
DA:107,0
DA:108,0
DA:112,0
DA:113,0
DA:114,0
DA:117,0
DA:118,0
DA:125,0
DA:133,0
DA:134,0
DA:136,0
DA:138,0
DA:139,0
DA:145,0
DA:146,0
DA:147,0
DA:153,0
DA:154,0
DA:157,0
DA:158,0
DA:160,0
DA:161,0
DA:165,0
DA:166,0
DA:169,0
DA:170,0
DA:173,0
DA:185,0
DA:186,0
DA:188,0
DA:189,0
DA:193,0
DA:194,0
DA:195,0
DA:199,0
DA:201,0
DA:217,0
DA:218,0
DA:225,0
DA:226,0
DA:227,0
DA:228,0
DA:229,0
DA:231,0
DA:232,0
DA:236,0
DA:237,0
LF:87
LH:0
BRDA:26,0,0,0
BRDA:27,1,0,0
BRDA:28,2,0,0
BRDA:29,3,0,0
BRDA:30,4,0,0
BRDA:36,5,0,0
BRDA:36,5,1,0
BRDA:37,6,0,0
BRDA:37,6,1,0
BRDA:43,7,0,0
BRDA:43,7,1,0
BRDA:49,8,0,0
BRDA:49,8,1,0
BRDA:54,9,0,0
BRDA:54,9,1,0
BRDA:66,10,0,0
BRDA:66,10,1,0
BRDA:68,11,0,0
BRDA:68,11,1,0
BRDA:69,12,0,0
BRDA:69,12,1,0
BRDA:81,13,0,0
BRDA:81,13,1,0
BRDA:91,14,0,0
BRDA:91,14,1,0
BRDA:107,15,0,0
BRDA:107,15,1,0
BRDA:108,16,0,0
BRDA:108,16,1,0
BRDA:127,17,0,0
BRDA:128,18,0,0
BRDA:129,19,0,0
BRDA:130,20,0,0
BRDA:131,21,0,0
BRDA:132,22,0,0
BRDA:138,23,0,0
BRDA:138,23,1,0
BRDA:146,24,0,0
BRDA:146,24,1,0
BRDA:146,25,0,0
BRDA:146,25,1,0
BRDA:153,26,0,0
BRDA:153,26,1,0
BRDA:154,27,0,0
BRDA:154,27,1,0
BRDA:160,28,0,0
BRDA:160,28,1,0
BRDA:165,29,0,0
BRDA:165,29,1,0
BRDA:175,30,0,0
BRDA:175,30,1,0
BRDA:185,31,0,0
BRDA:185,31,1,0
BRDA:210,32,0,0
BRDA:210,32,1,0
BRF:55
BRH:0
end_of_record
TN:
SF:routes\social-links.js
FN:12,(anonymous_0)
FN:103,(anonymous_1)
FN:127,(anonymous_2)
FN:162,(anonymous_3)
FN:254,(anonymous_4)
FN:289,(anonymous_5)
FN:308,(anonymous_6)
FN:323,(anonymous_7)
FN:341,(anonymous_8)
FN:369,(anonymous_9)
FNF:10
FNH:0
FNDA:0,(anonymous_0)
FNDA:0,(anonymous_1)
FNDA:0,(anonymous_2)
FNDA:0,(anonymous_3)
FNDA:0,(anonymous_4)
FNDA:0,(anonymous_5)
FNDA:0,(anonymous_6)
FNDA:0,(anonymous_7)
FNDA:0,(anonymous_8)
FNDA:0,(anonymous_9)
DA:4,0
DA:5,0
DA:6,0
DA:7,0
DA:12,0
DA:13,0
DA:14,0
DA:16,0
DA:18,0
DA:19,0
DA:23,0
DA:24,0
DA:28,0
DA:29,0
DA:31,0
DA:32,0
DA:36,0
DA:37,0
DA:40,0
DA:42,0
DA:43,0
DA:52,0
DA:53,0
DA:54,0
DA:57,0
DA:58,0
DA:62,0
DA:68,0
DA:78,0
DA:79,0
DA:81,0
DA:95,0
DA:96,0
DA:103,0
DA:104,0
DA:106,0
DA:108,0
DA:109,0
DA:111,0
DA:112,0
DA:116,0
DA:121,0
DA:124,0
DA:125,0
DA:127,0
DA:128,0
DA:138,0
DA:139,0
DA:141,0
DA:145,0
DA:154,0
DA:155,0
DA:162,0
DA:163,0
DA:164,0
DA:165,0
DA:167,0
DA:169,0
DA:174,0
DA:176,0
DA:177,0
DA:181,0
DA:182,0
DA:183,0
DA:187,0
DA:189,0
DA:190,0
DA:198,0
DA:199,0
DA:204,0
DA:205,0
DA:209,0
DA:219,0
DA:229,0
DA:230,0
DA:232,0
DA:246,0
DA:247,0
DA:254,0
DA:255,0
DA:256,0
DA:258,0
DA:260,0
DA:265,0
DA:267,0
DA:268,0
DA:272,0
DA:273,0
DA:275,0
DA:281,0
DA:282,0
DA:289,0
DA:290,0
DA:291,0
DA:293,0
DA:295,0
DA:296,0
DA:300,0
DA:301,0
DA:303,0
DA:304,0
DA:308,0
DA:309,0
DA:314,0
DA:316,0
DA:317,0
DA:321,0
DA:323,0
DA:324,0
DA:327,0
DA:333,0
DA:334,0
DA:341,0
DA:342,0
DA:344,0
DA:345,0
DA:346,0
DA:350,0
DA:369,0
DA:371,0
DA:372,0
DA:378,0
DA:386,0
DA:387,0
DA:391,0
LF:125
LH:0
BRDA:18,0,0,0
BRDA:18,0,1,0
BRDA:18,1,0,0
BRDA:18,1,1,0
BRDA:23,2,0,0
BRDA:23,2,1,0
BRDA:31,3,0,0
BRDA:31,3,1,0
BRDA:36,4,0,0
BRDA:36,4,1,0
BRDA:42,5,0,0
BRDA:42,5,1,0
BRDA:53,6,0,0
BRDA:53,6,1,0
BRDA:53,7,0,0
BRDA:53,7,1,0
BRDA:58,8,0,0
BRDA:58,8,1,0
BRDA:70,9,0,0
BRDA:70,9,1,0
BRDA:72,10,0,0
BRDA:72,10,1,0
BRDA:73,11,0,0
BRDA:73,11,1,0
BRDA:111,12,0,0
BRDA:111,12,1,0
BRDA:138,13,0,0
BRDA:138,13,1,0
BRDA:176,14,0,0
BRDA:176,14,1,0
BRDA:182,15,0,0
BRDA:182,15,1,0
BRDA:182,16,0,0
BRDA:182,16,1,0
BRDA:189,17,0,0
BRDA:189,17,1,0
BRDA:198,18,0,0
BRDA:198,18,1,0
BRDA:204,19,0,0
BRDA:204,19,1,0
BRDA:204,20,0,0
BRDA:204,20,1,0
BRDA:220,21,0,0
BRDA:220,21,1,0
BRDA:221,22,0,0
BRDA:221,22,1,0
BRDA:222,23,0,0
BRDA:222,23,1,0
BRDA:223,24,0,0
BRDA:223,24,1,0
BRDA:223,25,0,0
BRDA:223,25,1,0
BRDA:224,26,0,0
BRDA:224,26,1,0
BRDA:267,27,0,0
BRDA:267,27,1,0
BRDA:295,28,0,0
BRDA:295,28,1,0
BRDA:295,29,0,0
BRDA:295,29,1,0
BRDA:303,30,0,0
BRDA:303,30,1,0
BRDA:316,31,0,0
BRDA:316,31,1,0
BRDA:345,32,0,0
BRDA:345,32,1,0
BRDA:345,33,0,0
BRDA:345,33,1,0
BRDA:371,34,0,0
BRDA:371,34,1,0
BRF:70
BRH:0
end_of_record
TN:
SF:routes\songs.js
FN:7,createSongRoutes
FN:11,(anonymous_1)
FN:67,(anonymous_2)
FN:99,(anonymous_3)
FN:142,(anonymous_4)
FN:164,(anonymous_5)
FN:184,(anonymous_6)
FN:203,(anonymous_7)
FN:258,(anonymous_8)
FN:382,(anonymous_9)
FN:404,(anonymous_10)
FNF:11
FNH:0
FNDA:0,createSongRoutes
FNDA:0,(anonymous_1)
FNDA:0,(anonymous_2)
FNDA:0,(anonymous_3)
FNDA:0,(anonymous_4)
FNDA:0,(anonymous_5)
FNDA:0,(anonymous_6)
FNDA:0,(anonymous_7)
FNDA:0,(anonymous_8)
FNDA:0,(anonymous_9)
FNDA:0,(anonymous_10)
DA:1,0
DA:2,0
DA:3,0
DA:4,0
DA:5,0
DA:8,0
DA:11,0
DA:12,0
DA:13,0
DA:14,0
DA:17,0
DA:33,0
DA:34,0
DA:35,0
DA:37,0
DA:38,0
DA:39,0
DA:42,0
DA:43,0
DA:44,0
DA:47,0
DA:48,0
DA:49,0
DA:52,0
DA:53,0
DA:54,0
DA:55,0
DA:58,0
DA:59,0
DA:61,0
DA:62,0
DA:67,0
DA:70,0
DA:73,0
DA:75,0
DA:83,0
DA:93,0
DA:94,0
DA:99,0
DA:100,0
DA:101,0
DA:119,0
DA:120,0
DA:125,0
DA:126,0
DA:130,0
DA:131,0
DA:136,0
DA:137,0
DA:142,0
DA:143,0
DA:144,0
DA:156,0
DA:158,0
DA:159,0
DA:164,0
DA:165,0
DA:166,0
DA:169,0
DA:171,0
DA:173,0
DA:178,0
DA:179,0
DA:184,0
DA:185,0
DA:186,0
DA:187,0
DA:189,0
DA:190,0
DA:193,0
DA:195,0
DA:196,0
DA:203,0
DA:204,0
DA:205,0
DA:206,0
DA:208,0
DA:210,0
DA:211,0
DA:215,0
DA:216,0
DA:219,0
DA:220,0
DA:222,0
DA:223,0
DA:224,0
DA:225,0
DA:227,0
DA:230,0
DA:233,0
DA:234,0
DA:239,0
DA:242,0
DA:243,0
DA:247,0
DA:251,0
DA:252,0
DA:258,0
DA:259,0
DA:260,0
DA:261,0
DA:263,0
DA:265,0
DA:266,0
DA:270,0
DA:271,0
DA:284,0
DA:285,0
DA:291,0
DA:294,0
DA:297,0
DA:298,0
DA:300,0
DA:302,0
DA:303,0
DA:304,0
DA:306,0
DA:309,0
DA:312,0
DA:313,0
DA:317,0
DA:329,0
DA:330,0
DA:335,0
DA:338,0
DA:350,0
DA:351,0
DA:355,0
DA:358,0
DA:359,0
DA:372,0
DA:373,0
DA:376,0
DA:377,0
DA:382,0
DA:383,0
DA:384,0
DA:386,0
DA:387,0
DA:391,0
DA:392,0
DA:393,0
DA:396,0
DA:404,0
DA:405,0
DA:406,0
DA:412,0
DA:414,0
DA:415,0
DA:419,0
DA:422,0
LF:151
LH:0
BRDA:13,0,0,0
BRDA:13,1,0,0
BRDA:37,2,0,0
BRDA:37,2,1,0
BRDA:42,3,0,0
BRDA:42,3,1,0
BRDA:47,4,0,0
BRDA:47,4,1,0
BRDA:52,5,0,0
BRDA:52,5,1,0
BRDA:70,6,0,0
BRDA:70,6,1,0
BRDA:119,7,0,0
BRDA:119,7,1,0
BRDA:125,8,0,0
BRDA:125,8,1,0
BRDA:169,9,0,0
BRDA:169,9,1,0
BRDA:189,10,0,0
BRDA:189,10,1,0
BRDA:210,11,0,0
BRDA:210,11,1,0
BRDA:222,12,0,0
BRDA:222,12,1,0
BRDA:224,13,0,0
BRDA:224,13,1,0
BRDA:230,14,0,0
BRDA:230,14,1,0
BRDA:233,15,0,0
BRDA:233,15,1,0
BRDA:251,16,0,0
BRDA:251,16,1,0
BRDA:265,17,0,0
BRDA:265,17,1,0
BRDA:300,18,0,0
BRDA:300,18,1,0
BRDA:303,19,0,0
BRDA:303,19,1,0
BRDA:309,20,0,0
BRDA:309,20,1,0
BRDA:312,21,0,0
BRDA:312,21,1,0
BRDA:386,22,0,0
BRDA:386,22,1,0
BRDA:392,23,0,0
BRDA:392,23,1,0
BRF:46
BRH:0
end_of_record
TN:
SF:routes\subscription.js
FN:10,createSubscriptionRoutes
FN:13,(anonymous_1)
FN:42,(anonymous_2)
FN:79,(anonymous_3)
FN:159,(anonymous_4)
FN:213,(anonymous_5)
FN:240,handleWebhook
FNF:7
FNH:0
FNDA:0,createSubscriptionRoutes
FNDA:0,(anonymous_1)
FNDA:0,(anonymous_2)
FNDA:0,(anonymous_3)
FNDA:0,(anonymous_4)
FNDA:0,(anonymous_5)
FNDA:0,handleWebhook
DA:1,0
DA:2,0
DA:3,0
DA:4,0
DA:5,0
DA:6,0
DA:7,0
DA:8,0
DA:13,0
DA:14,0
DA:15,0
DA:16,0
DA:18,0
DA:19,0
DA:20,0
DA:21,0
DA:24,0
DA:25,0
DA:27,0
DA:30,0
DA:36,0
DA:37,0
DA:42,0
DA:43,0
DA:44,0
DA:45,0
DA:48,0
DA:49,0
DA:50,0
DA:51,0
DA:52,0
DA:57,0
DA:59,0
DA:60,0
DA:62,0
DA:63,0
DA:66,0
DA:67,0
DA:70,0
DA:73,0
DA:74,0
DA:79,0
DA:80,0
DA:82,0
DA:83,0
DA:86,0
DA:87,0
DA:90,0
DA:91,0
DA:92,0
DA:95,0
DA:96,0
DA:97,0
DA:98,0
DA:101,0
DA:102,0
DA:103,0
DA:105,0
DA:106,0
DA:107,0
DA:110,0
DA:111,0
DA:123,0
DA:124,0
DA:125,0
DA:127,0
DA:134,0
DA:135,0
DA:137,0
DA:144,0
DA:149,0
DA:154,0
DA:159,0
DA:160,0
DA:162,0
DA:163,0
DA:166,0
DA:169,0
DA:179,0
DA:188,0
DA:196,0
DA:204,0
DA:211,0
DA:214,0
DA:215,0
DA:231,0
DA:232,0
DA:236,0
DA:241,0
DA:244,0
DA:247,0
LF:91
LH:0
BRDA:16,0,0,0
BRDA:16,0,1,0
BRDA:18,1,0,0
BRDA:18,1,1,0
BRDA:21,2,0,0
BRDA:21,2,1,0
BRDA:24,3,0,0
BRDA:24,3,1,0
BRDA:24,4,0,0
BRDA:24,4,1,0
BRDA:31,5,0,0
BRDA:31,5,1,0
BRDA:48,6,0,0
BRDA:48,6,1,0
BRDA:49,7,0,0
BRDA:49,7,1,0
BRDA:51,8,0,0
BRDA:51,8,1,0
BRDA:57,9,0,0
BRDA:57,9,1,0
BRDA:57,9,2,0
BRDA:57,9,3,0
BRDA:82,10,0,0
BRDA:82,10,1,0
BRDA:86,11,0,0
BRDA:86,11,1,0
BRDA:95,12,0,0
BRDA:95,12,1,0
BRDA:97,13,0,0
BRDA:97,13,1,0
BRDA:97,14,0,0
BRDA:97,14,1,0
BRDA:101,15,0,0
BRDA:101,15,1,0
BRDA:105,16,0,0
BRDA:105,16,1,0
BRDA:110,17,0,0
BRDA:110,17,1,0
BRDA:123,18,0,0
BRDA:123,18,1,0
BRDA:162,19,0,0
BRDA:162,19,1,0
BRF:42
BRH:0
end_of_record
TN:
SF:routes\themes.js
FN:12,(anonymous_0)
FN:24,(anonymous_1)
FN:38,(anonymous_2)
FN:61,(anonymous_3)
FN:83,(anonymous_4)
FN:109,(anonymous_5)
FN:185,(anonymous_6)
FN:272,(anonymous_7)
FN:321,(anonymous_8)
FNF:9
FNH:0
FNDA:0,(anonymous_0)
FNDA:0,(anonymous_1)
FNDA:0,(anonymous_2)
FNDA:0,(anonymous_3)
FNDA:0,(anonymous_4)
FNDA:0,(anonymous_5)
FNDA:0,(anonymous_6)
FNDA:0,(anonymous_7)
FNDA:0,(anonymous_8)
DA:4,0
DA:5,0
DA:6,0
DA:7,0
DA:12,0
DA:13,0
DA:15,0
DA:21,0
DA:24,0
DA:38,0
DA:39,0
DA:40,0
DA:42,0
DA:43,0
DA:46,0
DA:53,0
DA:54,0
DA:61,0
DA:62,0
DA:64,0
DA:66,0
DA:67,0
DA:69,0
DA:70,0
DA:74,0
DA:80,0
DA:83,0
DA:95,0
DA:101,0
DA:102,0
DA:109,0
DA:110,0
DA:111,0
DA:113,0
DA:115,0
DA:116,0
DA:119,0
DA:120,0
DA:126,0
DA:127,0
DA:129,0
DA:130,0
DA:134,0
DA:135,0
DA:141,0
DA:147,0
DA:158,0
DA:159,0
DA:161,0
DA:177,0
DA:178,0
DA:185,0
DA:186,0
DA:187,0
DA:188,0
DA:190,0
DA:192,0
DA:197,0
DA:199,0
DA:200,0
DA:206,0
DA:207,0
DA:209,0
DA:210,0
DA:211,0
DA:213,0
DA:214,0
DA:215,0
DA:217,0
DA:218,0
DA:219,0
DA:221,0
DA:222,0
DA:223,0
DA:225,0
DA:226,0
DA:227,0
DA:229,0
DA:230,0
DA:231,0
DA:234,0
DA:235,0
DA:239,0
DA:242,0
DA:245,0
DA:246,0
DA:248,0
DA:264,0
DA:265,0
DA:272,0
DA:273,0
DA:274,0
DA:276,0
DA:278,0
DA:283,0
DA:285,0
DA:286,0
DA:292,0
DA:295,0
DA:297,0
DA:298,0
DA:304,0
DA:305,0
DA:307,0
DA:313,0
DA:314,0
DA:321,0
DA:322,0
DA:323,0
DA:325,0
DA:327,0
DA:328,0
DA:330,0
DA:331,0
DA:335,0
DA:336,0
DA:338,0
DA:339,0
DA:343,0
DA:344,0
DA:346,0
DA:353,0
DA:354,0
DA:358,0
LF:124
LH:0
BRDA:32,0,0,0
BRDA:32,0,1,0
BRDA:33,1,0,0
BRDA:33,1,1,0
BRDA:39,2,0,0
BRDA:39,2,1,0
BRDA:69,3,0,0
BRDA:69,3,1,0
BRDA:86,4,0,0
BRDA:86,4,1,0
BRDA:115,5,0,0
BRDA:115,5,1,0
BRDA:115,6,0,0
BRDA:115,6,1,0
BRDA:119,7,0,0
BRDA:119,7,1,0
BRDA:119,8,0,0
BRDA:119,8,1,0
BRDA:119,8,2,0
BRDA:119,8,3,0
BRDA:129,9,0,0
BRDA:129,9,1,0
BRDA:134,10,0,0
BRDA:134,10,1,0
BRDA:134,11,0,0
BRDA:134,11,1,0
BRDA:134,11,2,0
BRDA:150,12,0,0
BRDA:150,12,1,0
BRDA:199,13,0,0
BRDA:199,13,1,0
BRDA:209,14,0,0
BRDA:209,14,1,0
BRDA:213,15,0,0
BRDA:213,15,1,0
BRDA:217,16,0,0
BRDA:217,16,1,0
BRDA:221,17,0,0
BRDA:221,17,1,0
BRDA:225,18,0,0
BRDA:225,18,1,0
BRDA:229,19,0,0
BRDA:229,19,1,0
BRDA:234,20,0,0
BRDA:234,20,1,0
BRDA:285,21,0,0
BRDA:285,21,1,0
BRDA:297,22,0,0
BRDA:297,22,1,0
BRDA:330,23,0,0
BRDA:330,23,1,0
BRDA:338,24,0,0
BRDA:338,24,1,0
BRF:53
BRH:0
end_of_record
TN:
SF:routes\uploads.js
FN:34,(anonymous_0)
FN:45,(anonymous_1)
FN:61,(anonymous_2)
FN:74,(anonymous_3)
FN:118,(anonymous_4)
FN:152,(anonymous_5)
FN:188,(anonymous_6)
FN:252,(anonymous_7)
FN:323,(anonymous_8)
FN:379,(anonymous_9)
FN:435,(anonymous_10)
FN:473,(anonymous_11)
FN:512,(anonymous_12)
FN:584,(anonymous_13)
FNF:14
FNH:0
FNDA:0,(anonymous_0)
FNDA:0,(anonymous_1)
FNDA:0,(anonymous_2)
FNDA:0,(anonymous_3)
FNDA:0,(anonymous_4)
FNDA:0,(anonymous_5)
FNDA:0,(anonymous_6)
FNDA:0,(anonymous_7)
FNDA:0,(anonymous_8)
FNDA:0,(anonymous_9)
FNDA:0,(anonymous_10)
FNDA:0,(anonymous_11)
FNDA:0,(anonymous_12)
FNDA:0,(anonymous_13)
DA:7,0
DA:8,0
DA:9,0
DA:10,0
DA:11,0
DA:12,0
DA:16,0
DA:17,0
DA:19,0
DA:20,0
DA:24,0
DA:27,0
DA:34,0
DA:35,0
DA:36,0
DA:45,0
DA:46,0
DA:47,0
DA:48,0
DA:50,0
DA:61,0
DA:62,0
DA:63,0
DA:64,0
DA:74,0
DA:76,0
DA:77,0
DA:81,0
DA:84,0
DA:85,0
DA:86,0
DA:90,0
DA:93,0
DA:94,0
DA:97,0
DA:98,0
DA:103,0
DA:106,0
DA:118,0
DA:119,0
DA:120,0
DA:122,0
DA:124,0
DA:127,0
DA:128,0
DA:136,0
DA:141,0
DA:142,0
DA:152,0
DA:153,0
DA:155,0
DA:158,0
DA:159,0
DA:167,0
DA:172,0
DA:173,0
DA:178,0
DA:179,0
DA:180,0
DA:188,0
DA:189,0
DA:190,0
DA:191,0
DA:194,0
DA:196,0
DA:197,0
DA:201,0
DA:204,0
DA:205,0
DA:209,0
DA:210,0
DA:211,0
DA:214,0
DA:215,0
DA:218,0
DA:219,0
DA:220,0
DA:221,0
DA:222,0
DA:223,0
DA:228,0
DA:229,0
DA:231,0
DA:233,0
DA:235,0
DA:243,0
DA:244,0
DA:252,0
DA:253,0
DA:254,0
DA:255,0
DA:258,0
DA:260,0
DA:261,0
DA:265,0
DA:268,0
DA:269,0
DA:273,0
DA:274,0
DA:275,0
DA:280,0
DA:281,0
DA:283,0
DA:284,0
DA:285,0
DA:286,0
DA:287,0
DA:288,0
DA:293,0
DA:294,0
DA:296,0
DA:299,0
DA:300,0
DA:302,0
DA:306,0
DA:314,0
DA:315,0
DA:323,0
DA:324,0
DA:325,0
DA:326,0
DA:329,0
DA:331,0
DA:332,0
DA:336,0
DA:339,0
DA:340,0
DA:344,0
DA:345,0
DA:346,0
DA:350,0
DA:351,0
DA:353,0
DA:356,0
DA:357,0
DA:359,0
DA:363,0
DA:370,0
DA:371,0
DA:379,0
DA:380,0
DA:381,0
DA:382,0
DA:385,0
DA:387,0
DA:388,0
DA:392,0
DA:395,0
DA:396,0
DA:400,0
DA:401,0
DA:402,0
DA:406,0
DA:407,0
DA:409,0
DA:412,0
DA:413,0
DA:415,0
DA:419,0
DA:426,0
DA:427,0
DA:435,0
DA:436,0
DA:437,0
DA:438,0
DA:441,0
DA:444,0
DA:446,0
DA:448,0
DA:449,0
DA:451,0
DA:452,0
DA:457,0
DA:461,0
DA:464,0
DA:465,0
DA:473,0
DA:474,0
DA:475,0
DA:476,0
DA:479,0
DA:482,0
DA:484,0
DA:486,0
DA:487,0
DA:489,0
DA:490,0
DA:495,0
DA:499,0
DA:502,0
DA:503,0
DA:512,0
DA:513,0
DA:514,0
DA:515,0
DA:518,0
DA:520,0
DA:521,0
DA:525,0
DA:528,0
DA:529,0
DA:533,0
DA:534,0
DA:535,0
DA:538,0
DA:539,0
DA:542,0
DA:543,0
DA:544,0
DA:551,0
DA:552,0
DA:554,0
DA:560,0
DA:561,0
DA:563,0
DA:565,0
DA:567,0
DA:575,0
DA:576,0
DA:584,0
DA:585,0
DA:586,0
DA:587,0
DA:590,0
DA:592,0
DA:593,0
DA:597,0
DA:598,0
DA:600,0
DA:601,0
DA:604,0
DA:607,0
DA:608,0
DA:612,0
LF:234
LH:0
BRDA:35,0,0,0
BRDA:35,0,1,0
BRDA:47,1,0,0
BRDA:47,1,1,0
BRDA:51,2,0,0
BRDA:51,2,1,0
BRDA:76,3,0,0
BRDA:76,3,1,0
BRDA:76,4,0,0
BRDA:76,4,1,0
BRDA:84,5,0,0
BRDA:84,5,1,0
BRDA:84,6,0,0
BRDA:84,6,1,0
BRDA:84,6,2,0
BRDA:97,7,0,0
BRDA:97,7,1,0
BRDA:118,8,0,0
BRDA:119,9,0,0
BRDA:119,9,1,0
BRDA:120,10,0,0
BRDA:120,10,1,0
BRDA:122,11,0,0
BRDA:122,11,1,0
BRDA:153,12,0,0
BRDA:153,12,1,0
BRDA:179,13,0,0
BRDA:179,13,1,0
BRDA:190,14,0,0
BRDA:190,14,1,0
BRDA:196,15,0,0
BRDA:196,15,1,0
BRDA:204,16,0,0
BRDA:204,16,1,0
BRDA:210,17,0,0
BRDA:210,17,1,0
BRDA:218,18,0,0
BRDA:218,18,1,0
BRDA:220,19,0,0
BRDA:220,19,1,0
BRDA:239,20,0,0
BRDA:239,20,1,0
BRDA:254,21,0,0
BRDA:254,21,1,0
BRDA:260,22,0,0
BRDA:260,22,1,0
BRDA:268,23,0,0
BRDA:268,23,1,0
BRDA:274,24,0,0
BRDA:274,24,1,0
BRDA:283,25,0,0
BRDA:283,25,1,0
BRDA:283,26,0,0
BRDA:283,26,1,0
BRDA:285,27,0,0
BRDA:285,27,1,0
BRDA:310,28,0,0
BRDA:310,28,1,0
BRDA:325,29,0,0
BRDA:325,29,1,0
BRDA:331,30,0,0
BRDA:331,30,1,0
BRDA:339,31,0,0
BRDA:339,31,1,0
BRDA:345,32,0,0
BRDA:345,32,1,0
BRDA:381,33,0,0
BRDA:381,33,1,0
BRDA:387,34,0,0
BRDA:387,34,1,0
BRDA:395,35,0,0
BRDA:395,35,1,0
BRDA:401,36,0,0
BRDA:401,36,1,0
BRDA:437,37,0,0
BRDA:437,37,1,0
BRDA:446,38,0,0
BRDA:446,38,1,0
BRDA:446,39,0,0
BRDA:446,39,1,0
BRDA:446,39,2,0
BRDA:451,40,0,0
BRDA:451,40,1,0
BRDA:451,41,0,0
BRDA:451,41,1,0
BRDA:475,42,0,0
BRDA:475,42,1,0
BRDA:484,43,0,0
BRDA:484,43,1,0
BRDA:484,44,0,0
BRDA:484,44,1,0
BRDA:484,44,2,0
BRDA:489,45,0,0
BRDA:489,45,1,0
BRDA:489,46,0,0
BRDA:489,46,1,0
BRDA:514,47,0,0
BRDA:514,47,1,0
BRDA:520,48,0,0
BRDA:520,48,1,0
BRDA:528,49,0,0
BRDA:528,49,1,0
BRDA:534,50,0,0
BRDA:534,50,1,0
BRDA:542,51,0,0
BRDA:542,51,1,0
BRDA:542,52,0,0
BRDA:542,52,1,0
BRDA:571,53,0,0
BRDA:571,53,1,0
BRDA:586,54,0,0
BRDA:586,54,1,0
BRDA:592,55,0,0
BRDA:592,55,1,0
BRDA:592,56,0,0
BRDA:592,56,1,0
BRDA:600,57,0,0
BRDA:600,57,1,0
BRDA:600,58,0,0
BRDA:600,58,1,0
BRF:120
BRH:0
end_of_record
TN:
SF:routes\vcards.js
FN:25,(anonymous_0)
FN:30,(anonymous_1)
FN:44,(anonymous_2)
FN:51,(anonymous_3)
FN:110,(anonymous_4)
FNF:5
FNH:0
FNDA:0,(anonymous_0)
FNDA:0,(anonymous_1)
FNDA:0,(anonymous_2)
FNDA:0,(anonymous_3)
FNDA:0,(anonymous_4)
DA:5,0
DA:6,0
DA:7,0
DA:8,0
DA:9,0
DA:10,0
DA:13,0
DA:27,0
DA:28,0
DA:31,0
DA:32,0
DA:33,0
DA:44,0
DA:45,0
DA:51,0
DA:52,0
DA:54,0
DA:56,0
DA:59,0
DA:61,0
DA:62,0
DA:66,0
DA:78,0
DA:81,0
DA:82,0
DA:83,0
DA:86,0
DA:89,0
DA:93,0
DA:96,0
DA:97,0
DA:98,0
DA:101,0
DA:102,0
DA:110,0
DA:111,0
DA:113,0
DA:115,0
[...]
DA:332,0
DA:339,0
DA:341,0
DA:342,0
DA:344,0
DA:345,0
DA:347,0
DA:348,0
DA:350,0
DA:351,0
DA:354,0
DA:361,0
DA:362,0
DA:365,0
DA:368,0
DA:369,0
DA:372,0
DA:373,0
DA:375,0
DA:376,0
DA:379,0
DA:381,0
DA:382,0
DA:385,0
DA:386,0
DA:388,0
DA:389,0
DA:392,0
DA:416,0
DA:417,0
DA:420,0
DA:421,0
DA:424,0
DA:425,0
DA:428,0
DA:436,0
DA:437,0
DA:438,0
DA:440,0
DA:441,0
DA:444,0
DA:448,0
DA:450,0
DA:457,0
DA:458,0
DA:459,0
DA:460,0
DA:461,0
DA:462,0
DA:464,0
DA:467,0
DA:468,0
DA:469,0
DA:472,0
DA:473,0
DA:475,0
DA:476,0
DA:477,0
DA:495,0
DA:567,0
DA:578,0
DA:579,0
DA:580,0
DA:584,0
DA:591,0
DA:592,0
DA:595,0
DA:596,0
DA:597,0
DA:598,0
DA:602,0
DA:603,0
DA:606,0
DA:607,0
DA:608,0
DA:612,0
DA:619,0
DA:620,0
DA:622,0
DA:648,0
DA:649,0
DA:650,0
DA:653,0
DA:660,0
DA:661,0
DA:663,0
DA:676,0
DA:677,0
DA:678,0
DA:681,0
DA:688,0
DA:689,0
DA:691,0
DA:715,0
DA:716,0
DA:717,0
DA:720,0
DA:727,0
DA:728,0
DA:731,0
DA:732,0
DA:733,0
DA:736,0
DA:738,0
DA:739,0
DA:740,0
DA:743,0
DA:750,0
DA:751,0
DA:752,0
DA:753,0
DA:754,0
DA:755,0
DA:757,0
DA:765,0
DA:768,0
DA:770,0
DA:771,0
DA:774,0
DA:775,0
DA:778,0
DA:781,0
LF:155
LH:0
BRDA:12,0,0,0
BRDA:12,0,1,0
BRDA:13,1,0,0
BRDA:13,1,1,0
BRDA:166,2,0,0
BRDA:166,2,1,0
BRDA:265,3,0,0
BRDA:265,3,1,0
BRDA:278,4,0,0
BRDA:279,5,0,0
BRDA:279,5,1,0
BRDA:280,6,0,0
BRDA:280,6,1,0
BRDA:281,7,0,0
BRDA:281,7,1,0
BRDA:284,8,0,0
BRDA:284,8,1,0
BRDA:299,9,0,0
BRDA:299,10,0,0
BRDA:309,11,0,0
BRDA:309,11,1,0
BRDA:309,12,0,0
BRDA:309,12,1,0
BRDA:311,13,0,0
BRDA:311,13,1,0
BRDA:311,14,0,0
BRDA:311,14,1,0
BRDA:318,15,0,0
BRDA:318,15,1,0
BRDA:339,16,0,0
BRDA:339,16,1,0
BRDA:341,17,0,0
BRDA:341,17,1,0
BRDA:341,18,0,0
BRDA:341,18,1,0
BRDA:344,19,0,0
BRDA:344,19,1,0
BRDA:344,20,0,0
BRDA:344,20,1,0
BRDA:347,21,0,0
BRDA:347,21,1,0
BRDA:347,22,0,0
BRDA:347,22,1,0
BRDA:347,22,2,0
BRDA:350,23,0,0
BRDA:350,23,1,0
BRDA:361,24,0,0
BRDA:361,24,1,0
BRDA:361,25,0,0
BRDA:361,25,1,0
BRDA:375,26,0,0
BRDA:375,26,1,0
BRDA:375,27,0,0
BRDA:375,27,1,0
BRDA:375,27,2,0
BRDA:385,28,0,0
BRDA:385,28,1,0
BRDA:386,29,0,0
BRDA:386,29,1,0
BRDA:388,30,0,0
BRDA:388,30,1,0
BRDA:416,31,0,0
BRDA:416,31,1,0
BRDA:420,32,0,0
BRDA:420,32,1,0
BRDA:424,33,0,0
BRDA:424,33,1,0
BRDA:431,34,0,0
BRDA:431,34,1,0
BRDA:440,35,0,0
BRDA:440,35,1,0
BRDA:457,36,0,0
BRDA:457,36,1,0
BRDA:458,37,0,0
BRDA:458,37,1,0
BRDA:459,38,0,0
BRDA:459,38,1,0
BRDA:460,39,0,0
BRDA:460,39,1,0
BRDA:461,40,0,0
BRDA:461,40,1,0
BRDA:462,41,0,0
BRDA:462,41,1,0
BRDA:468,42,0,0
BRDA:468,42,1,0
BRDA:469,43,0,0
BRDA:469,43,1,0
BRDA:476,44,0,0
BRDA:476,44,1,0
BRDA:484,45,0,0
BRDA:484,45,1,0
BRDA:492,46,0,0
BRDA:492,46,1,0
BRDA:500,47,0,0
BRDA:500,47,1,0
BRDA:501,48,0,0
BRDA:501,48,1,0
BRDA:503,49,0,0
BRDA:503,49,1,0
BRDA:521,50,0,0
BRDA:521,50,1,0
BRDA:522,51,0,0
BRDA:522,51,1,0
BRDA:525,52,0,0
BRDA:525,52,1,0
BRDA:544,53,0,0
BRDA:544,53,1,0
BRDA:545,54,0,0
BRDA:545,54,1,0
BRDA:545,55,0,0
BRDA:545,55,1,0
BRDA:552,56,0,0
BRDA:552,56,1,0
BRDA:552,57,0,0
BRDA:552,57,1,0
BRDA:579,58,0,0
BRDA:579,58,1,0
BRDA:591,59,0,0
BRDA:591,59,1,0
BRDA:591,60,0,0
BRDA:591,60,1,0
BRDA:597,61,0,0
BRDA:597,61,1,0
BRDA:602,62,0,0
BRDA:602,62,1,0
BRDA:602,63,0,0
BRDA:602,63,1,0
BRDA:607,64,0,0
BRDA:607,64,1,0
BRDA:607,65,0,0
BRDA:607,65,1,0
BRDA:619,66,0,0
BRDA:619,66,1,0
BRDA:660,67,0,0
BRDA:660,67,1,0
BRDA:665,68,0,0
BRDA:665,68,1,0
BRDA:688,69,0,0
BRDA:688,69,1,0
BRDA:726,70,0,0
BRDA:727,71,0,0
BRDA:727,71,1,0
BRDA:732,72,0,0
BRDA:732,72,1,0
BRDA:768,73,0,0
BRDA:768,73,1,0
BRDA:770,74,0,0
BRDA:770,74,1,0
BRDA:774,75,0,0
BRDA:774,75,1,0
BRDA:774,76,0,0
BRDA:774,76,1,0
BRF:152
BRH:0
end_of_record
TN:
SF:services\imagenService.js
FN:64,(anonymous_0)
FN:76,(anonymous_1)
FN:77,(anonymous_2)
FN:83,(anonymous_3)
FN:115,(anonymous_4)
FN:148,(anonymous_5)
FN:183,(anonymous_6)
FN:220,(anonymous_7)
FN:253,(anonymous_8)
FN:308,(anonymous_9)
FN:337,(anonymous_10)
FN:363,getImagenService
FNF:12
FNH:0
FNDA:0,(anonymous_0)
FNDA:0,(anonymous_1)
FNDA:0,(anonymous_2)
FNDA:0,(anonymous_3)
FNDA:0,(anonymous_4)
FNDA:0,(anonymous_5)
FNDA:0,(anonymous_6)
FNDA:0,(anonymous_7)
FNDA:0,(anonymous_8)
FNDA:0,(anonymous_9)
FNDA:0,(anonymous_10)
FNDA:0,getImagenService
DA:8,0
DA:9,0
DA:10,0
DA:11,0
DA:14,0
DA:17,0
DA:42,0
DA:54,0
DA:65,0
DA:66,0
DA:69,0
DA:70,0
DA:77,0
DA:86,0
DA:87,0
DA:88,0
DA:90,0
DA:93,0
DA:94,0
DA:95,0
DA:96,0
DA:99,0
DA:102,0
DA:103,0
DA:104,0
DA:109,0
DA:116,0
DA:118,0
DA:119,0
DA:121,0
DA:122,0
DA:124,0
DA:125,0
DA:127,0
DA:128,0
DA:130,0
DA:131,0
DA:134,0
DA:149,0
DA:152,0
DA:155,0
DA:156,0
DA:157,0
DA:158,0
DA:162,0
DA:163,0
DA:164,0
DA:165,0
DA:169,0
DA:170,0
DA:174,0
DA:175,0
DA:176,0
DA:180,0
DA:181,0
DA:183,0
DA:187,0
DA:189,0
DA:190,0
DA:196,0
DA:197,0
DA:201,0
DA:203,0
DA:231,0
DA:232,0
DA:233,0
DA:236,0
DA:237,0
DA:241,0
DA:242,0
DA:243,0
DA:246,0
DA:247,0
DA:250,0
DA:252,0
DA:253,0
DA:255,0
DA:262,0
DA:265,0
DA:267,0
DA:268,0
DA:269,0
DA:270,0
DA:271,0
DA:272,0
DA:282,0
DA:283,0
DA:286,0
DA:289,0
DA:296,0
DA:310,0
DA:311,0
DA:315,0
DA:316,0
DA:317,0
DA:318,0
DA:319,0
DA:322,0
DA:323,0
DA:325,0
DA:327,0
DA:338,0
DA:339,0
DA:342,0
DA:344,0
DA:350,0
DA:361,0
DA:364,0
DA:366,0
DA:367,0
DA:370,0
DA:371,0
DA:374,0
DA:377,0
LF:114
LH:0
BRDA:65,0,0,0
BRDA:65,0,1,0
BRDA:83,1,0,0
BRDA:83,2,0,0
BRDA:93,3,0,0
BRDA:93,3,1,0
BRDA:93,4,0,0
BRDA:93,4,1,0
BRDA:95,5,0,0
BRDA:95,5,1,0
BRDA:95,6,0,0
BRDA:95,6,1,0
BRDA:102,7,0,0
BRDA:102,7,1,0
BRDA:116,8,0,0
BRDA:116,8,1,0
BRDA:118,9,0,0
BRDA:118,9,1,0
BRDA:118,10,0,0
BRDA:118,10,1,0
BRDA:121,11,0,0
BRDA:121,11,1,0
BRDA:121,12,0,0
BRDA:121,12,1,0
BRDA:124,13,0,0
BRDA:124,13,1,0
BRDA:124,14,0,0
BRDA:124,14,1,0
BRDA:124,14,2,0
BRDA:127,15,0,0
BRDA:127,15,1,0
BRDA:127,16,0,0
BRDA:127,16,1,0
BRDA:130,17,0,0
BRDA:130,17,1,0
BRDA:130,18,0,0
BRDA:130,18,1,0
BRDA:155,19,0,0
BRDA:155,19,1,0
BRDA:155,20,0,0
BRDA:155,20,1,0
BRDA:157,21,0,0
BRDA:157,21,1,0
BRDA:162,22,0,0
BRDA:162,22,1,0
BRDA:162,23,0,0
BRDA:162,23,1,0
BRDA:164,24,0,0
BRDA:164,24,1,0
BRDA:169,25,0,0
BRDA:169,25,1,0
BRDA:174,26,0,0
BRDA:174,26,1,0
BRDA:175,27,0,0
BRDA:175,27,1,0
BRDA:180,28,0,0
BRDA:180,28,1,0
BRDA:180,29,0,0
BRDA:180,29,1,0
BRDA:183,30,0,0
BRDA:183,30,1,0
BRDA:187,31,0,0
BRDA:187,31,1,0
BRDA:196,32,0,0
BRDA:196,32,1,0
BRDA:196,33,0,0
BRDA:196,33,1,0
BRDA:223,34,0,0
BRDA:224,35,0,0
BRDA:225,36,0,0
BRDA:226,37,0,0
BRDA:227,38,0,0
BRDA:228,39,0,0
BRDA:232,40,0,0
BRDA:232,40,1,0
BRDA:236,41,0,0
BRDA:236,41,1,0
BRDA:236,42,0,0
BRDA:236,42,1,0
BRDA:242,43,0,0
BRDA:242,43,1,0
BRDA:246,44,0,0
BRDA:246,44,1,0
BRDA:246,45,0,0
BRDA:246,45,1,0
BRDA:267,46,0,0
BRDA:267,46,1,0
BRDA:267,47,0,0
BRDA:267,47,1,0
BRDA:269,48,0,0
BRDA:269,48,1,0
BRDA:269,49,0,0
BRDA:269,49,1,0
BRDA:271,50,0,0
BRDA:271,50,1,0
BRDA:271,51,0,0
BRDA:271,51,1,0
BRDA:282,52,0,0
BRDA:282,52,1,0
BRDA:310,53,0,0
BRDA:310,53,1,0
BRDA:315,54,0,0
BRDA:315,54,1,0
BRDA:364,55,0,0
BRDA:364,55,1,0
BRDA:366,56,0,0
BRDA:366,56,1,0
BRDA:370,57,0,0
BRDA:370,57,1,0
BRDA:370,58,0,0
BRDA:370,58,1,0
BRF:111
BRH:0
end_of_record
TN:
SF:services\musicScanner.js
FN:13,loadMusicMetadata
FN:26,extractExtendedMetadata
FN:90,findCoverImageInR2
FN:101,(anonymous_3)
FN:116,processCoverArt
FN:174,saveExtendedMetadata
FN:270,scanMusicDirectory
FN:300,(anonymous_7)
FN:306,(anonymous_8)
FN:551,getSupportedExtensions
FNF:10
FNH:0
FNDA:0,loadMusicMetadata
FNDA:0,extractExtendedMetadata
FNDA:0,findCoverImageInR2
FNDA:0,(anonymous_3)
FNDA:0,processCoverArt
FNDA:0,saveExtendedMetadata
FNDA:0,scanMusicDirectory
FNDA:0,(anonymous_7)
FNDA:0,(anonymous_8)
FNDA:0,getSupportedExtensions
DA:1,0
DA:2,0
DA:3,0
DA:4,0
DA:5,0
DA:10,0
DA:14,0
DA:15,0
DA:17,0
DA:27,0
DA:28,0
DA:30,0
DA:91,0
DA:99,0
DA:100,0
DA:101,0
DA:102,0
DA:105,0
DA:117,0
DA:120,0
DA:121,0
DA:122,0
DA:123,0
DA:124,0
DA:125,0
DA:126,0
DA:127,0
DA:129,0
DA:130,0
DA:132,0
DA:134,0
DA:139,0
DA:140,0
DA:141,0
DA:142,0
DA:144,0
DA:145,0
DA:146,0
DA:147,0
DA:149,0
DA:150,0
DA:151,0
DA:152,0
DA:153,0
DA:155,0
DA:156,0
DA:158,0
DA:160,0
DA:165,0
DA:175,0
DA:176,0
DA:203,0
DA:223,0
DA:224,0
DA:225,0
DA:226,0
DA:227,0
DA:228,0
DA:229,0
DA:230,0
DA:232,0
DA:236,0
DA:239,0
DA:240,0
DA:256,0
DA:271,0
DA:273,0
DA:276,0
DA:277,0
DA:280,0
DA:281,0
DA:282,0
DA:285,0
DA:286,0
DA:287,0
DA:288,0
DA:289,0
DA:291,0
DA:293,0
DA:295,0
DA:298,0
DA:300,0
DA:301,0
DA:302,0
DA:306,0
DA:307,0
DA:308,0
DA:312,0
DA:313,0
DA:314,0
DA:315,0
DA:316,0
DA:319,0
DA:322,0
DA:325,0
DA:326,0
DA:327,0
DA:328,0
DA:329,0
DA:330,0
DA:331,0
DA:334,0
DA:335,0
DA:338,0
DA:339,0
DA:340,0
DA:342,0
DA:346,0
DA:347,0
DA:348,0
DA:351,0
DA:352,0
DA:369,0
DA:370,0
DA:375,0
DA:376,0
DA:377,0
DA:378,0
DA:379,0
DA:382,0
DA:397,0
DA:398,0
DA:404,0
DA:405,0
DA:418,0
DA:419,0
DA:422,0
DA:424,0
DA:428,0
DA:429,0
DA:432,0
DA:433,0
DA:450,0
DA:451,0
DA:456,0
DA:468,0
DA:479,0
DA:482,0
DA:483,0
DA:499,0
DA:500,0
DA:505,0
DA:506,0
DA:509,0
DA:510,0
DA:511,0
DA:513,0
DA:517,0
DA:518,0
DA:523,0
DA:524,0
DA:527,0
DA:528,0
DA:529,0
DA:531,0
DA:532,0
DA:533,0
DA:534,0
DA:537,0
DA:552,0
DA:555,0
LF:161
LH:0
BRDA:14,0,0,0
BRDA:14,0,1,0
BRDA:26,1,0,0
BRDA:27,2,0,0
BRDA:27,2,1,0
BRDA:28,3,0,0
BRDA:28,3,1,0
BRDA:32,4,0,0
BRDA:32,4,1,0
BRDA:33,5,0,0
BRDA:33,5,1,0
BRDA:34,6,0,0
BRDA:34,6,1,0
BRDA:35,7,0,0
BRDA:35,7,1,0
BRDA:36,8,0,0
BRDA:36,8,1,0
BRDA:39,9,0,0
BRDA:39,9,1,0
BRDA:40,10,0,0
BRDA:40,10,1,0
BRDA:41,11,0,0
BRDA:41,11,1,0
BRDA:42,12,0,0
BRDA:42,12,1,0
BRDA:45,13,0,0
BRDA:45,13,1,0
BRDA:48,14,0,0
BRDA:48,14,1,0
BRDA:49,15,0,0
BRDA:49,15,1,0
BRDA:49,16,0,0
BRDA:49,16,1,0
BRDA:50,17,0,0
BRDA:50,17,1,0
BRDA:50,18,0,0
BRDA:50,18,1,0
BRDA:51,19,0,0
BRDA:51,19,1,0
BRDA:52,20,0,0
BRDA:52,20,1,0
BRDA:53,21,0,0
BRDA:53,21,1,0
BRDA:53,22,0,0
BRDA:53,22,1,0
BRDA:56,23,0,0
BRDA:56,23,1,0
BRDA:56,24,0,0
BRDA:56,24,1,0
BRDA:60,25,0,0
BRDA:60,25,1,0
BRDA:61,26,0,0
BRDA:61,26,1,0
BRDA:61,27,0,0
BRDA:61,27,1,0
BRDA:64,28,0,0
BRDA:64,28,1,0
BRDA:65,29,0,0
BRDA:65,29,1,0
BRDA:65,30,0,0
BRDA:65,30,1,0
BRDA:68,31,0,0
BRDA:68,31,1,0
BRDA:69,32,0,0
BRDA:69,32,1,0
BRDA:70,33,0,0
BRDA:70,33,1,0
BRDA:71,34,0,0
BRDA:71,34,1,0
BRDA:72,35,0,0
BRDA:72,35,1,0
BRDA:78,36,0,0
BRDA:78,36,1,0
BRDA:79,37,0,0
BRDA:79,37,1,0
BRDA:79,38,0,0
BRDA:79,38,1,0
BRDA:101,39,0,0
BRDA:101,39,1,0
BRDA:120,40,0,0
BRDA:120,40,1,0
BRDA:120,41,0,0
BRDA:120,41,1,0
BRDA:125,42,0,0
BRDA:125,42,1,0
BRDA:129,43,0,0
BRDA:129,43,1,0
BRDA:139,44,0,0
BRDA:139,44,1,0
BRDA:139,45,0,0
BRDA:139,45,1,0
BRDA:141,46,0,0
BRDA:141,46,1,0
BRDA:151,47,0,0
BRDA:151,47,1,0
BRDA:155,48,0,0
BRDA:155,48,1,0
BRDA:205,49,0,0
BRDA:205,49,1,0
BRDA:206,50,0,0
BRDA:206,50,1,0
BRDA:207,51,0,0
BRDA:207,51,1,0
BRDA:208,52,0,0
BRDA:208,52,1,0
BRDA:209,53,0,0
BRDA:209,53,1,0
BRDA:210,54,0,0
BRDA:210,54,1,0
BRDA:211,55,0,0
BRDA:211,55,1,0
BRDA:212,56,0,0
BRDA:212,56,1,0
BRDA:213,57,0,0
BRDA:213,57,1,0
BRDA:214,58,0,0
BRDA:214,58,1,0
BRDA:215,59,0,0
BRDA:215,59,1,0
BRDA:216,60,0,0
BRDA:216,60,1,0
BRDA:217,61,0,0
BRDA:217,61,1,0
BRDA:218,62,0,0
BRDA:218,62,1,0
BRDA:224,63,0,0
BRDA:224,63,1,0
BRDA:225,64,0,0
BRDA:225,64,1,0
BRDA:227,65,0,0
BRDA:227,65,1,0
BRDA:229,66,0,0
BRDA:229,66,1,0
BRDA:239,67,0,0
BRDA:239,67,1,0
BRDA:244,68,0,0
BRDA:244,68,1,0
BRDA:245,69,0,0
BRDA:245,69,1,0
BRDA:270,70,0,0
BRDA:271,71,0,0
BRDA:271,72,0,0
BRDA:276,73,0,0
BRDA:276,73,1,0
BRDA:281,74,0,0
BRDA:281,74,1,0
BRDA:315,75,0,0
BRDA:315,75,1,0
BRDA:327,76,0,0
BRDA:327,76,1,0
BRDA:331,77,0,0
BRDA:331,77,1,0
BRDA:375,78,0,0
BRDA:375,78,1,0
BRDA:376,79,0,0
BRDA:376,79,1,0
BRDA:377,80,0,0
BRDA:377,80,1,0
BRDA:378,81,0,0
BRDA:378,81,1,0
BRDA:379,82,0,0
BRDA:379,82,1,0
BRDA:428,83,0,0
BRDA:428,83,1,0
BRDA:505,84,0,0
BRDA:505,84,1,0
BRDA:505,85,0,0
BRDA:505,85,1,0
BRDA:505,85,2,0
BRDA:510,86,0,0
BRDA:510,86,1,0
BRDA:532,87,0,0
BRDA:532,87,1,0
BRDA:533,88,0,0
BRDA:533,88,1,0
BRDA:543,89,0,0
BRDA:543,89,1,0
BRF:177
BRH:0
end_of_record
TN:
SF:services\phonePeService.js
FN:18,createPhonePeOrder
FN:68,verifyPhonePePayment
FNF:2
FNH:0
FNDA:0,createPhonePeOrder
FNDA:0,verifyPhonePePayment
DA:1,0
DA:2,0
DA:4,0
DA:5,0
DA:6,0
DA:7,0
DA:9,0
DA:13,0
DA:19,0
DA:21,0
DA:35,0
DA:36,0
DA:38,0
DA:39,0
DA:48,0
DA:49,0
DA:54,0
DA:57,0
DA:58,0
DA:69,0
DA:70,0
DA:73,0
DA:74,0
DA:78,0
DA:79,0
DA:91,0
DA:95,0
DA:96,0
DA:99,0
DA:100,0
DA:104,0
DA:105,0
DA:108,0
DA:112,0
DA:113,0
DA:114,0
DA:115,0
DA:116,0
DA:117,0
DA:120,0
DA:122,0
DA:124,0
DA:125,0
DA:126,0
DA:128,0
DA:129,0
DA:132,0
DA:133,0
DA:138,0
LF:49
LH:0
BRDA:6,0,0,0
BRDA:6,0,1,0
BRDA:7,1,0,0
BRDA:7,1,1,0
BRDA:9,2,0,0
BRDA:9,2,1,0
BRDA:13,3,0,0
BRDA:13,3,1,0
BRDA:13,3,2,0
BRDA:28,4,0,0
BRDA:28,4,1,0
BRDA:48,5,0,0
BRDA:48,5,1,0
BRDA:54,6,0,0
BRDA:54,6,1,0
BRDA:57,7,0,0
BRDA:57,7,1,0
BRDA:69,8,0,0
BRDA:69,8,1,0
BRDA:69,9,0,0
BRDA:69,9,1,0
BRDA:69,9,2,0
BRDA:95,10,0,0
BRDA:95,10,1,0
BRDA:95,11,0,0
BRDA:95,11,1,0
BRDA:99,12,0,0
BRDA:99,12,1,0
BRDA:104,13,0,0
BRDA:104,13,1,0
BRDA:112,14,0,0
BRDA:112,14,1,0
BRDA:114,15,0,0
BRDA:114,15,1,0
BRDA:116,16,0,0
BRDA:116,16,1,0
BRDA:122,17,0,0
BRDA:122,17,1,0
BRDA:125,18,0,0
BRDA:125,18,1,0
BRDA:126,19,0,0
BRDA:126,19,1,0
BRF:42
BRH:0
end_of_record
TN:
SF:services\r2Service.js
FN:17,listObjects
FN:63,getObjectUrl
FN:102,getObjectStream
FN:154,headObject
FN:195,objectExists
FN:209,listObjectsByAlbum
FN:221,(anonymous_6)
FNF:7
FNH:0
FNDA:0,listObjects
FNDA:0,getObjectUrl
FNDA:0,getObjectStream
FNDA:0,headObject
FNDA:0,objectExists
FNDA:0,listObjectsByAlbum
FNDA:0,(anonymous_6)
DA:1,0
DA:2,0
DA:3,0
DA:4,0
DA:18,0
DA:19,0
DA:22,0
DA:23,0
DA:24,0
DA:26,0
DA:27,0
DA:34,0
DA:36,0
DA:37,0
DA:38,0
DA:47,0
DA:50,0
DA:52,0
DA:53,0
DA:64,0
DA:65,0
DA:68,0
DA:69,0
DA:73,0
DA:75,0
DA:77,0
DA:82,0
DA:83,0
DA:86,0
DA:88,0
DA:89,0
DA:93,0
DA:103,0
DA:104,0
DA:107,0
DA:108,0
DA:112,0
DA:114,0
DA:115,0
DA:120,0
DA:122,0
DA:123,0
DA:129,0
DA:130,0
DA:131,0
DA:133,0
DA:134,0
DA:137,0
DA:138,0
DA:139,0
DA:141,0
DA:144,0
DA:145,0
DA:155,0
DA:156,0
DA:159,0
DA:160,0
DA:164,0
DA:166,0
DA:167,0
DA:172,0
DA:174,0
DA:182,0
DA:183,0
DA:185,0
DA:186,0
DA:196,0
DA:197,0
DA:198,0
DA:200,0
DA:210,0
DA:211,0
DA:213,0
DA:215,0
DA:216,0
DA:221,0
DA:224,0
DA:225,0
DA:226,0
DA:229,0
DA:230,0
DA:232,0
DA:234,0
DA:235,0
DA:236,0
DA:238,0
DA:241,0
DA:242,0
DA:245,0
DA:252,0
DA:255,0
LF:91
LH:0
BRDA:17,0,0,0
BRDA:17,1,0,0
BRDA:18,2,0,0
BRDA:18,2,1,0
BRDA:36,3,0,0
BRDA:36,3,1,0
BRDA:63,4,0,0
BRDA:64,5,0,0
BRDA:64,5,1,0
BRDA:68,6,0,0
BRDA:68,6,1,0
BRDA:73,7,0,0
BRDA:73,7,1,0
BRDA:75,8,0,0
BRDA:75,8,1,0
BRDA:103,9,0,0
BRDA:103,9,1,0
BRDA:107,10,0,0
BRDA:107,10,1,0
BRDA:112,11,0,0
BRDA:112,11,1,0
BRDA:122,12,0,0
BRDA:122,12,1,0
BRDA:129,13,0,0
BRDA:129,13,1,0
BRDA:131,14,0,0
BRDA:131,14,1,0
BRDA:155,15,0,0
BRDA:155,15,1,0
BRDA:159,16,0,0
BRDA:159,16,1,0
BRDA:164,17,0,0
BRDA:164,17,1,0
BRDA:179,18,0,0
BRDA:179,18,1,0
BRDA:182,19,0,0
BRDA:182,19,1,0
BRDA:182,20,0,0
BRDA:182,20,1,0
BRDA:209,21,0,0
BRDA:215,22,0,0
BRDA:215,22,1,0
BRDA:225,23,0,0
BRDA:225,23,1,0
BRDA:232,24,0,0
BRDA:232,24,1,0
BRDA:236,25,0,0
BRDA:236,25,1,0
BRDA:241,26,0,0
BRDA:241,26,1,0
BRF:50
BRH:0
end_of_record
TN:
SF:services\rupeePaymentsService.js
FN:13,createRupeePaymentsOrder
FN:40,verifyRupeePaymentsPayment
FN:61,getRupeePaymentsStatus
FNF:3
FNH:0
FNDA:0,createRupeePaymentsOrder
FNDA:0,verifyRupeePaymentsPayment
FNDA:0,getRupeePaymentsStatus
DA:2,0
DA:4,0
DA:5,0
DA:6,0
DA:14,0
DA:23,0
DA:26,0
DA:42,0
DA:52,0
DA:62,0
DA:72,0
LF:11
LH:0
BRDA:6,0,0,0
BRDA:6,0,1,0
BRDA:6,0,2,0
BRF:3
BRH:0
end_of_record
TN:
SF:services\usernameRedirectService.js
FNF:0
FNH:0
DA:1,0
LF:1
LH:0
BRF:0
BRH:0
end_of_record
TN:
SF:services\vCardGenerator.js
FN:54,generateVCard
FN:206,escapeVCardValue
FN:222,getVCardFilename
FN:233,generateQRVCard
FNF:4
FNH:4
FNDA:38,generateVCard
FNDA:536,escapeVCardValue
FNDA:4,getVCardFilename
FNDA:12,generateQRVCard
DA:55,38
DA:58,38
DA:59,38
DA:63,38
DA:64,38
DA:65,38
DA:69,38
DA:70,38
DA:71,38
DA:74,38
DA:75,37
DA:79,38
DA:80,38
DA:81,37
DA:86,38
DA:87,38
DA:88,37
DA:92,38
DA:93,38
DA:94,1
DA:98,38
DA:99,38
DA:100,37
DA:104,38
DA:105,38
DA:106,1
DA:110,38
DA:111,38
DA:112,38
DA:113,38
DA:114,38
DA:115,38
DA:117,38
DA:118,38
DA:120,3
DA:121,3
DA:122,3
DA:123,3
DA:124,3
DA:125,3
DA:126,3
DA:127,3
DA:129,3
DA:130,3
DA:135,38
DA:136,38
DA:137,38
DA:138,38
DA:139,38
DA:140,38
DA:142,38
DA:143,38
DA:145,2
DA:146,2
DA:147,2
DA:148,2
DA:149,2
DA:150,2
DA:151,2
DA:152,2
DA:154,2
DA:155,2
DA:160,38
DA:161,38
DA:162,37
DA:166,38
DA:167,37
DA:171,38
DA:172,37
DA:176,38
DA:177,38
DA:180,38
DA:181,2
DA:182,3
DA:183,3
DA:184,3
DA:190,38
DA:191,37
DA:192,37
DA:196,38
DA:198,38
DA:207,536
DA:209,524
DA:223,4
DA:224,4
DA:234,12
DA:236,12
DA:237,12
DA:240,12
DA:241,12
DA:242,12
DA:246,12
DA:247,12
DA:248,12
DA:251,12
DA:252,11
DA:258,12
DA:259,12
DA:261,12
DA:262,10
DA:263,2
DA:264,2
DA:268,12
DA:269,12
DA:271,12
DA:272,11
DA:273,1
DA:274,1
DA:278,12
DA:279,12
DA:281,12
DA:283,12
DA:286,1
LF:113
LH:113
BRDA:54,0,0,36
BRDA:63,1,0,38
BRDA:63,1,1,1
BRDA:63,2,0,1
BRDA:63,2,1,0
BRDA:63,3,0,1
BRDA:63,3,1,0
BRDA:64,4,0,38
BRDA:64,4,1,0
BRDA:69,5,0,38
BRDA:69,5,1,0
BRDA:70,6,0,38
BRDA:70,6,1,0
BRDA:74,7,0,37
BRDA:74,7,1,1
BRDA:79,8,0,38
BRDA:79,8,1,37
BRDA:80,9,0,37
BRDA:80,9,1,1
BRDA:86,10,0,37
BRDA:86,10,1,1
BRDA:87,11,0,37
BRDA:87,11,1,1
BRDA:87,12,0,38
BRDA:87,12,1,38
BRDA:92,13,0,37
BRDA:92,13,1,1
BRDA:93,14,0,1
BRDA:93,14,1,37
BRDA:93,15,0,38
BRDA:93,15,1,2
BRDA:98,16,0,37
BRDA:98,16,1,1
BRDA:99,17,0,37
BRDA:99,17,1,1
BRDA:99,18,0,38
BRDA:99,18,1,38
BRDA:104,19,0,37
BRDA:104,19,1,1
BRDA:105,20,0,1
BRDA:105,20,1,37
BRDA:105,21,0,38
BRDA:105,21,1,2
BRDA:110,22,0,38
BRDA:110,22,1,0
BRDA:111,23,0,38
BRDA:111,23,1,0
BRDA:112,24,0,37
BRDA:112,24,1,1
BRDA:113,25,0,38
BRDA:113,25,1,0
BRDA:114,26,0,38
BRDA:114,26,1,0
BRDA:115,27,0,38
BRDA:115,27,1,0
BRDA:117,28,0,38
BRDA:117,28,1,35
BRDA:117,28,2,35
BRDA:117,28,3,35
BRDA:117,28,4,35
BRDA:118,29,0,3
BRDA:118,29,1,35
BRDA:121,30,0,3
BRDA:121,30,1,0
BRDA:121,31,0,3
BRDA:121,31,1,3
BRDA:122,32,0,1
BRDA:122,32,1,2
BRDA:122,33,0,3
BRDA:122,33,1,3
BRDA:124,34,0,2
BRDA:124,34,1,1
BRDA:124,35,0,2
BRDA:124,35,1,0
BRDA:125,36,0,3
BRDA:125,36,1,0
BRDA:125,37,0,3
BRDA:125,37,1,1
BRDA:126,38,0,3
BRDA:126,38,1,0
BRDA:126,39,0,3
BRDA:126,39,1,1
BRDA:127,40,0,3
BRDA:127,40,1,0
BRDA:127,41,0,3
BRDA:127,41,1,2
BRDA:129,42,0,3
BRDA:129,42,1,0
BRDA:129,43,0,3
BRDA:129,43,1,0
BRDA:129,43,2,0
BRDA:129,43,3,0
BRDA:129,43,4,0
BRDA:135,44,0,37
BRDA:135,44,1,1
BRDA:136,45,0,38
BRDA:136,45,1,0
BRDA:137,46,0,38
BRDA:137,46,1,0
BRDA:138,47,0,38
BRDA:138,47,1,0
BRDA:139,48,0,38
BRDA:139,48,1,0
BRDA:140,49,0,38
BRDA:140,49,1,0
BRDA:142,50,0,38
BRDA:142,50,1,36
BRDA:142,50,2,36
BRDA:142,50,3,36
BRDA:142,50,4,36
BRDA:143,51,0,2
BRDA:143,51,1,36
BRDA:146,52,0,1
BRDA:146,52,1,1
BRDA:146,53,0,2
BRDA:146,53,1,1
BRDA:147,54,0,0
BRDA:147,54,1,2
BRDA:147,55,0,2
BRDA:147,55,1,2
BRDA:149,56,0,2
BRDA:149,56,1,0
BRDA:149,57,0,2
BRDA:149,57,1,0
BRDA:150,58,0,2
BRDA:150,58,1,0
BRDA:150,59,0,2
BRDA:150,59,1,1
BRDA:151,60,0,2
BRDA:151,60,1,0
BRDA:151,61,0,2
BRDA:151,61,1,1
BRDA:152,62,0,2
BRDA:152,62,1,0
BRDA:152,63,0,2
BRDA:152,63,1,1
BRDA:154,64,0,2
BRDA:154,64,1,0
BRDA:154,65,0,2
BRDA:154,65,1,1
BRDA:154,65,2,0
BRDA:154,65,3,0
BRDA:154,65,4,0
BRDA:160,66,0,37
BRDA:160,66,1,1
BRDA:161,67,0,37
BRDA:161,67,1,1
BRDA:161,68,0,38
BRDA:161,68,1,38
BRDA:166,69,0,37
BRDA:166,69,1,1
BRDA:171,70,0,37
BRDA:171,70,1,1
BRDA:176,71,0,38
BRDA:176,71,1,38
BRDA:180,72,0,2
BRDA:180,72,1,36
BRDA:180,73,0,38
BRDA:180,73,1,38
BRDA:182,74,0,3
BRDA:182,74,1,0
BRDA:183,75,0,3
BRDA:183,75,1,1
BRDA:190,76,0,37
BRDA:190,76,1,1
BRDA:207,77,0,12
BRDA:207,77,1,524
BRDA:240,78,0,12
BRDA:240,78,1,0
BRDA:240,79,0,0
BRDA:240,79,1,0
BRDA:240,80,0,0
BRDA:240,80,1,0
BRDA:241,81,0,12
BRDA:241,81,1,0
BRDA:246,82,0,12
BRDA:246,82,1,0
BRDA:247,83,0,12
BRDA:247,83,1,0
BRDA:251,84,0,11
BRDA:251,84,1,1
BRDA:251,85,0,12
BRDA:251,85,1,12
BRDA:258,86,0,11
BRDA:258,86,1,1
BRDA:259,87,0,12
BRDA:259,87,1,0
BRDA:261,88,0,10
BRDA:261,88,1,2
BRDA:261,89,0,12
BRDA:261,89,1,11
BRDA:263,90,0,2
BRDA:263,90,1,0
BRDA:263,91,0,2
BRDA:263,91,1,2
BRDA:268,92,0,11
BRDA:268,92,1,1
BRDA:269,93,0,12
BRDA:269,93,1,0
BRDA:271,94,0,11
BRDA:271,94,1,1
BRDA:271,95,0,12
BRDA:271,95,1,12
BRDA:273,96,0,1
BRDA:273,96,1,0
BRDA:273,97,0,1
BRDA:273,97,1,1
BRDA:278,98,0,12
BRDA:278,98,1,12
BRF:209
BRH:161
end_of_record
